[0.188s] Invoking command in 'C:\Users\coenc\Documents\GitHub\Infrastructuur\build\send_node': c:\opt\ros\foxy\x64\Scripts\cmake.EXE C:\Users\coenc\Documents\GitHub\Infrastructuur\src\send_node -DCMAKE_INSTALL_PREFIX=C:\Users\coenc\Documents\GitHub\Infrastructuur\install\send_node
[0.359s] -- Selecting Windows SDK version 10.0.19041.0 to target Windows 10.0.22000.
[0.391s] -- Found ament_cmake: 0.9.9 (C:/opt/ros/foxy/x64/share/ament_cmake/cmake)
[0.484s] -- Using PYTHON_EXECUTABLE: C:/opt/ros/foxy/x64/python.exe
[1.172s] -- Found ament_lint_auto: 0.9.6 (C:/opt/ros/foxy/x64/share/ament_lint_auto/cmake)
[1.422s] -- Added test 'copyright' to check source files copyright and LICENSE
[1.422s] -- Added test 'cppcheck' to perform static code analysis on C / C++ code
[1.422s] -- Configured cppcheck include dirs: 
[1.438s] -- Configured cppcheck exclude dirs and/or files: 
[1.438s] -- Added test 'cpplint' to check C / C++ code against the Google style
[1.438s] -- Configured cpplint exclude dirs and/or files: 
[1.453s] -- Added test 'lint_cmake' to check CMake code style
[1.453s] -- Added test 'uncrustify' to check C / C++ code style
[1.453s] -- Configured uncrustify additional arguments: 
[1.469s] -- Added test 'xmllint' to check XML markup files
[1.578s] -- Configuring done
[1.859s] -- Generating done
[1.891s] -- Build files have been written to: C:/Users/coenc/Documents/GitHub/Infrastructuur/build/send_node
[1.906s] Invoked command in 'C:\Users\coenc\Documents\GitHub\Infrastructuur\build\send_node' returned '0': c:\opt\ros\foxy\x64\Scripts\cmake.EXE C:\Users\coenc\Documents\GitHub\Infrastructuur\src\send_node -DCMAKE_INSTALL_PREFIX=C:\Users\coenc\Documents\GitHub\Infrastructuur\install\send_node
[1.922s] Invoking command in 'C:\Users\coenc\Documents\GitHub\Infrastructuur\build\send_node': CL=/MP c:\opt\ros\foxy\x64\Scripts\cmake.EXE --build C:\Users\coenc\Documents\GitHub\Infrastructuur\build\send_node --config Release
[2.203s] Microsoft (R) Build Engine version 16.11.2+f32259642 for .NET Framework
[2.203s] Copyright (C) Microsoft Corporation. All rights reserved.
[2.203s] 
