[0.125s] Invoking command in 'C:\Users\coenc\Documents\GitHub\Infrastructuur\build\receive_node': c:\opt\ros\foxy\x64\Scripts\cmake.EXE C:\Users\coenc\Documents\GitHub\Infrastructuur\src\receive_node -DCMAKE_INSTALL_PREFIX=C:\Users\coenc\Documents\GitHub\Infrastructuur\install\receive_node
[0.218s] -- Selecting Windows SDK version 10.0.19041.0 to target Windows 10.0.22000.
[0.250s] -- Found ament_cmake: 0.9.9 (C:/opt/ros/foxy/x64/share/ament_cmake/cmake)
[0.296s] -- Using PYTHON_EXECUTABLE: C:/opt/ros/foxy/x64/python.exe
[0.656s] -- Found rclcpp: 2.4.0 (C:/opt/ros/foxy/x64/share/rclcpp/cmake)
[0.718s] -- Using all available rosidl_typesupport_c: rosidl_typesupport_fastrtps_c;rosidl_typesupport_introspection_c
[0.718s] -- Found rosidl_adapter: 1.2.1 (C:/opt/ros/foxy/x64/share/rosidl_adapter/cmake)
[1.343s] -- Using all available rosidl_typesupport_cpp: rosidl_typesupport_fastrtps_cpp;rosidl_typesupport_introspection_cpp
[1.453s] -- Found rmw_implementation_cmake: 1.0.3 (C:/opt/ros/foxy/x64/share/rmw_implementation_cmake/cmake)
[1.468s] -- Using RMW implementation 'rmw_fastrtps_cpp' as default
[1.671s] CMake Error at CMakeLists.txt:37 (add_executable):
[1.671s]   The target name "src/main.cpp" is reserved or not valid for certain CMake
[1.671s]   features, such as generator expressions, and may result in undefined
[1.671s]   behavior.
[1.671s] 
[1.671s] 
[1.671s] CMake Error at C:/opt/ros/foxy/x64/share/ament_cmake_target_dependencies/cmake/ament_target_dependencies.cmake:42 (message):
[1.671s]   ament_target_dependencies() the first argument must be a valid target name
[1.671s] Call Stack (most recent call first):
[1.671s]   CMakeLists.txt:38 (ament_target_dependencies)
[1.671s] 
[1.671s] 
[1.671s] -- Configuring incomplete, errors occurred!
[1.687s] See also "C:/Users/coenc/Documents/GitHub/Infrastructuur/build/receive_node/CMakeFiles/CMakeOutput.log".
[1.687s] See also "C:/Users/coenc/Documents/GitHub/Infrastructuur/build/receive_node/CMakeFiles/CMakeError.log".
[1.687s] Invoked command in 'C:\Users\coenc\Documents\GitHub\Infrastructuur\build\receive_node' returned '1': c:\opt\ros\foxy\x64\Scripts\cmake.EXE C:\Users\coenc\Documents\GitHub\Infrastructuur\src\receive_node -DCMAKE_INSTALL_PREFIX=C:\Users\coenc\Documents\GitHub\Infrastructuur\install\receive_node
