[0.469s] [34mcolcon[0m [1;30mDEBUG[0m [32mCommand line arguments: ['c:\\opt\\ros\\foxy\\x64\\Scripts\\colcon', 'build'][0m
[0.469s] [34mcolcon[0m [1;30mDEBUG[0m [32mParsed command line arguments: Namespace(ament_cmake_args=None, base_paths=['.'], build_base='build', catkin_cmake_args=None, catkin_skip_building_tests=False, cmake_args=None, cmake_clean_cache=False, cmake_clean_first=False, cmake_force_configure=False, cmake_target=None, cmake_target_skip_unavailable=False, continue_on_error=False, event_handlers=None, executor='parallel', ignore_user_meta=False, install_base='install', log_base=None, log_level=None, main=<bound method BuildVerb.main of <colcon_core.verb.build.BuildVerb object at 0x000001ECD48D8340>>, merge_install=False, metas=['./colcon.meta'], packages_above=None, packages_above_and_dependencies=None, packages_above_depth=None, packages_end=None, packages_ignore=None, packages_ignore_regex=None, packages_select=None, packages_select_build_failed=False, packages_select_by_dep=None, packages_select_regex=None, packages_select_test_failures=False, packages_skip=None, packages_skip_build_finished=False, packages_skip_by_dep=None, packages_skip_regex=None, packages_skip_test_passed=False, packages_skip_up_to=None, packages_start=None, packages_up_to=None, packages_up_to_regex=None, parallel_workers=8, paths=None, symlink_install=False, test_result_base=None, verb_extension=<colcon_core.verb.build.BuildVerb object at 0x000001ECD48D8340>, verb_name='build', verb_parser=<colcon_defaults.argument_parser.defaults.DefaultArgumentsDecorator object at 0x000001ECD48D87F0>)[0m
[0.500s] [34mcolcon.colcon_core.package_discovery[0m [1;30mLevel 1[0m discover_packages(colcon_meta) check parameters
[0.500s] [34mcolcon.colcon_core.package_discovery[0m [1;30mLevel 1[0m discover_packages(recursive) check parameters
[0.500s] [34mcolcon.colcon_core.package_discovery[0m [1;30mLevel 1[0m discover_packages(ignore) check parameters
[0.500s] [34mcolcon.colcon_core.package_discovery[0m [1;30mLevel 1[0m discover_packages(path) check parameters
[0.500s] [34mcolcon.colcon_core.package_discovery[0m [1;30mLevel 1[0m discover_packages(colcon_meta) discover
[0.500s] [34mcolcon.colcon_core.package_discovery[0m [1;30mLevel 1[0m discover_packages(recursive) discover
[0.500s] [34mcolcon.colcon_core.package_discovery[0m [1;30mINFO[0m Crawling recursively for packages in 'C:\Users\coenc\Documents\GitHub\Infrastructuur'
[0.500s] [34mcolcon.colcon_core.package_identification[0m [1;30mLevel 1[0m _identify(.) by extensions ['ignore', 'ignore_ament_install']
[0.500s] [34mcolcon.colcon_core.package_identification[0m [1;30mLevel 1[0m _identify(.) by extension 'ignore'
[0.500s] [34mcolcon.colcon_core.package_identification[0m [1;30mLevel 1[0m _identify(.) by extension 'ignore_ament_install'
[0.500s] [34mcolcon.colcon_core.package_identification[0m [1;30mLevel 1[0m _identify(.) by extensions ['colcon_pkg']
[0.500s] [34mcolcon.colcon_core.package_identification[0m [1;30mLevel 1[0m _identify(.) by extension 'colcon_pkg'
[0.500s] [34mcolcon.colcon_core.package_identification[0m [1;30mLevel 1[0m _identify(.) by extensions ['colcon_meta']
[0.500s] [34mcolcon.colcon_core.package_identification[0m [1;30mLevel 1[0m _identify(.) by extension 'colcon_meta'
[0.500s] [34mcolcon.colcon_core.package_identification[0m [1;30mLevel 1[0m _identify(.) by extensions ['ros']
[0.500s] [34mcolcon.colcon_core.package_identification[0m [1;30mLevel 1[0m _identify(.) by extension 'ros'
[0.516s] [34mcolcon.colcon_core.package_identification[0m [1;30mLevel 1[0m _identify(.) by extensions ['cmake', 'python']
[0.516s] [34mcolcon.colcon_core.package_identification[0m [1;30mLevel 1[0m _identify(.) by extension 'cmake'
[0.516s] [34mcolcon.colcon_core.package_identification[0m [1;30mLevel 1[0m _identify(.) by extension 'python'
[0.516s] [34mcolcon.colcon_core.package_identification[0m [1;30mLevel 1[0m _identify(.) by extensions ['python_setup_py']
[0.516s] [34mcolcon.colcon_core.package_identification[0m [1;30mLevel 1[0m _identify(.) by extension 'python_setup_py'
[0.516s] [34mcolcon.colcon_core.package_identification[0m [1;30mLevel 1[0m _identify(build) by extensions ['ignore', 'ignore_ament_install']
[0.516s] [34mcolcon.colcon_core.package_identification[0m [1;30mLevel 1[0m _identify(build) by extension 'ignore'
[0.516s] [34mcolcon.colcon_core.package_identification[0m [1;30mLevel 1[0m _identify(build) ignored
[0.516s] [34mcolcon.colcon_core.package_identification[0m [1;30mLevel 1[0m _identify(install) by extensions ['ignore', 'ignore_ament_install']
[0.516s] [34mcolcon.colcon_core.package_identification[0m [1;30mLevel 1[0m _identify(install) by extension 'ignore'
[0.516s] [34mcolcon.colcon_core.package_identification[0m [1;30mLevel 1[0m _identify(install) ignored
[0.516s] [34mcolcon.colcon_core.package_identification[0m [1;30mLevel 1[0m _identify(log) by extensions ['ignore', 'ignore_ament_install']
[0.516s] [34mcolcon.colcon_core.package_identification[0m [1;30mLevel 1[0m _identify(log) by extension 'ignore'
[0.516s] [34mcolcon.colcon_core.package_identification[0m [1;30mLevel 1[0m _identify(log) ignored
[0.516s] [34mcolcon.colcon_core.package_identification[0m [1;30mLevel 1[0m _identify(src) by extensions ['ignore', 'ignore_ament_install']
[0.516s] [34mcolcon.colcon_core.package_identification[0m [1;30mLevel 1[0m _identify(src) by extension 'ignore'
[0.516s] [34mcolcon.colcon_core.package_identification[0m [1;30mLevel 1[0m _identify(src) by extension 'ignore_ament_install'
[0.516s] [34mcolcon.colcon_core.package_identification[0m [1;30mLevel 1[0m _identify(src) by extensions ['colcon_pkg']
[0.516s] [34mcolcon.colcon_core.package_identification[0m [1;30mLevel 1[0m _identify(src) by extension 'colcon_pkg'
[0.516s] [34mcolcon.colcon_core.package_identification[0m [1;30mLevel 1[0m _identify(src) by extensions ['colcon_meta']
[0.516s] [34mcolcon.colcon_core.package_identification[0m [1;30mLevel 1[0m _identify(src) by extension 'colcon_meta'
[0.516s] [34mcolcon.colcon_core.package_identification[0m [1;30mLevel 1[0m _identify(src) by extensions ['ros']
[0.516s] [34mcolcon.colcon_core.package_identification[0m [1;30mLevel 1[0m _identify(src) by extension 'ros'
[0.516s] [34mcolcon.colcon_core.package_identification[0m [1;30mLevel 1[0m _identify(src) by extensions ['cmake', 'python']
[0.516s] [34mcolcon.colcon_core.package_identification[0m [1;30mLevel 1[0m _identify(src) by extension 'cmake'
[0.516s] [34mcolcon.colcon_core.package_identification[0m [1;30mLevel 1[0m _identify(src) by extension 'python'
[0.516s] [34mcolcon.colcon_core.package_identification[0m [1;30mLevel 1[0m _identify(src) by extensions ['python_setup_py']
[0.516s] [34mcolcon.colcon_core.package_identification[0m [1;30mLevel 1[0m _identify(src) by extension 'python_setup_py'
[0.516s] [34mcolcon.colcon_core.package_identification[0m [1;30mLevel 1[0m _identify(src\receive_node) by extensions ['ignore', 'ignore_ament_install']
[0.516s] [34mcolcon.colcon_core.package_identification[0m [1;30mLevel 1[0m _identify(src\receive_node) by extension 'ignore'
[0.516s] [34mcolcon.colcon_core.package_identification[0m [1;30mLevel 1[0m _identify(src\receive_node) by extension 'ignore_ament_install'
[0.516s] [34mcolcon.colcon_core.package_identification[0m [1;30mLevel 1[0m _identify(src\receive_node) by extensions ['colcon_pkg']
[0.516s] [34mcolcon.colcon_core.package_identification[0m [1;30mLevel 1[0m _identify(src\receive_node) by extension 'colcon_pkg'
[0.516s] [34mcolcon.colcon_core.package_identification[0m [1;30mLevel 1[0m _identify(src\receive_node) by extensions ['colcon_meta']
[0.516s] [34mcolcon.colcon_core.package_identification[0m [1;30mLevel 1[0m _identify(src\receive_node) by extension 'colcon_meta'
[0.516s] [34mcolcon.colcon_core.package_identification[0m [1;30mLevel 1[0m _identify(src\receive_node) by extensions ['ros']
[0.516s] [34mcolcon.colcon_core.package_identification[0m [1;30mLevel 1[0m _identify(src\receive_node) by extension 'ros'
[0.531s] [34mcolcon.colcon_core.package_identification[0m [1;30mDEBUG[0m [32mPackage 'src\receive_node' with type 'ros.ament_cmake' and name 'receive_node'[0m
[0.531s] [34mcolcon.colcon_core.package_identification[0m [1;30mLevel 1[0m _identify(src\send_node) by extensions ['ignore', 'ignore_ament_install']
[0.531s] [34mcolcon.colcon_core.package_identification[0m [1;30mLevel 1[0m _identify(src\send_node) by extension 'ignore'
[0.531s] [34mcolcon.colcon_core.package_identification[0m [1;30mLevel 1[0m _identify(src\send_node) by extension 'ignore_ament_install'
[0.531s] [34mcolcon.colcon_core.package_identification[0m [1;30mLevel 1[0m _identify(src\send_node) by extensions ['colcon_pkg']
[0.531s] [34mcolcon.colcon_core.package_identification[0m [1;30mLevel 1[0m _identify(src\send_node) by extension 'colcon_pkg'
[0.531s] [34mcolcon.colcon_core.package_identification[0m [1;30mLevel 1[0m _identify(src\send_node) by extensions ['colcon_meta']
[0.531s] [34mcolcon.colcon_core.package_identification[0m [1;30mLevel 1[0m _identify(src\send_node) by extension 'colcon_meta'
[0.531s] [34mcolcon.colcon_core.package_identification[0m [1;30mLevel 1[0m _identify(src\send_node) by extensions ['ros']
[0.531s] [34mcolcon.colcon_core.package_identification[0m [1;30mLevel 1[0m _identify(src\send_node) by extension 'ros'
[0.531s] [34mcolcon.colcon_core.package_identification[0m [1;30mDEBUG[0m [32mPackage 'src\send_node' with type 'ros.ament_cmake' and name 'send_node'[0m
[0.531s] [34mcolcon.colcon_core.package_identification[0m [1;30mLevel 1[0m _identify(src\server_node) by extensions ['ignore', 'ignore_ament_install']
[0.531s] [34mcolcon.colcon_core.package_identification[0m [1;30mLevel 1[0m _identify(src\server_node) by extension 'ignore'
[0.531s] [34mcolcon.colcon_core.package_identification[0m [1;30mLevel 1[0m _identify(src\server_node) by extension 'ignore_ament_install'
[0.531s] [34mcolcon.colcon_core.package_identification[0m [1;30mLevel 1[0m _identify(src\server_node) by extensions ['colcon_pkg']
[0.531s] [34mcolcon.colcon_core.package_identification[0m [1;30mLevel 1[0m _identify(src\server_node) by extension 'colcon_pkg'
[0.531s] [34mcolcon.colcon_core.package_identification[0m [1;30mLevel 1[0m _identify(src\server_node) by extensions ['colcon_meta']
[0.531s] [34mcolcon.colcon_core.package_identification[0m [1;30mLevel 1[0m _identify(src\server_node) by extension 'colcon_meta'
[0.531s] [34mcolcon.colcon_core.package_identification[0m [1;30mLevel 1[0m _identify(src\server_node) by extensions ['ros']
[0.531s] [34mcolcon.colcon_core.package_identification[0m [1;30mLevel 1[0m _identify(src\server_node) by extension 'ros'
[0.531s] [34mcolcon.colcon_core.package_identification[0m [1;30mDEBUG[0m [32mPackage 'src\server_node' with type 'ros.ament_cmake' and name 'server_node'[0m
[0.531s] [34mcolcon.colcon_core.package_discovery[0m [1;30mLevel 1[0m discover_packages(recursive) using defaults
[0.531s] [34mcolcon.colcon_core.package_discovery[0m [1;30mLevel 1[0m discover_packages(ignore) discover
[0.531s] [34mcolcon.colcon_core.package_discovery[0m [1;30mLevel 1[0m discover_packages(ignore) using defaults
[0.531s] [34mcolcon.colcon_core.package_discovery[0m [1;30mLevel 1[0m discover_packages(path) discover
[0.531s] [34mcolcon.colcon_core.package_discovery[0m [1;30mLevel 1[0m discover_packages(path) using defaults
[0.563s] [34mcolcon.colcon_core.verb[0m [1;30mLevel 5[0m set package 'receive_node' build argument 'cmake_args' from command line to 'None'
[0.563s] [34mcolcon.colcon_core.verb[0m [1;30mLevel 5[0m set package 'receive_node' build argument 'cmake_target' from command line to 'None'
[0.563s] [34mcolcon.colcon_core.verb[0m [1;30mLevel 5[0m set package 'receive_node' build argument 'cmake_target_skip_unavailable' from command line to 'False'
[0.563s] [34mcolcon.colcon_core.verb[0m [1;30mLevel 5[0m set package 'receive_node' build argument 'cmake_clean_cache' from command line to 'False'
[0.563s] [34mcolcon.colcon_core.verb[0m [1;30mLevel 5[0m set package 'receive_node' build argument 'cmake_clean_first' from command line to 'False'
[0.563s] [34mcolcon.colcon_core.verb[0m [1;30mLevel 5[0m set package 'receive_node' build argument 'cmake_force_configure' from command line to 'False'
[0.563s] [34mcolcon.colcon_core.verb[0m [1;30mLevel 5[0m set package 'receive_node' build argument 'ament_cmake_args' from command line to 'None'
[0.563s] [34mcolcon.colcon_core.verb[0m [1;30mLevel 5[0m set package 'receive_node' build argument 'catkin_cmake_args' from command line to 'None'
[0.563s] [34mcolcon.colcon_core.verb[0m [1;30mLevel 5[0m set package 'receive_node' build argument 'catkin_skip_building_tests' from command line to 'False'
[0.563s] [34mcolcon.colcon_core.verb[0m [1;30mDEBUG[0m [32mBuilding package 'receive_node' with the following arguments: {'ament_cmake_args': None, 'build_base': 'C:\\Users\\coenc\\Documents\\GitHub\\Infrastructuur\\build\\receive_node', 'catkin_cmake_args': None, 'catkin_skip_building_tests': False, 'cmake_args': None, 'cmake_clean_cache': False, 'cmake_clean_first': False, 'cmake_force_configure': False, 'cmake_target': None, 'cmake_target_skip_unavailable': False, 'install_base': 'C:\\Users\\coenc\\Documents\\GitHub\\Infrastructuur\\install\\receive_node', 'merge_install': False, 'path': 'C:\\Users\\coenc\\Documents\\GitHub\\Infrastructuur\\src\\receive_node', 'symlink_install': False, 'test_result_base': None}[0m
[0.563s] [34mcolcon.colcon_core.verb[0m [1;30mLevel 5[0m set package 'send_node' build argument 'cmake_args' from command line to 'None'
[0.563s] [34mcolcon.colcon_core.verb[0m [1;30mLevel 5[0m set package 'send_node' build argument 'cmake_target' from command line to 'None'
[0.563s] [34mcolcon.colcon_core.verb[0m [1;30mLevel 5[0m set package 'send_node' build argument 'cmake_target_skip_unavailable' from command line to 'False'
[0.563s] [34mcolcon.colcon_core.verb[0m [1;30mLevel 5[0m set package 'send_node' build argument 'cmake_clean_cache' from command line to 'False'
[0.563s] [34mcolcon.colcon_core.verb[0m [1;30mLevel 5[0m set package 'send_node' build argument 'cmake_clean_first' from command line to 'False'
[0.563s] [34mcolcon.colcon_core.verb[0m [1;30mLevel 5[0m set package 'send_node' build argument 'cmake_force_configure' from command line to 'False'
[0.563s] [34mcolcon.colcon_core.verb[0m [1;30mLevel 5[0m set package 'send_node' build argument 'ament_cmake_args' from command line to 'None'
[0.563s] [34mcolcon.colcon_core.verb[0m [1;30mLevel 5[0m set package 'send_node' build argument 'catkin_cmake_args' from command line to 'None'
[0.563s] [34mcolcon.colcon_core.verb[0m [1;30mLevel 5[0m set package 'send_node' build argument 'catkin_skip_building_tests' from command line to 'False'
[0.563s] [34mcolcon.colcon_core.verb[0m [1;30mDEBUG[0m [32mBuilding package 'send_node' with the following arguments: {'ament_cmake_args': None, 'build_base': 'C:\\Users\\coenc\\Documents\\GitHub\\Infrastructuur\\build\\send_node', 'catkin_cmake_args': None, 'catkin_skip_building_tests': False, 'cmake_args': None, 'cmake_clean_cache': False, 'cmake_clean_first': False, 'cmake_force_configure': False, 'cmake_target': None, 'cmake_target_skip_unavailable': False, 'install_base': 'C:\\Users\\coenc\\Documents\\GitHub\\Infrastructuur\\install\\send_node', 'merge_install': False, 'path': 'C:\\Users\\coenc\\Documents\\GitHub\\Infrastructuur\\src\\send_node', 'symlink_install': False, 'test_result_base': None}[0m
[0.578s] [34mcolcon.colcon_core.verb[0m [1;30mLevel 5[0m set package 'server_node' build argument 'cmake_args' from command line to 'None'
[0.578s] [34mcolcon.colcon_core.verb[0m [1;30mLevel 5[0m set package 'server_node' build argument 'cmake_target' from command line to 'None'
[0.578s] [34mcolcon.colcon_core.verb[0m [1;30mLevel 5[0m set package 'server_node' build argument 'cmake_target_skip_unavailable' from command line to 'False'
[0.578s] [34mcolcon.colcon_core.verb[0m [1;30mLevel 5[0m set package 'server_node' build argument 'cmake_clean_cache' from command line to 'False'
[0.578s] [34mcolcon.colcon_core.verb[0m [1;30mLevel 5[0m set package 'server_node' build argument 'cmake_clean_first' from command line to 'False'
[0.578s] [34mcolcon.colcon_core.verb[0m [1;30mLevel 5[0m set package 'server_node' build argument 'cmake_force_configure' from command line to 'False'
[0.578s] [34mcolcon.colcon_core.verb[0m [1;30mLevel 5[0m set package 'server_node' build argument 'ament_cmake_args' from command line to 'None'
[0.578s] [34mcolcon.colcon_core.verb[0m [1;30mLevel 5[0m set package 'server_node' build argument 'catkin_cmake_args' from command line to 'None'
[0.578s] [34mcolcon.colcon_core.verb[0m [1;30mLevel 5[0m set package 'server_node' build argument 'catkin_skip_building_tests' from command line to 'False'
[0.578s] [34mcolcon.colcon_core.verb[0m [1;30mDEBUG[0m [32mBuilding package 'server_node' with the following arguments: {'ament_cmake_args': None, 'build_base': 'C:\\Users\\coenc\\Documents\\GitHub\\Infrastructuur\\build\\server_node', 'catkin_cmake_args': None, 'catkin_skip_building_tests': False, 'cmake_args': None, 'cmake_clean_cache': False, 'cmake_clean_first': False, 'cmake_force_configure': False, 'cmake_target': None, 'cmake_target_skip_unavailable': False, 'install_base': 'C:\\Users\\coenc\\Documents\\GitHub\\Infrastructuur\\install\\server_node', 'merge_install': False, 'path': 'C:\\Users\\coenc\\Documents\\GitHub\\Infrastructuur\\src\\server_node', 'symlink_install': False, 'test_result_base': None}[0m
[0.578s] [34mcolcon.colcon_core.executor[0m [1;30mINFO[0m Executing jobs using 'parallel' executor
[0.594s] [34mcolcon.colcon_parallel_executor.executor.parallel[0m [1;30mDEBUG[0m [32mrun_until_complete[0m
[0.594s] [34mcolcon.colcon_ros.task.ament_cmake.build[0m [1;30mINFO[0m Building ROS package in 'C:\Users\coenc\Documents\GitHub\Infrastructuur\src\receive_node' with build type 'ament_cmake'
[0.594s] [34mcolcon.colcon_cmake.task.cmake.build[0m [1;30mINFO[0m Building CMake package in 'C:\Users\coenc\Documents\GitHub\Infrastructuur\src\receive_node'
[0.594s] [34mcolcon.colcon_core.plugin_system[0m [1;30mINFO[0m Skipping extension 'colcon_core.shell.sh': Not used on Windows systems
[0.594s] [34mcolcon.colcon_core.shell[0m [1;30mINFO[0m Skip shell extension 'powershell' for command environment: Not usable outside of PowerShell
[0.609s] [34mcolcon.colcon_ros.prefix_path.catkin[0m [1;30mWARNING[0m [33mThe path 'C:\opt\ros\foxy\x64\tools\vcpkg\installed\x64-windows' in the environment variable CMAKE_PREFIX_PATH doesn't exist[0m
[0.641s] [34mcolcon.colcon_ros.task.ament_cmake.build[0m [1;30mINFO[0m Building ROS package in 'C:\Users\coenc\Documents\GitHub\Infrastructuur\src\send_node' with build type 'ament_cmake'
[0.641s] [34mcolcon.colcon_cmake.task.cmake.build[0m [1;30mINFO[0m Building CMake package in 'C:\Users\coenc\Documents\GitHub\Infrastructuur\src\send_node'
[0.641s] [34mcolcon.colcon_core.shell[0m [1;30mINFO[0m Skip shell extension 'powershell' for command environment: Not usable outside of PowerShell
[0.672s] [34mcolcon.colcon_ros.task.ament_cmake.build[0m [1;30mINFO[0m Building ROS package in 'C:\Users\coenc\Documents\GitHub\Infrastructuur\src\server_node' with build type 'ament_cmake'
[0.672s] [34mcolcon.colcon_cmake.task.cmake.build[0m [1;30mINFO[0m Building CMake package in 'C:\Users\coenc\Documents\GitHub\Infrastructuur\src\server_node'
[0.672s] [34mcolcon.colcon_core.shell[0m [1;30mINFO[0m Skip shell extension 'powershell' for command environment: Not usable outside of PowerShell
[0.719s] [34mcolcon.colcon_core.event_handler.log_command[0m [1;30mDEBUG[0m [32mInvoking command in 'C:\Users\coenc\Documents\GitHub\Infrastructuur\build\receive_node': c:\opt\ros\foxy\x64\Scripts\cmake.EXE C:\Users\coenc\Documents\GitHub\Infrastructuur\src\receive_node -DCMAKE_INSTALL_PREFIX=C:\Users\coenc\Documents\GitHub\Infrastructuur\install\receive_node -G Visual Studio 16 2019[0m
[0.766s] [34mcolcon.colcon_core.event_handler.log_command[0m [1;30mDEBUG[0m [32mInvoking command in 'C:\Users\coenc\Documents\GitHub\Infrastructuur\build\send_node': c:\opt\ros\foxy\x64\Scripts\cmake.EXE C:\Users\coenc\Documents\GitHub\Infrastructuur\src\send_node -DCMAKE_INSTALL_PREFIX=C:\Users\coenc\Documents\GitHub\Infrastructuur\install\send_node -G Visual Studio 16 2019[0m
[0.766s] [34mcolcon.colcon_core.event_handler.log_command[0m [1;30mDEBUG[0m [32mInvoking command in 'C:\Users\coenc\Documents\GitHub\Infrastructuur\build\server_node': c:\opt\ros\foxy\x64\Scripts\cmake.EXE C:\Users\coenc\Documents\GitHub\Infrastructuur\src\server_node -DCMAKE_INSTALL_PREFIX=C:\Users\coenc\Documents\GitHub\Infrastructuur\install\server_node -G Visual Studio 16 2019[0m
[11.630s] [34mcolcon.colcon_core.event_handler.log_command[0m [1;30mDEBUG[0m [32mInvoked command in 'C:\Users\coenc\Documents\GitHub\Infrastructuur\build\server_node' returned '1': c:\opt\ros\foxy\x64\Scripts\cmake.EXE C:\Users\coenc\Documents\GitHub\Infrastructuur\src\server_node -DCMAKE_INSTALL_PREFIX=C:\Users\coenc\Documents\GitHub\Infrastructuur\install\server_node -G Visual Studio 16 2019[0m
[11.646s] [34mcolcon.colcon_core.environment[0m [1;30mLevel 1[0m create_environment_scripts_only(server_node)
[11.693s] [34mcolcon.colcon_core.environment[0m [1;30mLevel 1[0m checking 'C:\Users\coenc\Documents\GitHub\Infrastructuur\install\server_node' for CMake module files
[11.693s] [34mcolcon.colcon_core.environment[0m [1;30mLevel 1[0m checking 'C:\Users\coenc\Documents\GitHub\Infrastructuur\install\server_node' for CMake config files
[11.693s] [34mcolcon.colcon_core.environment[0m [1;30mLevel 1[0m checking 'C:\Users\coenc\Documents\GitHub\Infrastructuur\install\server_node\bin'
[11.693s] [34mcolcon.colcon_core.environment[0m [1;30mLevel 1[0m checking 'C:\Users\coenc\Documents\GitHub\Infrastructuur\install\server_node\bin'
[11.693s] [34mcolcon.colcon_core.environment[0m [1;30mLevel 1[0m checking 'C:\Users\coenc\Documents\GitHub\Infrastructuur\install\server_node\Scripts'
[11.693s] [34mcolcon.colcon_core.environment[0m [1;30mLevel 1[0m checking 'C:\Users\coenc\Documents\GitHub\Infrastructuur\install\server_node\lib\pkgconfig\server_node.pc'
[11.693s] [34mcolcon.colcon_core.environment[0m [1;30mLevel 1[0m checking 'C:\Users\coenc\Documents\GitHub\Infrastructuur\install\server_node\Lib\site-packages'
[11.708s] [34mcolcon.colcon_core.shell[0m [1;30mINFO[0m Creating package script 'C:\Users\coenc\Documents\GitHub\Infrastructuur\install\server_node\share\server_node\package.ps1'
[11.717s] [34mcolcon.colcon_core.shell[0m [1;30mINFO[0m Creating package script 'C:\Users\coenc\Documents\GitHub\Infrastructuur\install\server_node\share\server_node\package.bat'
[11.722s] [34mcolcon.colcon_core.shell[0m [1;30mINFO[0m Creating package descriptor 'C:\Users\coenc\Documents\GitHub\Infrastructuur\install\server_node\share\server_node\package.dsv'
[11.725s] [34mcolcon.colcon_core.environment[0m [1;30mLevel 1[0m create_file_with_runtime_dependencies(C:\Users\coenc\Documents\GitHub\Infrastructuur\install\server_node\share\colcon-core\packages\server_node)
[11.740s] [34mcolcon.colcon_parallel_executor.executor.parallel[0m [1;30mDEBUG[0m [32mrun_until_complete finished with '1'[0m
[11.740s] [34mcolcon.colcon_core.event_reactor[0m [1;30mDEBUG[0m [32mjoining thread[0m
[11.749s] [34mcolcon.colcon_core.plugin_system[0m [1;30mINFO[0m Skipping extension 'colcon_notification.desktop_notification.notify2': 'notify2' not found
[11.749s] [34mcolcon.colcon_core.plugin_system[0m [1;30mINFO[0m Skipping extension 'colcon_notification.desktop_notification.notify_send': Not used on non-Linux systems
[11.749s] [34mcolcon.colcon_core.plugin_system[0m [1;30mINFO[0m Skipping extension 'colcon_notification.desktop_notification.terminal_notifier': Not used on non-Darwin systems
[11.749s] [34mcolcon.colcon_notification.desktop_notification[0m [1;30mINFO[0m Sending desktop notification using 'win32'
[16.783s] [34mcolcon.colcon_core.event_reactor[0m [1;30mDEBUG[0m [32mjoined thread[0m
[16.799s] [34mcolcon.colcon_core.shell[0m [1;30mINFO[0m Creating prefix script 'C:\Users\coenc\Documents\GitHub\Infrastructuur\install\local_setup.ps1'
[16.799s] [34mcolcon.colcon_core.shell[0m [1;30mINFO[0m Creating prefix util module 'C:\Users\coenc\Documents\GitHub\Infrastructuur\install\_local_setup_util_ps1.py'
[16.799s] [34mcolcon.colcon_core.shell[0m [1;30mINFO[0m Creating prefix chain script 'C:\Users\coenc\Documents\GitHub\Infrastructuur\install\setup.ps1'
[16.799s] [34mcolcon.colcon_core.shell[0m [1;30mINFO[0m Creating prefix script 'C:\Users\coenc\Documents\GitHub\Infrastructuur\install\local_setup.bat'
[16.799s] [34mcolcon.colcon_core.shell[0m [1;30mINFO[0m Creating prefix util module 'C:\Users\coenc\Documents\GitHub\Infrastructuur\install\_local_setup_util_bat.py'
[16.799s] [34mcolcon.colcon_core.shell[0m [1;30mINFO[0m Creating prefix chain script 'C:\Users\coenc\Documents\GitHub\Infrastructuur\install\setup.bat'
