[0.141s] Invoking command in 'C:\Users\coenc\Documents\GitHub\Infrastructuur\build\receive_node': c:\opt\ros\foxy\x64\Scripts\cmake.EXE C:\Users\coenc\Documents\GitHub\Infrastructuur\src\receive_node -DCMAKE_INSTALL_PREFIX=C:\Users\coenc\Documents\GitHub\Infrastructuur\install\receive_node
[0.235s] -- Selecting Windows SDK version 10.0.19041.0 to target Windows 10.0.22000.
[0.266s] -- Found ament_cmake: 0.9.9 (C:/opt/ros/foxy/x64/share/ament_cmake/cmake)
[0.313s] -- Using PYTHON_EXECUTABLE: C:/opt/ros/foxy/x64/python.exe
[0.657s] -- Found rclcpp: 2.4.0 (C:/opt/ros/foxy/x64/share/rclcpp/cmake)
[0.719s] -- Using all available rosidl_typesupport_c: rosidl_typesupport_fastrtps_c;rosidl_typesupport_introspection_c
[0.735s] -- Found rosidl_adapter: 1.2.1 (C:/opt/ros/foxy/x64/share/rosidl_adapter/cmake)
[1.360s] -- Using all available rosidl_typesupport_cpp: rosidl_typesupport_fastrtps_cpp;rosidl_typesupport_introspection_cpp
[1.454s] -- Found rmw_implementation_cmake: 1.0.3 (C:/opt/ros/foxy/x64/share/rmw_implementation_cmake/cmake)
[1.469s] -- Using RMW implementation 'rmw_fastrtps_cpp' as default
[1.719s] -- Configuring done
[1.938s] -- Generating done
[1.954s] -- Build files have been written to: C:/Users/coenc/Documents/GitHub/Infrastructuur/build/receive_node
[1.969s] Invoked command in 'C:\Users\coenc\Documents\GitHub\Infrastructuur\build\receive_node' returned '0': c:\opt\ros\foxy\x64\Scripts\cmake.EXE C:\Users\coenc\Documents\GitHub\Infrastructuur\src\receive_node -DCMAKE_INSTALL_PREFIX=C:\Users\coenc\Documents\GitHub\Infrastructuur\install\receive_node
[1.969s] Invoking command in 'C:\Users\coenc\Documents\GitHub\Infrastructuur\build\receive_node': CL=/MP c:\opt\ros\foxy\x64\Scripts\cmake.EXE --build C:\Users\coenc\Documents\GitHub\Infrastructuur\build\receive_node --config Release
[2.125s] Microsoft (R) Build Engine version 16.11.2+f32259642 for .NET Framework
[2.125s] Copyright (C) Microsoft Corporation. All rights reserved.
[2.125s] 
[2.579s]   main.cpp
[3.313s] C:\Users\coenc\Documents\GitHub\Infrastructuur\src\receive_node\src\main.cpp(10,69): error C2065: '_1': undeclared identifier [C:\Users\coenc\Documents\GitHub\Infrastructuur\build\receive_node\receive_node.vcxproj]
[3.313s] C:\Users\coenc\Documents\GitHub\Infrastructuur\src\receive_node\src\main.cpp(9,29): error C2672: 'rclcpp::Node::create_subscription': no matching overloaded function found [C:\Users\coenc\Documents\GitHub\Infrastructuur\build\receive_node\receive_node.vcxproj]
[3.313s] C:\Users\coenc\Documents\GitHub\Infrastructuur\src\receive_node\src\main.cpp(10,1): error C2780: 'std::shared_ptr<SubscriptionT> rclcpp::Node::create_subscription(const std::string &,const rclcpp::QoS &,CallbackT &&,const rclcpp::SubscriptionOptionsWithAllocator<AllocatorT> &,MessageMemoryStrategyT::SharedPtr)': expects 5 arguments - 2 provided [C:\Users\coenc\Documents\GitHub\Infrastructuur\build\receive_node\receive_node.vcxproj]
[3.313s] C:\opt\ros\foxy\x64\include\rclcpp/node.hpp(213): message : see declaration of 'rclcpp::Node::create_subscription' [C:\Users\coenc\Documents\GitHub\Infrastructuur\build\receive_node\receive_node.vcxproj]
[3.500s] Invoked command in 'C:\Users\coenc\Documents\GitHub\Infrastructuur\build\receive_node' returned '1': CL=/MP c:\opt\ros\foxy\x64\Scripts\cmake.EXE --build C:\Users\coenc\Documents\GitHub\Infrastructuur\build\receive_node --config Release
