[0.093s] Invoking command in 'C:\Users\coenc\Documents\GitHub\Infrastructuur\build\server_node': c:\opt\ros\foxy\x64\Scripts\cmake.EXE C:\Users\coenc\Documents\GitHub\Infrastructuur\src\server_node -DCMAKE_INSTALL_PREFIX=C:\Users\coenc\Documents\GitHub\Infrastructuur\install\server_node
[0.265s] -- Selecting Windows SDK version 10.0.19041.0 to target Windows 10.0.22000.
[0.281s] -- Found ament_cmake: 0.9.9 (C:/opt/ros/foxy/x64/share/ament_cmake/cmake)
[0.359s] -- Using PYTHON_EXECUTABLE: C:/opt/ros/foxy/x64/python.exe
[0.953s] -- Found ament_lint_auto: 0.9.6 (C:/opt/ros/foxy/x64/share/ament_lint_auto/cmake)
[1.156s] -- Added test 'copyright' to check source files copyright and LICENSE
[1.172s] -- Added test 'lint_cmake' to check CMake code style
[1.172s] -- Added test 'xmllint' to check XML markup files
[1.265s] -- Configuring done
[1.547s] -- Generating done
[1.578s] -- Build files have been written to: C:/Users/coenc/Documents/GitHub/Infrastructuur/build/server_node
[1.593s] Invoked command in 'C:\Users\coenc\Documents\GitHub\Infrastructuur\build\server_node' returned '0': c:\opt\ros\foxy\x64\Scripts\cmake.EXE C:\Users\coenc\Documents\GitHub\Infrastructuur\src\server_node -DCMAKE_INSTALL_PREFIX=C:\Users\coenc\Documents\GitHub\Infrastructuur\install\server_node
[1.593s] Invoking command in 'C:\Users\coenc\Documents\GitHub\Infrastructuur\build\server_node': CL=/MP c:\opt\ros\foxy\x64\Scripts\cmake.EXE --build C:\Users\coenc\Documents\GitHub\Infrastructuur\build\server_node --config Release
[1.875s] Microsoft (R) Build Engine version 16.11.2+f32259642 for .NET Framework
[1.875s] Copyright (C) Microsoft Corporation. All rights reserved.
[1.875s] 
[2.500s] Invoked command in 'C:\Users\coenc\Documents\GitHub\Infrastructuur\build\server_node' returned '0': CL=/MP c:\opt\ros\foxy\x64\Scripts\cmake.EXE --build C:\Users\coenc\Documents\GitHub\Infrastructuur\build\server_node --config Release
[2.656s] Invoking command in 'C:\Users\coenc\Documents\GitHub\Infrastructuur\build\server_node': c:\opt\ros\foxy\x64\Scripts\cmake.EXE --install C:\Users\coenc\Documents\GitHub\Infrastructuur\build\server_node --config Release
[2.797s] -- Up-to-date: C:/Users/coenc/Documents/GitHub/Infrastructuur/install/server_node/share/ament_index/resource_index/package_run_dependencies/server_node
[2.797s] -- Up-to-date: C:/Users/coenc/Documents/GitHub/Infrastructuur/install/server_node/share/ament_index/resource_index/parent_prefix_path/server_node
[2.797s] -- Up-to-date: C:/Users/coenc/Documents/GitHub/Infrastructuur/install/server_node/share/server_node/environment/ament_prefix_path.bat
[2.797s] -- Installing: C:/Users/coenc/Documents/GitHub/Infrastructuur/install/server_node/share/server_node/environment/ament_prefix_path.dsv
[2.812s] -- Up-to-date: C:/Users/coenc/Documents/GitHub/Infrastructuur/install/server_node/share/server_node/environment/path.bat
[2.812s] -- Installing: C:/Users/coenc/Documents/GitHub/Infrastructuur/install/server_node/share/server_node/environment/path.dsv
[2.812s] -- Up-to-date: C:/Users/coenc/Documents/GitHub/Infrastructuur/install/server_node/share/server_node/local_setup.bat
[2.812s] -- Installing: C:/Users/coenc/Documents/GitHub/Infrastructuur/install/server_node/share/server_node/local_setup.dsv
[2.828s] -- Installing: C:/Users/coenc/Documents/GitHub/Infrastructuur/install/server_node/share/server_node/package.dsv
[2.828s] -- Up-to-date: C:/Users/coenc/Documents/GitHub/Infrastructuur/install/server_node/share/ament_index/resource_index/packages/server_node
[2.828s] -- Up-to-date: C:/Users/coenc/Documents/GitHub/Infrastructuur/install/server_node/share/server_node/cmake/server_nodeConfig.cmake
[2.828s] -- Up-to-date: C:/Users/coenc/Documents/GitHub/Infrastructuur/install/server_node/share/server_node/cmake/server_nodeConfig-version.cmake
[2.828s] -- Up-to-date: C:/Users/coenc/Documents/GitHub/Infrastructuur/install/server_node/share/server_node/package.xml
[2.984s] Invoked command in 'C:\Users\coenc\Documents\GitHub\Infrastructuur\build\server_node' returned '0': c:\opt\ros\foxy\x64\Scripts\cmake.EXE --install C:\Users\coenc\Documents\GitHub\Infrastructuur\build\server_node --config Release
