[0.125s] Invoking command in 'C:\Users\coenc\Documents\GitHub\Infrastructuur\build\receive_node': c:\opt\ros\foxy\x64\Scripts\cmake.EXE C:\Users\coenc\Documents\GitHub\Infrastructuur\src\receive_node -DCMAKE_INSTALL_PREFIX=C:\Users\coenc\Documents\GitHub\Infrastructuur\install\receive_node
[0.218s] -- Selecting Windows SDK version 10.0.19041.0 to target Windows 10.0.22000.
[0.234s] -- Found ament_cmake: 0.9.9 (C:/opt/ros/foxy/x64/share/ament_cmake/cmake)
[0.281s] -- Using PYTHON_EXECUTABLE: C:/opt/ros/foxy/x64/python.exe
[0.703s] -- Found rclcpp: 2.4.0 (C:/opt/ros/foxy/x64/share/rclcpp/cmake)
[0.765s] -- Using all available rosidl_typesupport_c: rosidl_typesupport_fastrtps_c;rosidl_typesupport_introspection_c
[0.781s] -- Found rosidl_adapter: 1.2.1 (C:/opt/ros/foxy/x64/share/rosidl_adapter/cmake)
[1.390s] -- Using all available rosidl_typesupport_cpp: rosidl_typesupport_fastrtps_cpp;rosidl_typesupport_introspection_cpp
[1.500s] -- Found rmw_implementation_cmake: 1.0.3 (C:/opt/ros/foxy/x64/share/rmw_implementation_cmake/cmake)
[1.500s] -- Using RMW implementation 'rmw_fastrtps_cpp' as default
[1.750s] -- Configuring done
[1.984s] -- Generating done
[1.984s] -- Build files have been written to: C:/Users/coenc/Documents/GitHub/Infrastructuur/build/receive_node
[2.000s] Invoked command in 'C:\Users\coenc\Documents\GitHub\Infrastructuur\build\receive_node' returned '0': c:\opt\ros\foxy\x64\Scripts\cmake.EXE C:\Users\coenc\Documents\GitHub\Infrastructuur\src\receive_node -DCMAKE_INSTALL_PREFIX=C:\Users\coenc\Documents\GitHub\Infrastructuur\install\receive_node
[2.000s] Invoking command in 'C:\Users\coenc\Documents\GitHub\Infrastructuur\build\receive_node': CL=/MP c:\opt\ros\foxy\x64\Scripts\cmake.EXE --build C:\Users\coenc\Documents\GitHub\Infrastructuur\build\receive_node --config Release
[2.156s] Microsoft (R) Build Engine version 16.11.2+f32259642 for .NET Framework
[2.156s] Copyright (C) Microsoft Corporation. All rights reserved.
[2.156s] 
[2.625s]   main.cpp
[3.937s] C:\opt\ros\foxy\x64\include\rclcpp/any_subscription_callback.hpp(85,1): error C2679: binary '=': no operator found which takes a right-hand operand of type 'CallbackT' (or there is no acceptable conversion) [C:\Users\coenc\Documents\GitHub\Infrastructuur\build\receive_node\receive_node.vcxproj]
[3.937s]           with
[3.937s]           [
[3.937s]               CallbackT=std::_Binder<std::_Unforced,void (__cdecl receive_node::* )(std::shared_ptr<std_msgs::msg::String_<std::allocator<void>>>) const,receive_node *>
[3.937s]           ]
[3.937s] C:\Program Files (x86)\Microsoft Visual Studio\2019\Professional\VC\Tools\MSVC\14.29.30133\include\functional(1209,15): message : could be 'std::function<void (std::shared_ptr<std_msgs::msg::String_<std::allocator<void>>>)> &std::function<void (std::shared_ptr<std_msgs::msg::String_<std::allocator<void>>>)>::operator =(std::nullptr_t) noexcept' [C:\Users\coenc\Documents\GitHub\Infrastructuur\build\receive_node\receive_node.vcxproj]
[3.937s] C:\Program Files (x86)\Microsoft Visual Studio\2019\Professional\VC\Tools\MSVC\14.29.30133\include\functional(1184,15): message : or       'std::function<void (std::shared_ptr<std_msgs::msg::String_<std::allocator<void>>>)> &std::function<void (std::shared_ptr<std_msgs::msg::String_<std::allocator<void>>>)>::operator =(std::function<void (std::shared_ptr<std_msgs::msg::String_<std::allocator<void>>>)> &&) noexcept' [C:\Users\coenc\Documents\GitHub\Infrastructuur\build\receive_node\receive_node.vcxproj]
[3.937s] C:\Program Files (x86)\Microsoft Visual Studio\2019\Professional\VC\Tools\MSVC\14.29.30133\include\functional(1168,15): message : or       'std::function<void (std::shared_ptr<std_msgs::msg::String_<std::allocator<void>>>)> &std::function<void (std::shared_ptr<std_msgs::msg::String_<std::allocator<void>>>)>::operator =(const std::function<void (std::shared_ptr<std_msgs::msg::String_<std::allocator<void>>>)> &)' [C:\Users\coenc\Documents\GitHub\Infrastructuur\build\receive_node\receive_node.vcxproj]
[3.937s] C:\opt\ros\foxy\x64\include\rclcpp/any_subscription_callback.hpp(85,1): message : while trying to match the argument list '(std::function<void (std::shared_ptr<std_msgs::msg::String_<std::allocator<void>>>)>, CallbackT)' [C:\Users\coenc\Documents\GitHub\Infrastructuur\build\receive_node\receive_node.vcxproj]
[3.937s]           with
[3.937s]           [
[3.937s]               CallbackT=std::_Binder<std::_Unforced,void (__cdecl receive_node::* )(std::shared_ptr<std_msgs::msg::String_<std::allocator<void>>>) const,receive_node *>
[3.953s]           ]
[3.953s] C:\opt\ros\foxy\x64\include\rclcpp/subscription_factory.hpp(97): message : see reference to function template instantiation 'void rclcpp::AnySubscriptionCallback<CallbackMessageT,AllocatorT>::set<_Ty,0x0>(CallbackT)' being compiled [C:\Users\coenc\Documents\GitHub\Infrastructuur\build\receive_node\receive_node.vcxproj]
[3.953s]           with
[3.953s]           [
[3.953s]               CallbackMessageT=std_msgs::msg::String,
[3.953s]               AllocatorT=std::allocator<void>,
[3.953s]               _Ty=std::_Binder<std::_Unforced,void (__cdecl receive_node::* )(std::shared_ptr<std_msgs::msg::String_<std::allocator<void>>>) const,receive_node *>,
[3.953s]               CallbackT=std::_Binder<std::_Unforced,void (__cdecl receive_node::* )(std::shared_ptr<std_msgs::msg::String_<std::allocator<void>>>) const,receive_node *>
[3.953s]           ]
[3.953s] C:\opt\ros\foxy\x64\include\rclcpp/subscription_factory.hpp(97): message : see reference to function template instantiation 'void rclcpp::AnySubscriptionCallback<CallbackMessageT,AllocatorT>::set<_Ty,0x0>(CallbackT)' being compiled [C:\Users\coenc\Documents\GitHub\Infrastructuur\build\receive_node\receive_node.vcxproj]
[3.953s]           with
[3.953s]           [
[3.953s]               CallbackMessageT=std_msgs::msg::String,
[3.953s]               AllocatorT=std::allocator<void>,
[3.953s]               _Ty=std::_Binder<std::_Unforced,void (__cdecl receive_node::* )(std::shared_ptr<std_msgs::msg::String_<std::allocator<void>>>) const,receive_node *>,
[3.953s]               CallbackT=std::_Binder<std::_Unforced,void (__cdecl receive_node::* )(std::shared_ptr<std_msgs::msg::String_<std::allocator<void>>>) const,receive_node *>
[3.953s]           ]
[3.953s] C:\opt\ros\foxy\x64\include\rclcpp/create_subscription.hpp(149): message : see reference to function template instantiation 'rclcpp::SubscriptionFactory rclcpp::create_subscription_factory<MessageT,_Ty,std::allocator<void>,CallbackMessageT,rclcpp::Subscription<CallbackMessageT,std::allocator<void>,rclcpp::message_memory_strategy::MessageMemoryStrategy<MessageT,AllocatorT>>,rclcpp::message_memory_strategy::MessageMemoryStrategy<MessageT,AllocatorT>>(CallbackT &&,const rclcpp::SubscriptionOptionsWithAllocator<std::allocator<void>> &,std::shared_ptr<rclcpp::message_memory_strategy::MessageMemoryStrategy<MessageT,AllocatorT>>,std::shared_ptr<rclcpp::topic_statistics::SubscriptionTopicStatistics<CallbackMessageT>>)' being compiled [C:\Users\coenc\Documents\GitHub\Infrastructuur\build\receive_node\receive_node.vcxproj]
[3.953s]           with
[3.953s]           [
[3.953s]               MessageT=std_msgs::msg::String,
[3.953s]               _Ty=std::_Binder<std::_Unforced,void (__cdecl receive_node::* )(std::shared_ptr<std_msgs::msg::String_<std::allocator<void>>>) const,receive_node *>,
[3.953s]               CallbackMessageT=std_msgs::msg::String,
[3.953s]               AllocatorT=std::allocator<void>,
[3.953s]               CallbackT=std::_Binder<std::_Unforced,void (__cdecl receive_node::* )(std::shared_ptr<std_msgs::msg::String_<std::allocator<void>>>) const,receive_node *>
[3.953s]           ]
[3.953s] C:\opt\ros\foxy\x64\include\rclcpp\node_impl.hpp(104): message : see reference to function template instantiation 'std::shared_ptr<rclcpp::Subscription<std_msgs::msg::String,std::allocator<void>,rclcpp::message_memory_strategy::MessageMemoryStrategy<CallbackMessageT,AllocatorT>>> rclcpp::create_subscription<MessageT,_Ty,std::allocator<void>,std_msgs::msg::String_<std::allocator<void>>,rclcpp::Subscription<CallbackMessageT,AllocatorT,rclcpp::message_memory_strategy::MessageMemoryStrategy<MessageT,AllocatorT>>,rclcpp::message_memory_strategy::MessageMemoryStrategy<MessageT,AllocatorT>,rclcpp::Node&>(NodeT,const std::string &,const rclcpp::QoS &,CallbackT &&,const rclcpp::SubscriptionOptionsWithAllocator<std::allocator<void>> &,std::shared_ptr<rclcpp::message_memory_strategy::MessageMemoryStrategy<MessageT,AllocatorT>>)' being compiled [C:\Users\coenc\Documents\GitHub\Infrastructuur\build\receive_node\receive_node.vcxproj]
[3.953s]           with
[3.953s]           [
[3.953s]               CallbackMessageT=std_msgs::msg::String,
[3.953s]               AllocatorT=std::allocator<void>,
[3.953s]               MessageT=std_msgs::msg::String,
[3.953s]               _Ty=std::_Binder<std::_Unforced,void (__cdecl receive_node::* )(std::shared_ptr<std_msgs::msg::String_<std::allocator<void>>>) const,receive_node *>,
[3.953s]               NodeT=rclcpp::Node &,
[3.953s]               CallbackT=std::_Binder<std::_Unforced,void (__cdecl receive_node::* )(std::shared_ptr<std_msgs::msg::String_<std::allocator<void>>>) const,receive_node *>
[3.953s]           ]
[3.953s] C:\Users\coenc\Documents\GitHub\Infrastructuur\src\receive_node\src\main.cpp(10): message : see reference to function template instantiation 'std::shared_ptr<rclcpp::Subscription<std_msgs::msg::String,std::allocator<void>,rclcpp::message_memory_strategy::MessageMemoryStrategy<CallbackMessageT,AllocatorT>>> rclcpp::Node::create_subscription<std_msgs::msg::String,std::_Binder<std::_Unforced,void (__cdecl receive_node::* )(std::shared_ptr<std_msgs::msg::String_<std::allocator<void>>>) const,receive_node *>,std::allocator<void>,std_msgs::msg::String_<std::allocator<void>>,rclcpp::Subscription<CallbackMessageT,AllocatorT,rclcpp::message_memory_strategy::MessageMemoryStrategy<CallbackMessageT,AllocatorT>>,rclcpp::message_memory_strategy::MessageMemoryStrategy<CallbackMessageT,AllocatorT>>(const std::string &,const rclcpp::QoS &,CallbackT &&,const rclcpp::SubscriptionOptionsWithAllocator<std::allocator<void>> &,std::shared_ptr<rclcpp::message_memory_strategy::MessageMemoryStrategy<CallbackMessageT,AllocatorT>>)' being compiled [C:\Users\coenc\Documents\GitHub\Infrastructuur\build\receive_node\receive_node.vcxproj]
[3.953s]           with
[3.984s]           [
[3.984s]               CallbackMessageT=std_msgs::msg::String,
[3.984s]               AllocatorT=std::allocator<void>,
[3.984s]               CallbackT=std::_Binder<std::_Unforced,void (__cdecl receive_node::* )(std::shared_ptr<std_msgs::msg::String_<std::allocator<void>>>) const,receive_node *>
[3.984s]           ]
[4.218s] Invoked command in 'C:\Users\coenc\Documents\GitHub\Infrastructuur\build\receive_node' returned '1': CL=/MP c:\opt\ros\foxy\x64\Scripts\cmake.EXE --build C:\Users\coenc\Documents\GitHub\Infrastructuur\build\receive_node --config Release
