[0.172s] Invoking command in 'C:\Users\coenc\Documents\GitHub\Infrastructuur\build\send_node': c:\opt\ros\foxy\x64\Scripts\cmake.EXE C:\Users\coenc\Documents\GitHub\Infrastructuur\src\send_node -DCMAKE_INSTALL_PREFIX=C:\Users\coenc\Documents\GitHub\Infrastructuur\install\send_node
[0.312s] -- Selecting Windows SDK version 10.0.19041.0 to target Windows 10.0.22000.
[0.343s] -- Found ament_cmake: 0.9.9 (C:/opt/ros/foxy/x64/share/ament_cmake/cmake)
[0.437s] -- Using PYTHON_EXECUTABLE: C:/opt/ros/foxy/x64/python.exe
[1.062s] -- Found rclcpp: 2.4.0 (C:/opt/ros/foxy/x64/share/rclcpp/cmake)
[1.156s] -- Using all available rosidl_typesupport_c: rosidl_typesupport_fastrtps_c;rosidl_typesupport_introspection_c
[1.156s] -- Found rosidl_adapter: 1.2.1 (C:/opt/ros/foxy/x64/share/rosidl_adapter/cmake)
[2.062s] -- Using all available rosidl_typesupport_cpp: rosidl_typesupport_fastrtps_cpp;rosidl_typesupport_introspection_cpp
[2.187s] -- Found rmw_implementation_cmake: 1.0.3 (C:/opt/ros/foxy/x64/share/rmw_implementation_cmake/cmake)
[2.203s] -- Using RMW implementation 'rmw_fastrtps_cpp' as default
[2.406s] -- Found std_msgs: 2.0.4 (C:/opt/ros/foxy/x64/share/std_msgs/cmake)
[2.593s] -- Configuring done
[3.000s] -- Generating done
[3.015s] -- Build files have been written to: C:/Users/coenc/Documents/GitHub/Infrastructuur/build/send_node
[3.031s] Invoked command in 'C:\Users\coenc\Documents\GitHub\Infrastructuur\build\send_node' returned '0': c:\opt\ros\foxy\x64\Scripts\cmake.EXE C:\Users\coenc\Documents\GitHub\Infrastructuur\src\send_node -DCMAKE_INSTALL_PREFIX=C:\Users\coenc\Documents\GitHub\Infrastructuur\install\send_node
[3.047s] Invoking command in 'C:\Users\coenc\Documents\GitHub\Infrastructuur\build\send_node': CL=/MP c:\opt\ros\foxy\x64\Scripts\cmake.EXE --build C:\Users\coenc\Documents\GitHub\Infrastructuur\build\send_node --config Release
[3.281s] Microsoft (R) Build Engine version 16.11.2+f32259642 for .NET Framework
[3.281s] Copyright (C) Microsoft Corporation. All rights reserved.
[3.281s] 
[4.062s]   main.cpp
[7.578s]   send_node.vcxproj -> C:\Users\coenc\Documents\GitHub\Infrastructuur\build\send_node\Release\send_node.exe
[7.656s] Invoked command in 'C:\Users\coenc\Documents\GitHub\Infrastructuur\build\send_node' returned '0': CL=/MP c:\opt\ros\foxy\x64\Scripts\cmake.EXE --build C:\Users\coenc\Documents\GitHub\Infrastructuur\build\send_node --config Release
[7.656s] Invoking command in 'C:\Users\coenc\Documents\GitHub\Infrastructuur\build\send_node': c:\opt\ros\foxy\x64\Scripts\cmake.EXE --install C:\Users\coenc\Documents\GitHub\Infrastructuur\build\send_node --config Release
[7.812s] -- Installing: C:/Users/coenc/Documents/GitHub/Infrastructuur/install/send_node/lib/send_node/send_node.exe
[7.828s] -- Up-to-date: C:/Users/coenc/Documents/GitHub/Infrastructuur/install/send_node/share/ament_index/resource_index/package_run_dependencies/send_node
[7.828s] -- Up-to-date: C:/Users/coenc/Documents/GitHub/Infrastructuur/install/send_node/share/ament_index/resource_index/parent_prefix_path/send_node
[7.828s] -- Up-to-date: C:/Users/coenc/Documents/GitHub/Infrastructuur/install/send_node/share/send_node/environment/ament_prefix_path.bat
[7.828s] -- Installing: C:/Users/coenc/Documents/GitHub/Infrastructuur/install/send_node/share/send_node/environment/ament_prefix_path.dsv
[7.828s] -- Up-to-date: C:/Users/coenc/Documents/GitHub/Infrastructuur/install/send_node/share/send_node/environment/path.bat
[7.828s] -- Installing: C:/Users/coenc/Documents/GitHub/Infrastructuur/install/send_node/share/send_node/environment/path.dsv
[7.828s] -- Up-to-date: C:/Users/coenc/Documents/GitHub/Infrastructuur/install/send_node/share/send_node/local_setup.bat
[7.828s] -- Installing: C:/Users/coenc/Documents/GitHub/Infrastructuur/install/send_node/share/send_node/local_setup.dsv
[7.843s] -- Installing: C:/Users/coenc/Documents/GitHub/Infrastructuur/install/send_node/share/send_node/package.dsv
[7.843s] -- Up-to-date: C:/Users/coenc/Documents/GitHub/Infrastructuur/install/send_node/share/ament_index/resource_index/packages/send_node
[7.843s] -- Up-to-date: C:/Users/coenc/Documents/GitHub/Infrastructuur/install/send_node/share/send_node/cmake/send_nodeConfig.cmake
[7.843s] -- Up-to-date: C:/Users/coenc/Documents/GitHub/Infrastructuur/install/send_node/share/send_node/cmake/send_nodeConfig-version.cmake
[7.843s] -- Up-to-date: C:/Users/coenc/Documents/GitHub/Infrastructuur/install/send_node/share/send_node/package.xml
[7.875s] Invoked command in 'C:\Users\coenc\Documents\GitHub\Infrastructuur\build\send_node' returned '0': c:\opt\ros\foxy\x64\Scripts\cmake.EXE --install C:\Users\coenc\Documents\GitHub\Infrastructuur\build\send_node --config Release
