[0.219s] Invoking command in 'C:\Users\coenc\Documents\GitHub\Infrastructuur\build\receive_node': c:\opt\ros\foxy\x64\Scripts\cmake.EXE C:\Users\coenc\Documents\GitHub\Infrastructuur\src\receive_node -DCMAKE_INSTALL_PREFIX=C:\Users\coenc\Documents\GitHub\Infrastructuur\install\receive_node
[0.391s] -- Selecting Windows SDK version 10.0.19041.0 to target Windows 10.0.22000.
[0.422s] -- Found ament_cmake: 0.9.9 (C:/opt/ros/foxy/x64/share/ament_cmake/cmake)
[0.485s] -- Using PYTHON_EXECUTABLE: C:/opt/ros/foxy/x64/python.exe
[1.313s] -- Configuring done
[1.641s] -- Generating done
[1.657s] -- Build files have been written to: C:/Users/coenc/Documents/GitHub/Infrastructuur/build/receive_node
[1.672s] Invoked command in 'C:\Users\coenc\Documents\GitHub\Infrastructuur\build\receive_node' returned '0': c:\opt\ros\foxy\x64\Scripts\cmake.EXE C:\Users\coenc\Documents\GitHub\Infrastructuur\src\receive_node -DCMAKE_INSTALL_PREFIX=C:\Users\coenc\Documents\GitHub\Infrastructuur\install\receive_node
[1.672s] Invoking command in 'C:\Users\coenc\Documents\GitHub\Infrastructuur\build\receive_node': CL=/MP c:\opt\ros\foxy\x64\Scripts\cmake.EXE --build C:\Users\coenc\Documents\GitHub\Infrastructuur\build\receive_node --config Release
[1.985s] Microsoft (R) Build Engine version 16.11.2+f32259642 for .NET Framework
[1.985s] Copyright (C) Microsoft Corporation. All rights reserved.
[1.985s] 
[2.657s]   Building Custom Rule C:/Users/coenc/Documents/GitHub/Infrastructuur/src/receive_node/CMakeLists.txt
[2.891s] Invoked command in 'C:\Users\coenc\Documents\GitHub\Infrastructuur\build\receive_node' returned '0': CL=/MP c:\opt\ros\foxy\x64\Scripts\cmake.EXE --build C:\Users\coenc\Documents\GitHub\Infrastructuur\build\receive_node --config Release
[2.891s] Invoking command in 'C:\Users\coenc\Documents\GitHub\Infrastructuur\build\receive_node': c:\opt\ros\foxy\x64\Scripts\cmake.EXE --install C:\Users\coenc\Documents\GitHub\Infrastructuur\build\receive_node --config Release
[3.047s] -- Up-to-date: C:/Users/coenc/Documents/GitHub/Infrastructuur/install/receive_node/share/ament_index/resource_index/package_run_dependencies/receive_node
[3.047s] -- Up-to-date: C:/Users/coenc/Documents/GitHub/Infrastructuur/install/receive_node/share/ament_index/resource_index/parent_prefix_path/receive_node
[3.047s] -- Up-to-date: C:/Users/coenc/Documents/GitHub/Infrastructuur/install/receive_node/share/receive_node/environment/ament_prefix_path.bat
[3.047s] -- Installing: C:/Users/coenc/Documents/GitHub/Infrastructuur/install/receive_node/share/receive_node/environment/ament_prefix_path.dsv
[3.047s] -- Up-to-date: C:/Users/coenc/Documents/GitHub/Infrastructuur/install/receive_node/share/receive_node/environment/path.bat
[3.047s] -- Installing: C:/Users/coenc/Documents/GitHub/Infrastructuur/install/receive_node/share/receive_node/environment/path.dsv
[3.047s] -- Up-to-date: C:/Users/coenc/Documents/GitHub/Infrastructuur/install/receive_node/share/receive_node/local_setup.bat
[3.047s] -- Installing: C:/Users/coenc/Documents/GitHub/Infrastructuur/install/receive_node/share/receive_node/local_setup.dsv
[3.063s] -- Installing: C:/Users/coenc/Documents/GitHub/Infrastructuur/install/receive_node/share/receive_node/package.dsv
[3.063s] -- Up-to-date: C:/Users/coenc/Documents/GitHub/Infrastructuur/install/receive_node/share/ament_index/resource_index/packages/receive_node
[3.063s] -- Up-to-date: C:/Users/coenc/Documents/GitHub/Infrastructuur/install/receive_node/share/receive_node/cmake/receive_nodeConfig.cmake
[3.063s] -- Up-to-date: C:/Users/coenc/Documents/GitHub/Infrastructuur/install/receive_node/share/receive_node/cmake/receive_nodeConfig-version.cmake
[3.063s] -- Up-to-date: C:/Users/coenc/Documents/GitHub/Infrastructuur/install/receive_node/share/receive_node/package.xml
[3.079s] Invoked command in 'C:\Users\coenc\Documents\GitHub\Infrastructuur\build\receive_node' returned '0': c:\opt\ros\foxy\x64\Scripts\cmake.EXE --install C:\Users\coenc\Documents\GitHub\Infrastructuur\build\receive_node --config Release
