[0.203s] Invoking command in 'C:\Users\coenc\Documents\GitHub\Infrastructuur\build\receive_node': c:\opt\ros\foxy\x64\Scripts\cmake.EXE C:\Users\coenc\Documents\GitHub\Infrastructuur\src\receive_node -DCMAKE_INSTALL_PREFIX=C:\Users\coenc\Documents\GitHub\Infrastructuur\install\receive_node
[0.328s] -- Selecting Windows SDK version 10.0.19041.0 to target Windows 10.0.22000.
[0.359s] -- Found ament_cmake: 0.9.9 (C:/opt/ros/foxy/x64/share/ament_cmake/cmake)
[0.422s] -- Using PYTHON_EXECUTABLE: C:/opt/ros/foxy/x64/python.exe
[0.891s] -- Found ament_lint_auto: 0.9.6 (C:/opt/ros/foxy/x64/share/ament_lint_auto/cmake)
[3.125s] -- Added test 'copyright' to check source files copyright and LICENSE
[3.172s] -- Added test 'cppcheck' to perform static code analysis on C / C++ code
[3.172s] -- Configured cppcheck include dirs: 
[3.172s] -- Configured cppcheck exclude dirs and/or files: 
[3.187s] -- Added test 'cpplint' to check C / C++ code against the Google style
[3.187s] -- Configured cpplint exclude dirs and/or files: 
[3.203s] -- Added test 'lint_cmake' to check CMake code style
[3.281s] -- Added test 'uncrustify' to check C / C++ code style
[3.281s] -- Configured uncrustify additional arguments: 
[3.312s] -- Added test 'xmllint' to check XML markup files
[3.422s] -- Configuring done
[3.531s] -- Generating done
[3.578s] -- Build files have been written to: C:/Users/coenc/Documents/GitHub/Infrastructuur/build/receive_node
[3.609s] Invoked command in 'C:\Users\coenc\Documents\GitHub\Infrastructuur\build\receive_node' returned '0': c:\opt\ros\foxy\x64\Scripts\cmake.EXE C:\Users\coenc\Documents\GitHub\Infrastructuur\src\receive_node -DCMAKE_INSTALL_PREFIX=C:\Users\coenc\Documents\GitHub\Infrastructuur\install\receive_node
[3.609s] Invoking command in 'C:\Users\coenc\Documents\GitHub\Infrastructuur\build\receive_node': CL=/MP c:\opt\ros\foxy\x64\Scripts\cmake.EXE --build C:\Users\coenc\Documents\GitHub\Infrastructuur\build\receive_node --config Release
[3.969s] Microsoft (R) Build Engine version 16.11.2+f32259642 for .NET Framework
[3.969s] Copyright (C) Microsoft Corporation. All rights reserved.
[3.969s] 
[4.656s]   Checking Build System
[4.859s]   Building Custom Rule C:/Users/coenc/Documents/GitHub/Infrastructuur/src/receive_node/CMakeLists.txt
[5.109s] Invoked command in 'C:\Users\coenc\Documents\GitHub\Infrastructuur\build\receive_node' returned '0': CL=/MP c:\opt\ros\foxy\x64\Scripts\cmake.EXE --build C:\Users\coenc\Documents\GitHub\Infrastructuur\build\receive_node --config Release
[5.109s] Invoking command in 'C:\Users\coenc\Documents\GitHub\Infrastructuur\build\receive_node': c:\opt\ros\foxy\x64\Scripts\cmake.EXE --install C:\Users\coenc\Documents\GitHub\Infrastructuur\build\receive_node --config Release
[5.266s] -- Installing: C:/Users/coenc/Documents/GitHub/Infrastructuur/install/receive_node/share/ament_index/resource_index/package_run_dependencies/receive_node
[5.266s] -- Installing: C:/Users/coenc/Documents/GitHub/Infrastructuur/install/receive_node/share/ament_index/resource_index/parent_prefix_path/receive_node
[5.266s] -- Installing: C:/Users/coenc/Documents/GitHub/Infrastructuur/install/receive_node/share/receive_node/environment/ament_prefix_path.bat
[5.297s] -- Installing: C:/Users/coenc/Documents/GitHub/Infrastructuur/install/receive_node/share/receive_node/environment/ament_prefix_path.dsv
[5.297s] -- Installing: C:/Users/coenc/Documents/GitHub/Infrastructuur/install/receive_node/share/receive_node/environment/path.bat
[5.312s] -- Installing: C:/Users/coenc/Documents/GitHub/Infrastructuur/install/receive_node/share/receive_node/environment/path.dsv
[5.328s] -- Installing: C:/Users/coenc/Documents/GitHub/Infrastructuur/install/receive_node/share/receive_node/local_setup.bat
[5.344s] -- Installing: C:/Users/coenc/Documents/GitHub/Infrastructuur/install/receive_node/share/receive_node/local_setup.dsv
[5.359s] -- Installing: C:/Users/coenc/Documents/GitHub/Infrastructuur/install/receive_node/share/receive_node/package.dsv
[5.375s] -- Installing: C:/Users/coenc/Documents/GitHub/Infrastructuur/install/receive_node/share/ament_index/resource_index/packages/receive_node
[5.375s] -- Installing: C:/Users/coenc/Documents/GitHub/Infrastructuur/install/receive_node/share/receive_node/cmake/receive_nodeConfig.cmake
[5.375s] -- Installing: C:/Users/coenc/Documents/GitHub/Infrastructuur/install/receive_node/share/receive_node/cmake/receive_nodeConfig-version.cmake
[5.375s] -- Installing: C:/Users/coenc/Documents/GitHub/Infrastructuur/install/receive_node/share/receive_node/package.xml
[5.672s] Invoked command in 'C:\Users\coenc\Documents\GitHub\Infrastructuur\build\receive_node' returned '0': c:\opt\ros\foxy\x64\Scripts\cmake.EXE --install C:\Users\coenc\Documents\GitHub\Infrastructuur\build\receive_node --config Release
