[0.094s] Invoking command in 'C:\Users\coenc\Documents\GitHub\Infrastructuur\build\send_node': c:\opt\ros\foxy\x64\Scripts\cmake.EXE C:\Users\coenc\Documents\GitHub\Infrastructuur\src\send_node -DCMAKE_INSTALL_PREFIX=C:\Users\coenc\Documents\GitHub\Infrastructuur\install\send_node
[0.188s] -- Selecting Windows SDK version 10.0.19041.0 to target Windows 10.0.22000.
[0.219s] -- Found ament_cmake: 0.9.9 (C:/opt/ros/foxy/x64/share/ament_cmake/cmake)
[0.266s] -- Using PYTHON_EXECUTABLE: C:/opt/ros/foxy/x64/python.exe
[0.625s] -- Found rclcpp: 2.4.0 (C:/opt/ros/foxy/x64/share/rclcpp/cmake)
[0.813s] -- Using all available rosidl_typesupport_c: rosidl_typesupport_fastrtps_c;rosidl_typesupport_introspection_c
[0.860s] -- Found rosidl_adapter: 1.2.1 (C:/opt/ros/foxy/x64/share/rosidl_adapter/cmake)
[1.110s] -- Found OpenSSL: C:/opt/ros/foxy/x64/Lib/libcrypto.lib (found version "1.1.1g")  
[1.235s] -- Found FastRTPS: C:/opt/ros/foxy/x64/include  
[1.625s] -- Using all available rosidl_typesupport_cpp: rosidl_typesupport_fastrtps_cpp;rosidl_typesupport_introspection_cpp
[1.844s] -- Found rmw_implementation_cmake: 1.0.3 (C:/opt/ros/foxy/x64/share/rmw_implementation_cmake/cmake)
[1.844s] -- Using RMW implementation 'rmw_fastrtps_cpp' as default
[1.844s] -- Looking for pthread.h
[2.453s] -- Looking for pthread.h - not found
[2.453s] -- Found Threads: TRUE  
[2.672s] -- Found std_msgs: 2.0.4 (C:/opt/ros/foxy/x64/share/std_msgs/cmake)
[2.797s] -- Configuring done
[2.969s] -- Generating done
[2.985s] -- Build files have been written to: C:/Users/coenc/Documents/GitHub/Infrastructuur/build/send_node
[3.000s] Invoked command in 'C:\Users\coenc\Documents\GitHub\Infrastructuur\build\send_node' returned '0': c:\opt\ros\foxy\x64\Scripts\cmake.EXE C:\Users\coenc\Documents\GitHub\Infrastructuur\src\send_node -DCMAKE_INSTALL_PREFIX=C:\Users\coenc\Documents\GitHub\Infrastructuur\install\send_node
[3.000s] Invoking command in 'C:\Users\coenc\Documents\GitHub\Infrastructuur\build\send_node': CL=/MP c:\opt\ros\foxy\x64\Scripts\cmake.EXE --build C:\Users\coenc\Documents\GitHub\Infrastructuur\build\send_node --config Release
[3.172s] Microsoft (R) Build Engine version 16.11.2+f32259642 for .NET Framework
[3.172s] Copyright (C) Microsoft Corporation. All rights reserved.
[3.172s] 
[3.469s]   Checking Build System
[3.641s]   Building Custom Rule C:/Users/coenc/Documents/GitHub/Infrastructuur/src/send_node/CMakeLists.txt
[3.766s]   main.cpp
[5.860s]   send_node.vcxproj -> C:\Users\coenc\Documents\GitHub\Infrastructuur\build\send_node\Release\send_node.exe
[5.906s]   Building Custom Rule C:/Users/coenc/Documents/GitHub/Infrastructuur/src/send_node/CMakeLists.txt
[5.969s] Invoked command in 'C:\Users\coenc\Documents\GitHub\Infrastructuur\build\send_node' returned '0': CL=/MP c:\opt\ros\foxy\x64\Scripts\cmake.EXE --build C:\Users\coenc\Documents\GitHub\Infrastructuur\build\send_node --config Release
[5.985s] Invoking command in 'C:\Users\coenc\Documents\GitHub\Infrastructuur\build\send_node': c:\opt\ros\foxy\x64\Scripts\cmake.EXE --install C:\Users\coenc\Documents\GitHub\Infrastructuur\build\send_node --config Release
[6.078s] -- Installing: C:/Users/coenc/Documents/GitHub/Infrastructuur/install/send_node/lib/send_node/send_node.exe
[6.078s] -- Up-to-date: C:/Users/coenc/Documents/GitHub/Infrastructuur/install/send_node/share/ament_index/resource_index/package_run_dependencies/send_node
[6.078s] -- Up-to-date: C:/Users/coenc/Documents/GitHub/Infrastructuur/install/send_node/share/ament_index/resource_index/parent_prefix_path/send_node
[6.078s] -- Up-to-date: C:/Users/coenc/Documents/GitHub/Infrastructuur/install/send_node/share/send_node/environment/ament_prefix_path.bat
[6.078s] -- Installing: C:/Users/coenc/Documents/GitHub/Infrastructuur/install/send_node/share/send_node/environment/ament_prefix_path.dsv
[6.078s] -- Up-to-date: C:/Users/coenc/Documents/GitHub/Infrastructuur/install/send_node/share/send_node/environment/path.bat
[6.078s] -- Installing: C:/Users/coenc/Documents/GitHub/Infrastructuur/install/send_node/share/send_node/environment/path.dsv
[6.078s] -- Up-to-date: C:/Users/coenc/Documents/GitHub/Infrastructuur/install/send_node/share/send_node/local_setup.bat
[6.110s] -- Installing: C:/Users/coenc/Documents/GitHub/Infrastructuur/install/send_node/share/send_node/local_setup.dsv
[6.110s] -- Installing: C:/Users/coenc/Documents/GitHub/Infrastructuur/install/send_node/share/send_node/package.dsv
[6.110s] -- Up-to-date: C:/Users/coenc/Documents/GitHub/Infrastructuur/install/send_node/share/ament_index/resource_index/packages/send_node
[6.110s] -- Up-to-date: C:/Users/coenc/Documents/GitHub/Infrastructuur/install/send_node/share/send_node/cmake/send_nodeConfig.cmake
[6.110s] -- Up-to-date: C:/Users/coenc/Documents/GitHub/Infrastructuur/install/send_node/share/send_node/cmake/send_nodeConfig-version.cmake
[6.110s] -- Up-to-date: C:/Users/coenc/Documents/GitHub/Infrastructuur/install/send_node/share/send_node/package.xml
[6.141s] Invoked command in 'C:\Users\coenc\Documents\GitHub\Infrastructuur\build\send_node' returned '0': c:\opt\ros\foxy\x64\Scripts\cmake.EXE --install C:\Users\coenc\Documents\GitHub\Infrastructuur\build\send_node --config Release
