[0.125s] Invoking command in 'C:\Users\coenc\Documents\GitHub\Infrastructuur\build\send_node': c:\opt\ros\foxy\x64\Scripts\cmake.EXE C:\Users\coenc\Documents\GitHub\Infrastructuur\src\send_node -DCMAKE_INSTALL_PREFIX=C:\Users\coenc\Documents\GitHub\Infrastructuur\install\send_node
[0.265s] -- Selecting Windows SDK version 10.0.19041.0 to target Windows 10.0.22000.
[0.297s] -- Found ament_cmake: 0.9.9 (C:/opt/ros/foxy/x64/share/ament_cmake/cmake)
[0.359s] -- Using PYTHON_EXECUTABLE: C:/opt/ros/foxy/x64/python.exe
[0.890s] -- Found rclcpp: 2.4.0 (C:/opt/ros/foxy/x64/share/rclcpp/cmake)
[0.968s] -- Using all available rosidl_typesupport_c: rosidl_typesupport_fastrtps_c;rosidl_typesupport_introspection_c
[0.984s] -- Found rosidl_adapter: 1.2.1 (C:/opt/ros/foxy/x64/share/rosidl_adapter/cmake)
[1.828s] -- Using all available rosidl_typesupport_cpp: rosidl_typesupport_fastrtps_cpp;rosidl_typesupport_introspection_cpp
[1.984s] -- Found rmw_implementation_cmake: 1.0.3 (C:/opt/ros/foxy/x64/share/rmw_implementation_cmake/cmake)
[2.000s] -- Using RMW implementation 'rmw_fastrtps_cpp' as default
[2.218s] -- Found std_msgs: 2.0.4 (C:/opt/ros/foxy/x64/share/std_msgs/cmake)
[2.422s] -- Configuring done
[2.875s] -- Generating done
[2.906s] -- Build files have been written to: C:/Users/coenc/Documents/GitHub/Infrastructuur/build/send_node
[2.937s] Invoked command in 'C:\Users\coenc\Documents\GitHub\Infrastructuur\build\send_node' returned '0': c:\opt\ros\foxy\x64\Scripts\cmake.EXE C:\Users\coenc\Documents\GitHub\Infrastructuur\src\send_node -DCMAKE_INSTALL_PREFIX=C:\Users\coenc\Documents\GitHub\Infrastructuur\install\send_node
[2.937s] Invoking command in 'C:\Users\coenc\Documents\GitHub\Infrastructuur\build\send_node': CL=/MP c:\opt\ros\foxy\x64\Scripts\cmake.EXE --build C:\Users\coenc\Documents\GitHub\Infrastructuur\build\send_node --config Release
[3.218s] Microsoft (R) Build Engine version 16.11.2+f32259642 for .NET Framework
[3.218s] Copyright (C) Microsoft Corporation. All rights reserved.
[3.218s] 
[4.047s]   main.cpp
[5.172s] C:\Users\coenc\Documents\GitHub\Infrastructuur\src\send_node\src\main.cpp(27,9): warning C4200: nonstandard extension used: zero-sized array in struct/union [C:\Users\coenc\Documents\GitHub\Infrastructuur\build\send_node\send_node.vcxproj]
[5.172s] C:\Users\coenc\Documents\GitHub\Infrastructuur\src\send_node\src\main.cpp(27,9): message : This member will be ignored by a defaulted constructor or copy/move assignment operator [C:\Users\coenc\Documents\GitHub\Infrastructuur\build\send_node\send_node.vcxproj]
[5.172s] C:\Users\coenc\Documents\GitHub\Infrastructuur\src\send_node\src\main.cpp(40,34): error C2229: class 'send_nodes' has an illegal zero-sized array [C:\Users\coenc\Documents\GitHub\Infrastructuur\build\send_node\send_node.vcxproj]
[5.172s] C:\Users\coenc\Documents\GitHub\Infrastructuur\src\send_node\src\main.cpp(19,1): error C2075: 'send_nodes::argv': initialization requires a brace-enclosed initializer list [C:\Users\coenc\Documents\GitHub\Infrastructuur\build\send_node\send_node.vcxproj]
[5.187s] C:\Users\coenc\Documents\GitHub\Infrastructuur\src\send_node\src\main.cpp(32,1): error C2679: binary '=': no operator found which takes a right-hand operand of type 'char *[]' (or there is no acceptable conversion) [C:\Users\coenc\Documents\GitHub\Infrastructuur\build\send_node\send_node.vcxproj]
[5.187s] C:\Program Files (x86)\Microsoft Visual Studio\2019\Professional\VC\Tools\MSVC\14.29.30133\include\xstring(3095,42): message : could be 'std::basic_string<char,std::char_traits<char>,std::allocator<char>> &std::basic_string<char,std::char_traits<char>,std::allocator<char>>::operator =(const _Elem)' [C:\Users\coenc\Documents\GitHub\Infrastructuur\build\send_node\send_node.vcxproj]
[5.187s]           with
[5.187s]           [
[5.187s]               _Elem=char
[5.187s]           ]
[5.187s] C:\Program Files (x86)\Microsoft Visual Studio\2019\Professional\VC\Tools\MSVC\14.29.30133\include\xstring(3091,42): message : or       'std::basic_string<char,std::char_traits<char>,std::allocator<char>> &std::basic_string<char,std::char_traits<char>,std::allocator<char>>::operator =(const _Elem *const )' [C:\Users\coenc\Documents\GitHub\Infrastructuur\build\send_node\send_node.vcxproj]
[5.187s]           with
[5.187s]           [
[5.187s]               _Elem=char
[5.187s]           ]
[5.187s] C:\Program Files (x86)\Microsoft Visual Studio\2019\Professional\VC\Tools\MSVC\14.29.30133\include\xstring(3076,42): message : or       'std::basic_string<char,std::char_traits<char>,std::allocator<char>> &std::basic_string<char,std::char_traits<char>,std::allocator<char>>::operator =(const std::basic_string<char,std::char_traits<char>,std::allocator<char>> &)' [C:\Users\coenc\Documents\GitHub\Infrastructuur\build\send_node\send_node.vcxproj]
[5.187s] C:\Program Files (x86)\Microsoft Visual Studio\2019\Professional\VC\Tools\MSVC\14.29.30133\include\xstring(2965,42): message : or       'std::basic_string<char,std::char_traits<char>,std::allocator<char>> &std::basic_string<char,std::char_traits<char>,std::allocator<char>>::operator =(std::initializer_list<_Elem>)' [C:\Users\coenc\Documents\GitHub\Infrastructuur\build\send_node\send_node.vcxproj]
[5.187s]           with
[5.187s]           [
[5.187s]               _Elem=char
[5.187s]           ]
[5.187s] C:\Program Files (x86)\Microsoft Visual Studio\2019\Professional\VC\Tools\MSVC\14.29.30133\include\xstring(2848,42): message : or       'std::basic_string<char,std::char_traits<char>,std::allocator<char>> &std::basic_string<char,std::char_traits<char>,std::allocator<char>>::operator =(std::basic_string<char,std::char_traits<char>,std::allocator<char>> &&) noexcept' [C:\Users\coenc\Documents\GitHub\Infrastructuur\build\send_node\send_node.vcxproj]
[5.203s] C:\Users\coenc\Documents\GitHub\Infrastructuur\src\send_node\src\main.cpp(32,1): message : while trying to match the argument list '(std::basic_string<char,std::char_traits<char>,std::allocator<char>>, char *[])' [C:\Users\coenc\Documents\GitHub\Infrastructuur\build\send_node\send_node.vcxproj]
[5.484s] Invoked command in 'C:\Users\coenc\Documents\GitHub\Infrastructuur\build\send_node' returned '1': CL=/MP c:\opt\ros\foxy\x64\Scripts\cmake.EXE --build C:\Users\coenc\Documents\GitHub\Infrastructuur\build\send_node --config Release
