[0.281s] Invoking command in 'C:\Users\coenc\Documents\GitHub\Infrastructuur\build\receive_node': c:\opt\ros\foxy\x64\Scripts\cmake.EXE C:\Users\coenc\Documents\GitHub\Infrastructuur\src\receive_node -DCMAKE_INSTALL_PREFIX=C:\Users\coenc\Documents\GitHub\Infrastructuur\install\receive_node
[0.453s] -- Selecting Windows SDK version 10.0.19041.0 to target Windows 10.0.22000.
[0.516s] -- Found ament_cmake: 0.9.9 (C:/opt/ros/foxy/x64/share/ament_cmake/cmake)
[0.594s] -- Using PYTHON_EXECUTABLE: C:/opt/ros/foxy/x64/python.exe
[1.406s] -- Found rclcpp: 2.4.0 (C:/opt/ros/foxy/x64/share/rclcpp/cmake)
[1.547s] -- Using all available rosidl_typesupport_c: rosidl_typesupport_fastrtps_c;rosidl_typesupport_introspection_c
[1.563s] -- Found rosidl_adapter: 1.2.1 (C:/opt/ros/foxy/x64/share/rosidl_adapter/cmake)
[2.688s] -- Using all available rosidl_typesupport_cpp: rosidl_typesupport_fastrtps_cpp;rosidl_typesupport_introspection_cpp
[2.844s] -- Found rmw_implementation_cmake: 1.0.3 (C:/opt/ros/foxy/x64/share/rmw_implementation_cmake/cmake)
[2.859s] -- Using RMW implementation 'rmw_fastrtps_cpp' as default
[3.406s] -- Configuring done
[3.922s] -- Generating done
[3.953s] -- Build files have been written to: C:/Users/coenc/Documents/GitHub/Infrastructuur/build/receive_node
[3.984s] Invoked command in 'C:\Users\coenc\Documents\GitHub\Infrastructuur\build\receive_node' returned '0': c:\opt\ros\foxy\x64\Scripts\cmake.EXE C:\Users\coenc\Documents\GitHub\Infrastructuur\src\receive_node -DCMAKE_INSTALL_PREFIX=C:\Users\coenc\Documents\GitHub\Infrastructuur\install\receive_node
[3.984s] Invoking command in 'C:\Users\coenc\Documents\GitHub\Infrastructuur\build\receive_node': CL=/MP c:\opt\ros\foxy\x64\Scripts\cmake.EXE --build C:\Users\coenc\Documents\GitHub\Infrastructuur\build\receive_node --config Release
[4.219s] Microsoft (R) Build Engine version 16.11.2+f32259642 for .NET Framework
[4.234s] Copyright (C) Microsoft Corporation. All rights reserved.
[4.234s] 
[4.969s]   main.cpp
[4.984s]   receive_node.cpp
[5.016s] C:\Users\coenc\Documents\GitHub\Infrastructuur\src\receive_node\src\receive_node.cpp(1,17): error C4430: missing type specifier - int assumed. Note: C++ does not support default-int [C:\Users\coenc\Documents\GitHub\Infrastructuur\build\receive_node\receive_node.vcxproj]
[5.016s] C:\Users\coenc\Documents\GitHub\Infrastructuur\src\receive_node\src\receive_node.cpp(1,17): error C2355: 'this': can only be referenced inside non-static member functions or non-static data member initializers [C:\Users\coenc\Documents\GitHub\Infrastructuur\build\receive_node\receive_node.vcxproj]
[5.031s] C:\Users\coenc\Documents\GitHub\Infrastructuur\src\receive_node\src\receive_node.cpp(1,43): error C2653: 'std_msgs': is not a class or namespace name [C:\Users\coenc\Documents\GitHub\Infrastructuur\build\receive_node\receive_node.vcxproj]
[5.031s] C:\Users\coenc\Documents\GitHub\Infrastructuur\src\receive_node\src\receive_node.cpp(1,58): error C2065: 'String': undeclared identifier [C:\Users\coenc\Documents\GitHub\Infrastructuur\build\receive_node\receive_node.vcxproj]
[5.031s] C:\Users\coenc\Documents\GitHub\Infrastructuur\src\receive_node\src\receive_node.cpp(2,20): error C2039: 'bind': is not a member of 'std' [C:\Users\coenc\Documents\GitHub\Infrastructuur\build\receive_node\receive_node.vcxproj]
[5.031s] predefined C++ types (compiler internal)(341): message : see declaration of 'std' [C:\Users\coenc\Documents\GitHub\Infrastructuur\build\receive_node\receive_node.vcxproj]
[5.047s] C:\Users\coenc\Documents\GitHub\Infrastructuur\src\receive_node\src\receive_node.cpp(2,26): error C2653: 'Subscriber_node': is not a class or namespace name [C:\Users\coenc\Documents\GitHub\Infrastructuur\build\receive_node\receive_node.vcxproj]
[5.063s] C:\Users\coenc\Documents\GitHub\Infrastructuur\src\receive_node\src\receive_node.cpp(2,43): error C2065: 'topic_callback': undeclared identifier [C:\Users\coenc\Documents\GitHub\Infrastructuur\build\receive_node\receive_node.vcxproj]
[5.063s] C:\Users\coenc\Documents\GitHub\Infrastructuur\src\receive_node\src\receive_node.cpp(2,59): error C2355: 'this': can only be referenced inside non-static member functions or non-static data member initializers [C:\Users\coenc\Documents\GitHub\Infrastructuur\build\receive_node\receive_node.vcxproj]
[5.078s] C:\Users\coenc\Documents\GitHub\Infrastructuur\src\receive_node\src\receive_node.cpp(2,65): error C2065: '_1': undeclared identifier [C:\Users\coenc\Documents\GitHub\Infrastructuur\build\receive_node\receive_node.vcxproj]
[5.078s] C:\Users\coenc\Documents\GitHub\Infrastructuur\src\receive_node\src\receive_node.cpp(2,24): error C3861: 'bind': identifier not found [C:\Users\coenc\Documents\GitHub\Infrastructuur\build\receive_node\receive_node.vcxproj]
[5.094s] C:\Users\coenc\Documents\GitHub\Infrastructuur\src\receive_node\src\receive_node.cpp(3,2): error C2059: syntax error: '}' [C:\Users\coenc\Documents\GitHub\Infrastructuur\build\receive_node\receive_node.vcxproj]
[5.094s] C:\Users\coenc\Documents\GitHub\Infrastructuur\src\receive_node\src\receive_node.cpp(3,2): error C2143: syntax error: missing ';' before '}' [C:\Users\coenc\Documents\GitHub\Infrastructuur\build\receive_node\receive_node.vcxproj]
[5.109s] C:\Users\coenc\Documents\GitHub\Infrastructuur\src\receive_node\src\receive_node.cpp(5,6): error C2653: 'receive_node': is not a class or namespace name [C:\Users\coenc\Documents\GitHub\Infrastructuur\build\receive_node\receive_node.vcxproj]
[5.109s] C:\Users\coenc\Documents\GitHub\Infrastructuur\src\receive_node\src\receive_node.cpp(5,41): error C2653: 'std_msgs': is not a class or namespace name [C:\Users\coenc\Documents\GitHub\Infrastructuur\build\receive_node\receive_node.vcxproj]
[5.109s] C:\Users\coenc\Documents\GitHub\Infrastructuur\src\receive_node\src\receive_node.cpp(5,84): error C2143: syntax error: missing ';' before '{' [C:\Users\coenc\Documents\GitHub\Infrastructuur\build\receive_node\receive_node.vcxproj]
[5.125s] C:\Users\coenc\Documents\GitHub\Infrastructuur\src\receive_node\src\receive_node.cpp(5,84): error C2447: '{': missing function header (old-style formal list?) [C:\Users\coenc\Documents\GitHub\Infrastructuur\build\receive_node\receive_node.vcxproj]
[6.234s] C:\Users\coenc\Documents\GitHub\Infrastructuur\src\receive_node\include\receive_node\receive_node.hpp(6,51): error C2039: 'sharedPtr': is not a member of 'std_msgs::msg::String_<std::allocator<void>>' (compiling source file C:\Users\coenc\Documents\GitHub\Infrastructuur\src\receive_node\src\main.cpp) [C:\Users\coenc\Documents\GitHub\Infrastructuur\build\receive_node\receive_node.vcxproj]
[6.234s] C:\opt\ros\foxy\x64\include\std_msgs/msg/detail/string__struct.hpp(122): message : see declaration of 'std_msgs::msg::String_<std::allocator<void>>' (compiling source file C:\Users\coenc\Documents\GitHub\Infrastructuur\src\receive_node\src\main.cpp) [C:\Users\coenc\Documents\GitHub\Infrastructuur\build\receive_node\receive_node.vcxproj]
[6.234s] C:\Users\coenc\Documents\GitHub\Infrastructuur\src\receive_node\include\receive_node\receive_node.hpp(6,61): error C4430: missing type specifier - int assumed. Note: C++ does not support default-int (compiling source file C:\Users\coenc\Documents\GitHub\Infrastructuur\src\receive_node\src\main.cpp) [C:\Users\coenc\Documents\GitHub\Infrastructuur\build\receive_node\receive_node.vcxproj]
[6.234s] C:\Users\coenc\Documents\GitHub\Infrastructuur\src\receive_node\include\receive_node\receive_node.hpp(6,61): error C2146: syntax error: missing ')' before identifier 'msg' (compiling source file C:\Users\coenc\Documents\GitHub\Infrastructuur\src\receive_node\src\main.cpp) [C:\Users\coenc\Documents\GitHub\Infrastructuur\build\receive_node\receive_node.vcxproj]
[6.234s] C:\Users\coenc\Documents\GitHub\Infrastructuur\src\receive_node\include\receive_node\receive_node.hpp(6,61): error C3646: 'msg': unknown override specifier (compiling source file C:\Users\coenc\Documents\GitHub\Infrastructuur\src\receive_node\src\main.cpp) [C:\Users\coenc\Documents\GitHub\Infrastructuur\build\receive_node\receive_node.vcxproj]
[6.234s] C:\Users\coenc\Documents\GitHub\Infrastructuur\src\receive_node\include\receive_node\receive_node.hpp(6,64): error C2059: syntax error: ')' (compiling source file C:\Users\coenc\Documents\GitHub\Infrastructuur\src\receive_node\src\main.cpp) [C:\Users\coenc\Documents\GitHub\Infrastructuur\build\receive_node\receive_node.vcxproj]
[6.234s] C:\Users\coenc\Documents\GitHub\Infrastructuur\src\receive_node\include\receive_node\receive_node.hpp(6,66): error C2143: syntax error: missing ';' before 'const' (compiling source file C:\Users\coenc\Documents\GitHub\Infrastructuur\src\receive_node\src\main.cpp) [C:\Users\coenc\Documents\GitHub\Infrastructuur\build\receive_node\receive_node.vcxproj]
[6.234s] C:\Users\coenc\Documents\GitHub\Infrastructuur\src\receive_node\include\receive_node\receive_node.hpp(6,71): error C4430: missing type specifier - int assumed. Note: C++ does not support default-int (compiling source file C:\Users\coenc\Documents\GitHub\Infrastructuur\src\receive_node\src\main.cpp) [C:\Users\coenc\Documents\GitHub\Infrastructuur\build\receive_node\receive_node.vcxproj]
[6.234s] C:\Users\coenc\Documents\GitHub\Infrastructuur\src\receive_node\include\receive_node\receive_node.hpp(6,71): error C2208: 'const int': no members defined using this type (compiling source file C:\Users\coenc\Documents\GitHub\Infrastructuur\src\receive_node\src\main.cpp) [C:\Users\coenc\Documents\GitHub\Infrastructuur\build\receive_node\receive_node.vcxproj]
[6.234s] C:\Users\coenc\Documents\GitHub\Infrastructuur\src\receive_node\include\receive_node\receive_node.hpp(6): warning C4091: ' ': ignored on left of 'const int' when no variable is declared (compiling source file C:\Users\coenc\Documents\GitHub\Infrastructuur\src\receive_node\src\main.cpp) [C:\Users\coenc\Documents\GitHub\Infrastructuur\build\receive_node\receive_node.vcxproj]
[6.266s] C:\Users\coenc\Documents\GitHub\Infrastructuur\src\receive_node\src\main.cpp(6,32): error C2065: 'Subscriber_node': undeclared identifier [C:\Users\coenc\Documents\GitHub\Infrastructuur\build\receive_node\receive_node.vcxproj]
[6.266s] C:\Users\coenc\Documents\GitHub\Infrastructuur\src\receive_node\src\main.cpp(6,20): error C2672: 'std::make_shared': no matching overloaded function found [C:\Users\coenc\Documents\GitHub\Infrastructuur\build\receive_node\receive_node.vcxproj]
[6.266s] C:\Users\coenc\Documents\GitHub\Infrastructuur\src\receive_node\src\main.cpp(6,49): error C2974: 'std::make_shared': invalid template argument for '_Ty', type expected [C:\Users\coenc\Documents\GitHub\Infrastructuur\build\receive_node\receive_node.vcxproj]
[6.266s] C:\Program Files (x86)\Microsoft Visual Studio\2019\Professional\VC\Tools\MSVC\14.29.30133\include\memory(2747): message : see declaration of 'std::make_shared' [C:\Users\coenc\Documents\GitHub\Infrastructuur\build\receive_node\receive_node.vcxproj]
[6.391s] Invoked command in 'C:\Users\coenc\Documents\GitHub\Infrastructuur\build\receive_node' returned '1': CL=/MP c:\opt\ros\foxy\x64\Scripts\cmake.EXE --build C:\Users\coenc\Documents\GitHub\Infrastructuur\build\receive_node --config Release
