[0.125s] Invoking command in 'C:\Users\coenc\Documents\GitHub\Infrastructuur\build\send_node': c:\opt\ros\foxy\x64\Scripts\cmake.EXE C:\Users\coenc\Documents\GitHub\Infrastructuur\src\send_node -DCMAKE_INSTALL_PREFIX=C:\Users\coenc\Documents\GitHub\Infrastructuur\install\send_node -G Visual Studio 16 2019
[0.422s] -- Selecting Windows SDK version 10.0.19041.0 to target Windows 10.0.22000.
[3.532s] -- The C compiler identification is MSVC 19.29.30141.0
[4.907s] -- The CXX compiler identification is MSVC 19.29.30141.0
[5.125s] -- Detecting C compiler ABI info
[6.391s] -- Detecting C compiler ABI info - done
[6.391s] -- Check for working C compiler: C:/Program Files (x86)/Microsoft Visual Studio/2019/Professional/VC/Tools/MSVC/14.29.30133/bin/Hostx64/x64/cl.exe - skipped
[6.391s] -- Detecting C compile features
[6.407s] -- Detecting C compile features - done
[6.422s] -- Detecting CXX compiler ABI info
[7.625s] -- Detecting CXX compiler ABI info - done
[7.641s] -- Check for working CXX compiler: C:/Program Files (x86)/Microsoft Visual Studio/2019/Professional/VC/Tools/MSVC/14.29.30133/bin/Hostx64/x64/cl.exe - skipped
[7.641s] -- Detecting CXX compile features
[7.641s] -- Detecting CXX compile features - done
[7.688s] -- Found ament_cmake: 0.9.9 (C:/opt/ros/foxy/x64/share/ament_cmake/cmake)
[8.250s] -- Found PythonInterp: C:/opt/ros/foxy/x64/python.exe (found suitable version "3.8.3", minimum required is "3") 
[8.250s] -- Using PYTHON_EXECUTABLE: C:/opt/ros/foxy/x64/python.exe
[10.875s] -- Found ament_lint_auto: 0.9.6 (C:/opt/ros/foxy/x64/share/ament_lint_auto/cmake)
[10.985s] CMake Error at C:/opt/ros/foxy/x64/share/ament_cmake_core/cmake/core/ament_package_xml.cmake:53 (message):
[10.985s]   ament_package_xml() package name 'send_node' in '/package.xml' does not
[10.985s]   match current PROJECT_NAME 'sendNode'.  You must call project() with the
[10.985s]   same package name before.
[10.985s] Call Stack (most recent call first):
[10.985s]   C:/opt/ros/foxy/x64/share/ament_lint_auto/cmake/ament_lint_auto_find_test_dependencies.cmake:31 (ament_package_xml)
[10.985s]   CMakeLists.txt:32 (ament_lint_auto_find_test_dependencies)
[10.985s] 
[10.985s] 
[10.985s] -- Configuring incomplete, errors occurred!
[10.985s] See also "C:/Users/coenc/Documents/GitHub/Infrastructuur/build/send_node/CMakeFiles/CMakeOutput.log".
