[0.062s] Invoking command in 'C:\Users\coenc\Documents\GitHub\Infrastructuur\build\rclcpp': c:\opt\ros\foxy\x64\Scripts\cmake.EXE C:\Users\coenc\Documents\GitHub\Infrastructuur\rclcpp-master\rclcpp -DCMAKE_INSTALL_PREFIX=C:\Users\coenc\Documents\GitHub\Infrastructuur\install\rclcpp
[0.140s] -- Selecting Windows SDK version 10.0.19041.0 to target Windows 10.0.22000.
[0.156s] -- Found ament_cmake_ros: 0.9.2 (C:/opt/ros/foxy/x64/share/ament_cmake_ros/cmake)
[0.218s] -- Found PythonInterp: C:/opt/ros/foxy/x64/python.exe (found suitable version "3.8.3", minimum required is "3") 
[0.218s] -- Using PYTHON_EXECUTABLE: C:/opt/ros/foxy/x64/python.exe
[0.547s] -- Found ament_index_cpp: 1.1.0 (C:/opt/ros/foxy/x64/share/ament_index_cpp/cmake)
[0.547s] -- Found builtin_interfaces: 1.0.0 (C:/opt/ros/foxy/x64/share/builtin_interfaces/cmake)
[0.578s] -- Using all available rosidl_typesupport_c: rosidl_typesupport_fastrtps_c;rosidl_typesupport_introspection_c
[0.593s] -- Found rosidl_adapter: 1.2.1 (C:/opt/ros/foxy/x64/share/rosidl_adapter/cmake)
[1.047s] -- Using all available rosidl_typesupport_cpp: rosidl_typesupport_fastrtps_cpp;rosidl_typesupport_introspection_cpp
[1.093s] -- Found libstatistics_collector: 1.0.1 (C:/opt/ros/foxy/x64/share/libstatistics_collector/cmake)
[1.140s] -- Found rmw_implementation_cmake: 1.0.3 (C:/opt/ros/foxy/x64/share/rmw_implementation_cmake/cmake)
[1.140s] -- Using RMW implementation 'rmw_fastrtps_cpp' as default
[1.203s] -- Found rosgraph_msgs: 1.0.0 (C:/opt/ros/foxy/x64/share/rosgraph_msgs/cmake)
[1.343s] -- Found ament_lint_auto: 0.9.6 (C:/opt/ros/foxy/x64/share/ament_lint_auto/cmake)
[1.640s] -- Performance tests are disabled by default, so Google Benchmark tests will be skipped. To enable these tests, set the CMake variable 'AMENT_RUN_PERFORMANCE_TESTS'.
[1.703s] -- Found PythonInterp: C:/opt/ros/foxy/x64/python.exe (found version "3.8.3") 
[2.234s] -- Using all available rosidl_typesupport_c: rosidl_typesupport_fastrtps_c;rosidl_typesupport_introspection_c
[2.265s] -- Using all available rosidl_typesupport_cpp: rosidl_typesupport_fastrtps_cpp;rosidl_typesupport_introspection_cpp
[2.312s] -- Found PythonInterp: C:/opt/ros/foxy/x64/python.exe (found suitable version "3.8.3", minimum required is "3.5") 
[2.312s] -- Found python_cmake_module: 0.8.1 (C:/opt/ros/foxy/x64/share/python_cmake_module/cmake)
[2.359s] -- Using PYTHON_EXECUTABLE: C:/opt/ros/foxy/x64/python.exe
[2.359s] -- Using PYTHON_INCLUDE_DIRS: C:/opt/ros/foxy/x64/include/python3.8
[2.359s] -- Using PYTHON_LIBRARIES: C:/opt/ros/foxy/x64/Lib/python38.lib
[2.531s] -- Using numpy include directory: C:\opt\ros\foxy\x64\lib\site-packages\numpy\core\include
[2.547s] CMake Error at test/rclcpp/CMakeLists.txt:16 (rosidl_get_typesupport_target):
[2.547s]   Unknown CMake command "rosidl_get_typesupport_target".
[2.547s] 
[2.547s] 
[2.547s] -- Configuring incomplete, errors occurred!
[2.547s] See also "C:/Users/coenc/Documents/GitHub/Infrastructuur/build/rclcpp/CMakeFiles/CMakeOutput.log".
[2.547s] See also "C:/Users/coenc/Documents/GitHub/Infrastructuur/build/rclcpp/CMakeFiles/CMakeError.log".
[2.578s] Invoked command in 'C:\Users\coenc\Documents\GitHub\Infrastructuur\build\rclcpp' returned '1': c:\opt\ros\foxy\x64\Scripts\cmake.EXE C:\Users\coenc\Documents\GitHub\Infrastructuur\rclcpp-master\rclcpp -DCMAKE_INSTALL_PREFIX=C:\Users\coenc\Documents\GitHub\Infrastructuur\install\rclcpp
