[0.582s] [34mcolcon[0m [1;30mDEBUG[0m [32mCommand line arguments: ['c:\\opt\\ros\\foxy\\x64\\Scripts\\colcon', 'build', '--event-handlers', 'console_direct+'][0m
[0.582s] [34mcolcon[0m [1;30mDEBUG[0m [32mParsed command line arguments: Namespace(ament_cmake_args=None, base_paths=['.'], build_base='build', catkin_cmake_args=None, catkin_skip_building_tests=False, cmake_args=None, cmake_clean_cache=False, cmake_clean_first=False, cmake_force_configure=False, cmake_target=None, cmake_target_skip_unavailable=False, continue_on_error=False, event_handlers=['console_direct+'], executor='parallel', ignore_user_meta=False, install_base='install', log_base=None, log_level=None, main=<bound method BuildVerb.main of <colcon_core.verb.build.BuildVerb object at 0x000001CA0D94AA60>>, merge_install=False, metas=['./colcon.meta'], packages_above=None, packages_above_and_dependencies=None, packages_above_depth=None, packages_end=None, packages_ignore=None, packages_ignore_regex=None, packages_select=None, packages_select_build_failed=False, packages_select_by_dep=None, packages_select_regex=None, packages_select_test_failures=False, packages_skip=None, packages_skip_build_finished=False, packages_skip_by_dep=None, packages_skip_regex=None, packages_skip_test_passed=False, packages_skip_up_to=None, packages_start=None, packages_up_to=None, packages_up_to_regex=None, parallel_workers=8, paths=None, symlink_install=False, test_result_base=None, verb_extension=<colcon_core.verb.build.BuildVerb object at 0x000001CA0D94AA60>, verb_name='build', verb_parser=<colcon_defaults.argument_parser.defaults.DefaultArgumentsDecorator object at 0x000001CA0D94AEB0>)[0m
[0.622s] [34mcolcon.colcon_core.package_discovery[0m [1;30mLevel 1[0m discover_packages(colcon_meta) check parameters
[0.622s] [34mcolcon.colcon_core.package_discovery[0m [1;30mLevel 1[0m discover_packages(recursive) check parameters
[0.622s] [34mcolcon.colcon_core.package_discovery[0m [1;30mLevel 1[0m discover_packages(ignore) check parameters
[0.622s] [34mcolcon.colcon_core.package_discovery[0m [1;30mLevel 1[0m discover_packages(path) check parameters
[0.622s] [34mcolcon.colcon_core.package_discovery[0m [1;30mLevel 1[0m discover_packages(colcon_meta) discover
[0.622s] [34mcolcon.colcon_core.package_discovery[0m [1;30mLevel 1[0m discover_packages(recursive) discover
[0.622s] [34mcolcon.colcon_core.package_discovery[0m [1;30mINFO[0m Crawling recursively for packages in 'C:\Users\coenc\Documents\GitHub\Infrastructuur'
[0.623s] [34mcolcon.colcon_core.package_identification[0m [1;30mLevel 1[0m _identify(.) by extensions ['ignore', 'ignore_ament_install']
[0.623s] [34mcolcon.colcon_core.package_identification[0m [1;30mLevel 1[0m _identify(.) by extension 'ignore'
[0.623s] [34mcolcon.colcon_core.package_identification[0m [1;30mLevel 1[0m _identify(.) by extension 'ignore_ament_install'
[0.623s] [34mcolcon.colcon_core.package_identification[0m [1;30mLevel 1[0m _identify(.) by extensions ['colcon_pkg']
[0.623s] [34mcolcon.colcon_core.package_identification[0m [1;30mLevel 1[0m _identify(.) by extension 'colcon_pkg'
[0.623s] [34mcolcon.colcon_core.package_identification[0m [1;30mLevel 1[0m _identify(.) by extensions ['colcon_meta']
[0.623s] [34mcolcon.colcon_core.package_identification[0m [1;30mLevel 1[0m _identify(.) by extension 'colcon_meta'
[0.623s] [34mcolcon.colcon_core.package_identification[0m [1;30mLevel 1[0m _identify(.) by extensions ['ros']
[0.623s] [34mcolcon.colcon_core.package_identification[0m [1;30mLevel 1[0m _identify(.) by extension 'ros'
[0.635s] [34mcolcon.colcon_core.package_identification[0m [1;30mLevel 1[0m _identify(.) by extensions ['cmake', 'python']
[0.635s] [34mcolcon.colcon_core.package_identification[0m [1;30mLevel 1[0m _identify(.) by extension 'cmake'
[0.635s] [34mcolcon.colcon_core.package_identification[0m [1;30mLevel 1[0m _identify(.) by extension 'python'
[0.635s] [34mcolcon.colcon_core.package_identification[0m [1;30mLevel 1[0m _identify(.) by extensions ['python_setup_py']
[0.635s] [34mcolcon.colcon_core.package_identification[0m [1;30mLevel 1[0m _identify(.) by extension 'python_setup_py'
[0.636s] [34mcolcon.colcon_core.package_identification[0m [1;30mLevel 1[0m _identify(build) by extensions ['ignore', 'ignore_ament_install']
[0.636s] [34mcolcon.colcon_core.package_identification[0m [1;30mLevel 1[0m _identify(build) by extension 'ignore'
[0.636s] [34mcolcon.colcon_core.package_identification[0m [1;30mLevel 1[0m _identify(build) ignored
[0.636s] [34mcolcon.colcon_core.package_identification[0m [1;30mLevel 1[0m _identify(install) by extensions ['ignore', 'ignore_ament_install']
[0.636s] [34mcolcon.colcon_core.package_identification[0m [1;30mLevel 1[0m _identify(install) by extension 'ignore'
[0.636s] [34mcolcon.colcon_core.package_identification[0m [1;30mLevel 1[0m _identify(install) ignored
[0.637s] [34mcolcon.colcon_core.package_identification[0m [1;30mLevel 1[0m _identify(log) by extensions ['ignore', 'ignore_ament_install']
[0.637s] [34mcolcon.colcon_core.package_identification[0m [1;30mLevel 1[0m _identify(log) by extension 'ignore'
[0.637s] [34mcolcon.colcon_core.package_identification[0m [1;30mLevel 1[0m _identify(log) ignored
[0.637s] [34mcolcon.colcon_core.package_identification[0m [1;30mLevel 1[0m _identify(src) by extensions ['ignore', 'ignore_ament_install']
[0.637s] [34mcolcon.colcon_core.package_identification[0m [1;30mLevel 1[0m _identify(src) by extension 'ignore'
[0.637s] [34mcolcon.colcon_core.package_identification[0m [1;30mLevel 1[0m _identify(src) by extension 'ignore_ament_install'
[0.637s] [34mcolcon.colcon_core.package_identification[0m [1;30mLevel 1[0m _identify(src) by extensions ['colcon_pkg']
[0.637s] [34mcolcon.colcon_core.package_identification[0m [1;30mLevel 1[0m _identify(src) by extension 'colcon_pkg'
[0.637s] [34mcolcon.colcon_core.package_identification[0m [1;30mLevel 1[0m _identify(src) by extensions ['colcon_meta']
[0.637s] [34mcolcon.colcon_core.package_identification[0m [1;30mLevel 1[0m _identify(src) by extension 'colcon_meta'
[0.637s] [34mcolcon.colcon_core.package_identification[0m [1;30mLevel 1[0m _identify(src) by extensions ['ros']
[0.637s] [34mcolcon.colcon_core.package_identification[0m [1;30mLevel 1[0m _identify(src) by extension 'ros'
[0.637s] [34mcolcon.colcon_core.package_identification[0m [1;30mLevel 1[0m _identify(src) by extensions ['cmake', 'python']
[0.638s] [34mcolcon.colcon_core.package_identification[0m [1;30mLevel 1[0m _identify(src) by extension 'cmake'
[0.638s] [34mcolcon.colcon_core.package_identification[0m [1;30mLevel 1[0m _identify(src) by extension 'python'
[0.638s] [34mcolcon.colcon_core.package_identification[0m [1;30mLevel 1[0m _identify(src) by extensions ['python_setup_py']
[0.638s] [34mcolcon.colcon_core.package_identification[0m [1;30mLevel 1[0m _identify(src) by extension 'python_setup_py'
[0.638s] [34mcolcon.colcon_core.package_identification[0m [1;30mLevel 1[0m _identify(src\receive_node) by extensions ['ignore', 'ignore_ament_install']
[0.638s] [34mcolcon.colcon_core.package_identification[0m [1;30mLevel 1[0m _identify(src\receive_node) by extension 'ignore'
[0.638s] [34mcolcon.colcon_core.package_identification[0m [1;30mLevel 1[0m _identify(src\receive_node) by extension 'ignore_ament_install'
[0.638s] [34mcolcon.colcon_core.package_identification[0m [1;30mLevel 1[0m _identify(src\receive_node) by extensions ['colcon_pkg']
[0.638s] [34mcolcon.colcon_core.package_identification[0m [1;30mLevel 1[0m _identify(src\receive_node) by extension 'colcon_pkg'
[0.638s] [34mcolcon.colcon_core.package_identification[0m [1;30mLevel 1[0m _identify(src\receive_node) by extensions ['colcon_meta']
[0.638s] [34mcolcon.colcon_core.package_identification[0m [1;30mLevel 1[0m _identify(src\receive_node) by extension 'colcon_meta'
[0.638s] [34mcolcon.colcon_core.package_identification[0m [1;30mLevel 1[0m _identify(src\receive_node) by extensions ['ros']
[0.638s] [34mcolcon.colcon_core.package_identification[0m [1;30mLevel 1[0m _identify(src\receive_node) by extension 'ros'
[0.641s] [34mcolcon.colcon_core.package_identification[0m [1;30mDEBUG[0m [32mPackage 'src\receive_node' with type 'ros.ament_cmake' and name 'receive_node'[0m
[0.642s] [34mcolcon.colcon_core.package_identification[0m [1;30mLevel 1[0m _identify(src\send_node) by extensions ['ignore', 'ignore_ament_install']
[0.642s] [34mcolcon.colcon_core.package_identification[0m [1;30mLevel 1[0m _identify(src\send_node) by extension 'ignore'
[0.642s] [34mcolcon.colcon_core.package_identification[0m [1;30mLevel 1[0m _identify(src\send_node) by extension 'ignore_ament_install'
[0.642s] [34mcolcon.colcon_core.package_identification[0m [1;30mLevel 1[0m _identify(src\send_node) by extensions ['colcon_pkg']
[0.642s] [34mcolcon.colcon_core.package_identification[0m [1;30mLevel 1[0m _identify(src\send_node) by extension 'colcon_pkg'
[0.642s] [34mcolcon.colcon_core.package_identification[0m [1;30mLevel 1[0m _identify(src\send_node) by extensions ['colcon_meta']
[0.642s] [34mcolcon.colcon_core.package_identification[0m [1;30mLevel 1[0m _identify(src\send_node) by extension 'colcon_meta'
[0.642s] [34mcolcon.colcon_core.package_identification[0m [1;30mLevel 1[0m _identify(src\send_node) by extensions ['ros']
[0.642s] [34mcolcon.colcon_core.package_identification[0m [1;30mLevel 1[0m _identify(src\send_node) by extension 'ros'
[0.643s] [34mcolcon.colcon_core.package_identification[0m [1;30mDEBUG[0m [32mPackage 'src\send_node' with type 'ros.ament_cmake' and name 'send_node'[0m
[0.643s] [34mcolcon.colcon_core.package_identification[0m [1;30mLevel 1[0m _identify(src\server_node) by extensions ['ignore', 'ignore_ament_install']
[0.643s] [34mcolcon.colcon_core.package_identification[0m [1;30mLevel 1[0m _identify(src\server_node) by extension 'ignore'
[0.643s] [34mcolcon.colcon_core.package_identification[0m [1;30mLevel 1[0m _identify(src\server_node) by extension 'ignore_ament_install'
[0.643s] [34mcolcon.colcon_core.package_identification[0m [1;30mLevel 1[0m _identify(src\server_node) by extensions ['colcon_pkg']
[0.643s] [34mcolcon.colcon_core.package_identification[0m [1;30mLevel 1[0m _identify(src\server_node) by extension 'colcon_pkg'
[0.643s] [34mcolcon.colcon_core.package_identification[0m [1;30mLevel 1[0m _identify(src\server_node) by extensions ['colcon_meta']
[0.643s] [34mcolcon.colcon_core.package_identification[0m [1;30mLevel 1[0m _identify(src\server_node) by extension 'colcon_meta'
[0.643s] [34mcolcon.colcon_core.package_identification[0m [1;30mLevel 1[0m _identify(src\server_node) by extensions ['ros']
[0.643s] [34mcolcon.colcon_core.package_identification[0m [1;30mLevel 1[0m _identify(src\server_node) by extension 'ros'
[0.644s] [34mcolcon.colcon_core.package_identification[0m [1;30mDEBUG[0m [32mPackage 'src\server_node' with type 'ros.ament_cmake' and name 'server_node'[0m
[0.644s] [34mcolcon.colcon_core.package_discovery[0m [1;30mLevel 1[0m discover_packages(recursive) using defaults
[0.644s] [34mcolcon.colcon_core.package_discovery[0m [1;30mLevel 1[0m discover_packages(ignore) discover
[0.644s] [34mcolcon.colcon_core.package_discovery[0m [1;30mLevel 1[0m discover_packages(ignore) using defaults
[0.644s] [34mcolcon.colcon_core.package_discovery[0m [1;30mLevel 1[0m discover_packages(path) discover
[0.644s] [34mcolcon.colcon_core.package_discovery[0m [1;30mLevel 1[0m discover_packages(path) using defaults
[0.677s] [34mcolcon.colcon_core.verb[0m [1;30mLevel 5[0m set package 'receive_node' build argument 'cmake_args' from command line to 'None'
[0.677s] [34mcolcon.colcon_core.verb[0m [1;30mLevel 5[0m set package 'receive_node' build argument 'cmake_target' from command line to 'None'
[0.677s] [34mcolcon.colcon_core.verb[0m [1;30mLevel 5[0m set package 'receive_node' build argument 'cmake_target_skip_unavailable' from command line to 'False'
[0.677s] [34mcolcon.colcon_core.verb[0m [1;30mLevel 5[0m set package 'receive_node' build argument 'cmake_clean_cache' from command line to 'False'
[0.677s] [34mcolcon.colcon_core.verb[0m [1;30mLevel 5[0m set package 'receive_node' build argument 'cmake_clean_first' from command line to 'False'
[0.677s] [34mcolcon.colcon_core.verb[0m [1;30mLevel 5[0m set package 'receive_node' build argument 'cmake_force_configure' from command line to 'False'
[0.677s] [34mcolcon.colcon_core.verb[0m [1;30mLevel 5[0m set package 'receive_node' build argument 'ament_cmake_args' from command line to 'None'
[0.677s] [34mcolcon.colcon_core.verb[0m [1;30mLevel 5[0m set package 'receive_node' build argument 'catkin_cmake_args' from command line to 'None'
[0.677s] [34mcolcon.colcon_core.verb[0m [1;30mLevel 5[0m set package 'receive_node' build argument 'catkin_skip_building_tests' from command line to 'False'
[0.677s] [34mcolcon.colcon_core.verb[0m [1;30mDEBUG[0m [32mBuilding package 'receive_node' with the following arguments: {'ament_cmake_args': None, 'build_base': 'C:\\Users\\coenc\\Documents\\GitHub\\Infrastructuur\\build\\receive_node', 'catkin_cmake_args': None, 'catkin_skip_building_tests': False, 'cmake_args': None, 'cmake_clean_cache': False, 'cmake_clean_first': False, 'cmake_force_configure': False, 'cmake_target': None, 'cmake_target_skip_unavailable': False, 'install_base': 'C:\\Users\\coenc\\Documents\\GitHub\\Infrastructuur\\install\\receive_node', 'merge_install': False, 'path': 'C:\\Users\\coenc\\Documents\\GitHub\\Infrastructuur\\src\\receive_node', 'symlink_install': False, 'test_result_base': None}[0m
[0.687s] [34mcolcon.colcon_core.verb[0m [1;30mLevel 5[0m set package 'send_node' build argument 'cmake_args' from command line to 'None'
[0.687s] [34mcolcon.colcon_core.verb[0m [1;30mLevel 5[0m set package 'send_node' build argument 'cmake_target' from command line to 'None'
[0.687s] [34mcolcon.colcon_core.verb[0m [1;30mLevel 5[0m set package 'send_node' build argument 'cmake_target_skip_unavailable' from command line to 'False'
[0.687s] [34mcolcon.colcon_core.verb[0m [1;30mLevel 5[0m set package 'send_node' build argument 'cmake_clean_cache' from command line to 'False'
[0.687s] [34mcolcon.colcon_core.verb[0m [1;30mLevel 5[0m set package 'send_node' build argument 'cmake_clean_first' from command line to 'False'
[0.687s] [34mcolcon.colcon_core.verb[0m [1;30mLevel 5[0m set package 'send_node' build argument 'cmake_force_configure' from command line to 'False'
[0.687s] [34mcolcon.colcon_core.verb[0m [1;30mLevel 5[0m set package 'send_node' build argument 'ament_cmake_args' from command line to 'None'
[0.687s] [34mcolcon.colcon_core.verb[0m [1;30mLevel 5[0m set package 'send_node' build argument 'catkin_cmake_args' from command line to 'None'
[0.687s] [34mcolcon.colcon_core.verb[0m [1;30mLevel 5[0m set package 'send_node' build argument 'catkin_skip_building_tests' from command line to 'False'
[0.687s] [34mcolcon.colcon_core.verb[0m [1;30mDEBUG[0m [32mBuilding package 'send_node' with the following arguments: {'ament_cmake_args': None, 'build_base': 'C:\\Users\\coenc\\Documents\\GitHub\\Infrastructuur\\build\\send_node', 'catkin_cmake_args': None, 'catkin_skip_building_tests': False, 'cmake_args': None, 'cmake_clean_cache': False, 'cmake_clean_first': False, 'cmake_force_configure': False, 'cmake_target': None, 'cmake_target_skip_unavailable': False, 'install_base': 'C:\\Users\\coenc\\Documents\\GitHub\\Infrastructuur\\install\\send_node', 'merge_install': False, 'path': 'C:\\Users\\coenc\\Documents\\GitHub\\Infrastructuur\\src\\send_node', 'symlink_install': False, 'test_result_base': None}[0m
[0.696s] [34mcolcon.colcon_core.verb[0m [1;30mLevel 5[0m set package 'server_node' build argument 'cmake_args' from command line to 'None'
[0.696s] [34mcolcon.colcon_core.verb[0m [1;30mLevel 5[0m set package 'server_node' build argument 'cmake_target' from command line to 'None'
[0.696s] [34mcolcon.colcon_core.verb[0m [1;30mLevel 5[0m set package 'server_node' build argument 'cmake_target_skip_unavailable' from command line to 'False'
[0.696s] [34mcolcon.colcon_core.verb[0m [1;30mLevel 5[0m set package 'server_node' build argument 'cmake_clean_cache' from command line to 'False'
[0.697s] [34mcolcon.colcon_core.verb[0m [1;30mLevel 5[0m set package 'server_node' build argument 'cmake_clean_first' from command line to 'False'
[0.697s] [34mcolcon.colcon_core.verb[0m [1;30mLevel 5[0m set package 'server_node' build argument 'cmake_force_configure' from command line to 'False'
[0.697s] [34mcolcon.colcon_core.verb[0m [1;30mLevel 5[0m set package 'server_node' build argument 'ament_cmake_args' from command line to 'None'
[0.697s] [34mcolcon.colcon_core.verb[0m [1;30mLevel 5[0m set package 'server_node' build argument 'catkin_cmake_args' from command line to 'None'
[0.697s] [34mcolcon.colcon_core.verb[0m [1;30mLevel 5[0m set package 'server_node' build argument 'catkin_skip_building_tests' from command line to 'False'
[0.697s] [34mcolcon.colcon_core.verb[0m [1;30mDEBUG[0m [32mBuilding package 'server_node' with the following arguments: {'ament_cmake_args': None, 'build_base': 'C:\\Users\\coenc\\Documents\\GitHub\\Infrastructuur\\build\\server_node', 'catkin_cmake_args': None, 'catkin_skip_building_tests': False, 'cmake_args': None, 'cmake_clean_cache': False, 'cmake_clean_first': False, 'cmake_force_configure': False, 'cmake_target': None, 'cmake_target_skip_unavailable': False, 'install_base': 'C:\\Users\\coenc\\Documents\\GitHub\\Infrastructuur\\install\\server_node', 'merge_install': False, 'path': 'C:\\Users\\coenc\\Documents\\GitHub\\Infrastructuur\\src\\server_node', 'symlink_install': False, 'test_result_base': None}[0m
[0.699s] [34mcolcon.colcon_core.executor[0m [1;30mINFO[0m Executing jobs using 'parallel' executor
[0.717s] [34mcolcon.colcon_parallel_executor.executor.parallel[0m [1;30mDEBUG[0m [32mrun_until_complete[0m
[0.717s] [34mcolcon.colcon_ros.task.ament_cmake.build[0m [1;30mINFO[0m Building ROS package in 'C:\Users\coenc\Documents\GitHub\Infrastructuur\src\receive_node' with build type 'ament_cmake'
[0.718s] [34mcolcon.colcon_cmake.task.cmake.build[0m [1;30mINFO[0m Building CMake package in 'C:\Users\coenc\Documents\GitHub\Infrastructuur\src\receive_node'
[0.726s] [34mcolcon.colcon_core.plugin_system[0m [1;30mINFO[0m Skipping extension 'colcon_core.shell.sh': Not used on Windows systems
[0.727s] [34mcolcon.colcon_core.shell[0m [1;30mINFO[0m Skip shell extension 'powershell' for command environment: Not usable outside of PowerShell
[0.735s] [34mcolcon.colcon_ros.prefix_path.catkin[0m [1;30mWARNING[0m [33mThe path 'C:\opt\ros\foxy\x64\tools\vcpkg\installed\x64-windows' in the environment variable CMAKE_PREFIX_PATH doesn't exist[0m
[0.780s] [34mcolcon.colcon_ros.task.ament_cmake.build[0m [1;30mINFO[0m Building ROS package in 'C:\Users\coenc\Documents\GitHub\Infrastructuur\src\send_node' with build type 'ament_cmake'
[0.781s] [34mcolcon.colcon_cmake.task.cmake.build[0m [1;30mINFO[0m Building CMake package in 'C:\Users\coenc\Documents\GitHub\Infrastructuur\src\send_node'
[0.786s] [34mcolcon.colcon_core.shell[0m [1;30mINFO[0m Skip shell extension 'powershell' for command environment: Not usable outside of PowerShell
[0.819s] [34mcolcon.colcon_ros.task.ament_cmake.build[0m [1;30mINFO[0m Building ROS package in 'C:\Users\coenc\Documents\GitHub\Infrastructuur\src\server_node' with build type 'ament_cmake'
[0.819s] [34mcolcon.colcon_cmake.task.cmake.build[0m [1;30mINFO[0m Building CMake package in 'C:\Users\coenc\Documents\GitHub\Infrastructuur\src\server_node'
[0.823s] [34mcolcon.colcon_core.shell[0m [1;30mINFO[0m Skip shell extension 'powershell' for command environment: Not usable outside of PowerShell
[0.864s] [34mcolcon.colcon_core.event_handler.log_command[0m [1;30mDEBUG[0m [32mInvoking command in 'C:\Users\coenc\Documents\GitHub\Infrastructuur\build\receive_node': c:\opt\ros\foxy\x64\Scripts\cmake.EXE C:\Users\coenc\Documents\GitHub\Infrastructuur\src\receive_node -DCMAKE_INSTALL_PREFIX=C:\Users\coenc\Documents\GitHub\Infrastructuur\install\receive_node[0m
[0.893s] [34mcolcon.colcon_core.event_handler.log_command[0m [1;30mDEBUG[0m [32mInvoking command in 'C:\Users\coenc\Documents\GitHub\Infrastructuur\build\send_node': c:\opt\ros\foxy\x64\Scripts\cmake.EXE C:\Users\coenc\Documents\GitHub\Infrastructuur\src\send_node -DCMAKE_INSTALL_PREFIX=C:\Users\coenc\Documents\GitHub\Infrastructuur\install\send_node[0m
[0.902s] [34mcolcon.colcon_core.event_handler.log_command[0m [1;30mDEBUG[0m [32mInvoking command in 'C:\Users\coenc\Documents\GitHub\Infrastructuur\build\server_node': c:\opt\ros\foxy\x64\Scripts\cmake.EXE C:\Users\coenc\Documents\GitHub\Infrastructuur\src\server_node -DCMAKE_INSTALL_PREFIX=C:\Users\coenc\Documents\GitHub\Infrastructuur\install\server_node[0m
[1.815s] [34mcolcon.colcon_core.event_handler.log_command[0m [1;30mDEBUG[0m [32mInvoked command in 'C:\Users\coenc\Documents\GitHub\Infrastructuur\build\server_node' returned '0': c:\opt\ros\foxy\x64\Scripts\cmake.EXE C:\Users\coenc\Documents\GitHub\Infrastructuur\src\server_node -DCMAKE_INSTALL_PREFIX=C:\Users\coenc\Documents\GitHub\Infrastructuur\install\server_node[0m
[1.818s] [34mcolcon.colcon_core.event_handler.log_command[0m [1;30mDEBUG[0m [32mInvoking command in 'C:\Users\coenc\Documents\GitHub\Infrastructuur\build\server_node': CL=/MP c:\opt\ros\foxy\x64\Scripts\cmake.EXE --build C:\Users\coenc\Documents\GitHub\Infrastructuur\build\server_node --config Release[0m
[1.830s] [34mcolcon.colcon_core.event_handler.log_command[0m [1;30mDEBUG[0m [32mInvoked command in 'C:\Users\coenc\Documents\GitHub\Infrastructuur\build\send_node' returned '0': c:\opt\ros\foxy\x64\Scripts\cmake.EXE C:\Users\coenc\Documents\GitHub\Infrastructuur\src\send_node -DCMAKE_INSTALL_PREFIX=C:\Users\coenc\Documents\GitHub\Infrastructuur\install\send_node[0m
[1.833s] [34mcolcon.colcon_core.event_handler.log_command[0m [1;30mDEBUG[0m [32mInvoking command in 'C:\Users\coenc\Documents\GitHub\Infrastructuur\build\send_node': CL=/MP c:\opt\ros\foxy\x64\Scripts\cmake.EXE --build C:\Users\coenc\Documents\GitHub\Infrastructuur\build\send_node --config Release[0m
[2.414s] [34mcolcon.colcon_core.event_handler.log_command[0m [1;30mDEBUG[0m [32mInvoked command in 'C:\Users\coenc\Documents\GitHub\Infrastructuur\build\send_node' returned '0': CL=/MP c:\opt\ros\foxy\x64\Scripts\cmake.EXE --build C:\Users\coenc\Documents\GitHub\Infrastructuur\build\send_node --config Release[0m
[2.511s] [34mcolcon.colcon_core.event_handler.log_command[0m [1;30mDEBUG[0m [32mInvoking command in 'C:\Users\coenc\Documents\GitHub\Infrastructuur\build\send_node': c:\opt\ros\foxy\x64\Scripts\cmake.EXE --install C:\Users\coenc\Documents\GitHub\Infrastructuur\build\send_node --config Release[0m
[2.514s] [34mcolcon.colcon_core.event_handler.log_command[0m [1;30mDEBUG[0m [32mInvoked command in 'C:\Users\coenc\Documents\GitHub\Infrastructuur\build\server_node' returned '0': CL=/MP c:\opt\ros\foxy\x64\Scripts\cmake.EXE --build C:\Users\coenc\Documents\GitHub\Infrastructuur\build\server_node --config Release[0m
[2.516s] [34mcolcon.colcon_core.event_handler.log_command[0m [1;30mDEBUG[0m [32mInvoking command in 'C:\Users\coenc\Documents\GitHub\Infrastructuur\build\server_node': c:\opt\ros\foxy\x64\Scripts\cmake.EXE --install C:\Users\coenc\Documents\GitHub\Infrastructuur\build\server_node --config Release[0m
[2.650s] [34mcolcon.colcon_core.environment[0m [1;30mLevel 1[0m create_environment_scripts_only(send_node)
[2.652s] [34mcolcon.colcon_core.event_handler.log_command[0m [1;30mDEBUG[0m [32mInvoked command in 'C:\Users\coenc\Documents\GitHub\Infrastructuur\build\send_node' returned '0': c:\opt\ros\foxy\x64\Scripts\cmake.EXE --install C:\Users\coenc\Documents\GitHub\Infrastructuur\build\send_node --config Release[0m
[2.670s] [34mcolcon.colcon_core.environment[0m [1;30mLevel 1[0m checking 'C:\Users\coenc\Documents\GitHub\Infrastructuur\install\send_node' for CMake module files
[2.671s] [34mcolcon.colcon_core.environment[0m [1;30mLevel 1[0m checking 'C:\Users\coenc\Documents\GitHub\Infrastructuur\install\send_node' for CMake config files
[2.671s] [34mcolcon.colcon_core.shell[0m [1;30mLevel 1[0m create_environment_hook('send_node', 'cmake_prefix_path')
[2.677s] [34mcolcon.colcon_core.shell[0m [1;30mINFO[0m Creating environment hook 'C:\Users\coenc\Documents\GitHub\Infrastructuur\install\send_node\share\send_node\hook\cmake_prefix_path.ps1'
[2.678s] [34mcolcon.colcon_core.shell[0m [1;30mINFO[0m Creating environment hook 'C:\Users\coenc\Documents\GitHub\Infrastructuur\install\send_node\share\send_node\hook\cmake_prefix_path.bat'
[2.679s] [34mcolcon.colcon_core.shell[0m [1;30mINFO[0m Creating environment descriptor 'C:\Users\coenc\Documents\GitHub\Infrastructuur\install\send_node\share\send_node\hook\cmake_prefix_path.dsv'
[2.680s] [34mcolcon.colcon_core.environment[0m [1;30mLevel 1[0m checking 'C:\Users\coenc\Documents\GitHub\Infrastructuur\install\send_node\bin'
[2.680s] [34mcolcon.colcon_core.environment[0m [1;30mLevel 1[0m checking 'C:\Users\coenc\Documents\GitHub\Infrastructuur\install\send_node\bin'
[2.680s] [34mcolcon.colcon_core.environment[0m [1;30mLevel 1[0m checking 'C:\Users\coenc\Documents\GitHub\Infrastructuur\install\send_node\Scripts'
[2.680s] [34mcolcon.colcon_core.environment[0m [1;30mLevel 1[0m checking 'C:\Users\coenc\Documents\GitHub\Infrastructuur\install\send_node\lib\pkgconfig\send_node.pc'
[2.680s] [34mcolcon.colcon_core.environment[0m [1;30mLevel 1[0m checking 'C:\Users\coenc\Documents\GitHub\Infrastructuur\install\send_node\Lib\site-packages'
[2.685s] [34mcolcon.colcon_core.shell[0m [1;30mINFO[0m Creating package script 'C:\Users\coenc\Documents\GitHub\Infrastructuur\install\send_node\share\send_node\package.ps1'
[2.687s] [34mcolcon.colcon_core.shell[0m [1;30mINFO[0m Creating package script 'C:\Users\coenc\Documents\GitHub\Infrastructuur\install\send_node\share\send_node\package.bat'
[2.688s] [34mcolcon.colcon_core.shell[0m [1;30mINFO[0m Creating package descriptor 'C:\Users\coenc\Documents\GitHub\Infrastructuur\install\send_node\share\send_node\package.dsv'
[2.689s] [34mcolcon.colcon_core.environment[0m [1;30mLevel 1[0m create_file_with_runtime_dependencies(C:\Users\coenc\Documents\GitHub\Infrastructuur\install\send_node\share\colcon-core\packages\send_node)
[2.693s] [34mcolcon.colcon_core.environment[0m [1;30mLevel 1[0m create_environment_scripts_only(send_node)
[2.700s] [34mcolcon.colcon_core.environment[0m [1;30mLevel 1[0m checking 'C:\Users\coenc\Documents\GitHub\Infrastructuur\install\send_node' for CMake module files
[2.701s] [34mcolcon.colcon_core.environment[0m [1;30mLevel 1[0m checking 'C:\Users\coenc\Documents\GitHub\Infrastructuur\install\send_node' for CMake config files
[2.702s] [34mcolcon.colcon_core.shell[0m [1;30mLevel 1[0m create_environment_hook('send_node', 'cmake_prefix_path')
[2.706s] [34mcolcon.colcon_core.shell[0m [1;30mINFO[0m Creating environment hook 'C:\Users\coenc\Documents\GitHub\Infrastructuur\install\send_node\share\send_node\hook\cmake_prefix_path.ps1'
[2.707s] [34mcolcon.colcon_core.shell[0m [1;30mINFO[0m Creating environment hook 'C:\Users\coenc\Documents\GitHub\Infrastructuur\install\send_node\share\send_node\hook\cmake_prefix_path.bat'
[2.707s] [34mcolcon.colcon_core.shell[0m [1;30mINFO[0m Creating environment descriptor 'C:\Users\coenc\Documents\GitHub\Infrastructuur\install\send_node\share\send_node\hook\cmake_prefix_path.dsv'
[2.708s] [34mcolcon.colcon_core.environment[0m [1;30mLevel 1[0m checking 'C:\Users\coenc\Documents\GitHub\Infrastructuur\install\send_node\bin'
[2.708s] [34mcolcon.colcon_core.environment[0m [1;30mLevel 1[0m checking 'C:\Users\coenc\Documents\GitHub\Infrastructuur\install\send_node\bin'
[2.708s] [34mcolcon.colcon_core.environment[0m [1;30mLevel 1[0m checking 'C:\Users\coenc\Documents\GitHub\Infrastructuur\install\send_node\Scripts'
[2.708s] [34mcolcon.colcon_core.environment[0m [1;30mLevel 1[0m checking 'C:\Users\coenc\Documents\GitHub\Infrastructuur\install\send_node\lib\pkgconfig\send_node.pc'
[2.708s] [34mcolcon.colcon_core.environment[0m [1;30mLevel 1[0m checking 'C:\Users\coenc\Documents\GitHub\Infrastructuur\install\send_node\Lib\site-packages'
[2.715s] [34mcolcon.colcon_core.shell[0m [1;30mINFO[0m Creating package script 'C:\Users\coenc\Documents\GitHub\Infrastructuur\install\send_node\share\send_node\package.ps1'
[2.716s] [34mcolcon.colcon_core.shell[0m [1;30mINFO[0m Creating package script 'C:\Users\coenc\Documents\GitHub\Infrastructuur\install\send_node\share\send_node\package.bat'
[2.717s] [34mcolcon.colcon_core.shell[0m [1;30mINFO[0m Creating package descriptor 'C:\Users\coenc\Documents\GitHub\Infrastructuur\install\send_node\share\send_node\package.dsv'
[2.717s] [34mcolcon.colcon_core.environment[0m [1;30mLevel 1[0m create_file_with_runtime_dependencies(C:\Users\coenc\Documents\GitHub\Infrastructuur\install\send_node\share\colcon-core\packages\send_node)
[2.720s] [34mcolcon.colcon_core.environment[0m [1;30mLevel 1[0m create_environment_scripts_only(server_node)
[2.728s] [34mcolcon.colcon_core.environment[0m [1;30mLevel 1[0m checking 'C:\Users\coenc\Documents\GitHub\Infrastructuur\install\server_node' for CMake module files
[2.731s] [34mcolcon.colcon_core.environment[0m [1;30mLevel 1[0m checking 'C:\Users\coenc\Documents\GitHub\Infrastructuur\install\server_node' for CMake config files
[2.732s] [34mcolcon.colcon_core.shell[0m [1;30mLevel 1[0m create_environment_hook('server_node', 'cmake_prefix_path')
[2.738s] [34mcolcon.colcon_core.shell[0m [1;30mINFO[0m Creating environment hook 'C:\Users\coenc\Documents\GitHub\Infrastructuur\install\server_node\share\server_node\hook\cmake_prefix_path.ps1'
[2.739s] [34mcolcon.colcon_core.event_handler.log_command[0m [1;30mDEBUG[0m [32mInvoked command in 'C:\Users\coenc\Documents\GitHub\Infrastructuur\build\server_node' returned '0': c:\opt\ros\foxy\x64\Scripts\cmake.EXE --install C:\Users\coenc\Documents\GitHub\Infrastructuur\build\server_node --config Release[0m
[2.739s] [34mcolcon.colcon_core.shell[0m [1;30mINFO[0m Creating environment hook 'C:\Users\coenc\Documents\GitHub\Infrastructuur\install\server_node\share\server_node\hook\cmake_prefix_path.bat'
[2.740s] [34mcolcon.colcon_core.shell[0m [1;30mINFO[0m Creating environment descriptor 'C:\Users\coenc\Documents\GitHub\Infrastructuur\install\server_node\share\server_node\hook\cmake_prefix_path.dsv'
[2.741s] [34mcolcon.colcon_core.environment[0m [1;30mLevel 1[0m checking 'C:\Users\coenc\Documents\GitHub\Infrastructuur\install\server_node\bin'
[2.741s] [34mcolcon.colcon_core.environment[0m [1;30mLevel 1[0m checking 'C:\Users\coenc\Documents\GitHub\Infrastructuur\install\server_node\bin'
[2.741s] [34mcolcon.colcon_core.environment[0m [1;30mLevel 1[0m checking 'C:\Users\coenc\Documents\GitHub\Infrastructuur\install\server_node\Scripts'
[2.741s] [34mcolcon.colcon_core.environment[0m [1;30mLevel 1[0m checking 'C:\Users\coenc\Documents\GitHub\Infrastructuur\install\server_node\lib\pkgconfig\server_node.pc'
[2.741s] [34mcolcon.colcon_core.environment[0m [1;30mLevel 1[0m checking 'C:\Users\coenc\Documents\GitHub\Infrastructuur\install\server_node\Lib\site-packages'
[2.746s] [34mcolcon.colcon_core.shell[0m [1;30mINFO[0m Creating package script 'C:\Users\coenc\Documents\GitHub\Infrastructuur\install\server_node\share\server_node\package.ps1'
[2.747s] [34mcolcon.colcon_core.shell[0m [1;30mINFO[0m Creating package script 'C:\Users\coenc\Documents\GitHub\Infrastructuur\install\server_node\share\server_node\package.bat'
[2.748s] [34mcolcon.colcon_core.shell[0m [1;30mINFO[0m Creating package descriptor 'C:\Users\coenc\Documents\GitHub\Infrastructuur\install\server_node\share\server_node\package.dsv'
[2.748s] [34mcolcon.colcon_core.environment[0m [1;30mLevel 1[0m create_file_with_runtime_dependencies(C:\Users\coenc\Documents\GitHub\Infrastructuur\install\server_node\share\colcon-core\packages\server_node)
[2.753s] [34mcolcon.colcon_core.environment[0m [1;30mLevel 1[0m create_environment_scripts_only(server_node)
[2.758s] [34mcolcon.colcon_core.environment[0m [1;30mLevel 1[0m checking 'C:\Users\coenc\Documents\GitHub\Infrastructuur\install\server_node' for CMake module files
[2.759s] [34mcolcon.colcon_core.environment[0m [1;30mLevel 1[0m checking 'C:\Users\coenc\Documents\GitHub\Infrastructuur\install\server_node' for CMake config files
[2.760s] [34mcolcon.colcon_core.shell[0m [1;30mLevel 1[0m create_environment_hook('server_node', 'cmake_prefix_path')
[2.764s] [34mcolcon.colcon_core.shell[0m [1;30mINFO[0m Creating environment hook 'C:\Users\coenc\Documents\GitHub\Infrastructuur\install\server_node\share\server_node\hook\cmake_prefix_path.ps1'
[2.765s] [34mcolcon.colcon_core.shell[0m [1;30mINFO[0m Creating environment hook 'C:\Users\coenc\Documents\GitHub\Infrastructuur\install\server_node\share\server_node\hook\cmake_prefix_path.bat'
[2.765s] [34mcolcon.colcon_core.shell[0m [1;30mINFO[0m Creating environment descriptor 'C:\Users\coenc\Documents\GitHub\Infrastructuur\install\server_node\share\server_node\hook\cmake_prefix_path.dsv'
[2.766s] [34mcolcon.colcon_core.environment[0m [1;30mLevel 1[0m checking 'C:\Users\coenc\Documents\GitHub\Infrastructuur\install\server_node\bin'
[2.766s] [34mcolcon.colcon_core.environment[0m [1;30mLevel 1[0m checking 'C:\Users\coenc\Documents\GitHub\Infrastructuur\install\server_node\bin'
[2.766s] [34mcolcon.colcon_core.environment[0m [1;30mLevel 1[0m checking 'C:\Users\coenc\Documents\GitHub\Infrastructuur\install\server_node\Scripts'
[2.766s] [34mcolcon.colcon_core.environment[0m [1;30mLevel 1[0m checking 'C:\Users\coenc\Documents\GitHub\Infrastructuur\install\server_node\lib\pkgconfig\server_node.pc'
[2.766s] [34mcolcon.colcon_core.environment[0m [1;30mLevel 1[0m checking 'C:\Users\coenc\Documents\GitHub\Infrastructuur\install\server_node\Lib\site-packages'
[2.771s] [34mcolcon.colcon_core.shell[0m [1;30mINFO[0m Creating package script 'C:\Users\coenc\Documents\GitHub\Infrastructuur\install\server_node\share\server_node\package.ps1'
[2.772s] [34mcolcon.colcon_core.shell[0m [1;30mINFO[0m Creating package script 'C:\Users\coenc\Documents\GitHub\Infrastructuur\install\server_node\share\server_node\package.bat'
[2.773s] [34mcolcon.colcon_core.shell[0m [1;30mINFO[0m Creating package descriptor 'C:\Users\coenc\Documents\GitHub\Infrastructuur\install\server_node\share\server_node\package.dsv'
[2.773s] [34mcolcon.colcon_core.environment[0m [1;30mLevel 1[0m create_file_with_runtime_dependencies(C:\Users\coenc\Documents\GitHub\Infrastructuur\install\server_node\share\colcon-core\packages\server_node)
[2.865s] [34mcolcon.colcon_core.event_handler.log_command[0m [1;30mDEBUG[0m [32mInvoked command in 'C:\Users\coenc\Documents\GitHub\Infrastructuur\build\receive_node' returned '0': c:\opt\ros\foxy\x64\Scripts\cmake.EXE C:\Users\coenc\Documents\GitHub\Infrastructuur\src\receive_node -DCMAKE_INSTALL_PREFIX=C:\Users\coenc\Documents\GitHub\Infrastructuur\install\receive_node[0m
[2.869s] [34mcolcon.colcon_core.event_handler.log_command[0m [1;30mDEBUG[0m [32mInvoking command in 'C:\Users\coenc\Documents\GitHub\Infrastructuur\build\receive_node': CL=/MP c:\opt\ros\foxy\x64\Scripts\cmake.EXE --build C:\Users\coenc\Documents\GitHub\Infrastructuur\build\receive_node --config Release[0m
[4.091s] [34mcolcon.colcon_core.event_handler.log_command[0m [1;30mDEBUG[0m [32mInvoked command in 'C:\Users\coenc\Documents\GitHub\Infrastructuur\build\receive_node' returned '0': CL=/MP c:\opt\ros\foxy\x64\Scripts\cmake.EXE --build C:\Users\coenc\Documents\GitHub\Infrastructuur\build\receive_node --config Release[0m
[4.092s] [34mcolcon.colcon_core.event_handler.log_command[0m [1;30mDEBUG[0m [32mInvoking command in 'C:\Users\coenc\Documents\GitHub\Infrastructuur\build\receive_node': c:\opt\ros\foxy\x64\Scripts\cmake.EXE --install C:\Users\coenc\Documents\GitHub\Infrastructuur\build\receive_node --config Release[0m
[4.264s] [34mcolcon.colcon_core.environment[0m [1;30mLevel 1[0m create_environment_scripts_only(receive_node)
[4.274s] [34mcolcon.colcon_core.environment[0m [1;30mLevel 1[0m checking 'C:\Users\coenc\Documents\GitHub\Infrastructuur\install\receive_node' for CMake module files
[4.274s] [34mcolcon.colcon_core.event_handler.log_command[0m [1;30mDEBUG[0m [32mInvoked command in 'C:\Users\coenc\Documents\GitHub\Infrastructuur\build\receive_node' returned '0': c:\opt\ros\foxy\x64\Scripts\cmake.EXE --install C:\Users\coenc\Documents\GitHub\Infrastructuur\build\receive_node --config Release[0m
[4.275s] [34mcolcon.colcon_core.environment[0m [1;30mLevel 1[0m checking 'C:\Users\coenc\Documents\GitHub\Infrastructuur\install\receive_node' for CMake config files
[4.276s] [34mcolcon.colcon_core.shell[0m [1;30mLevel 1[0m create_environment_hook('receive_node', 'cmake_prefix_path')
[4.280s] [34mcolcon.colcon_core.shell[0m [1;30mINFO[0m Creating environment hook 'C:\Users\coenc\Documents\GitHub\Infrastructuur\install\receive_node\share\receive_node\hook\cmake_prefix_path.ps1'
[4.281s] [34mcolcon.colcon_core.shell[0m [1;30mINFO[0m Creating environment hook 'C:\Users\coenc\Documents\GitHub\Infrastructuur\install\receive_node\share\receive_node\hook\cmake_prefix_path.bat'
[4.281s] [34mcolcon.colcon_core.shell[0m [1;30mINFO[0m Creating environment descriptor 'C:\Users\coenc\Documents\GitHub\Infrastructuur\install\receive_node\share\receive_node\hook\cmake_prefix_path.dsv'
[4.282s] [34mcolcon.colcon_core.environment[0m [1;30mLevel 1[0m checking 'C:\Users\coenc\Documents\GitHub\Infrastructuur\install\receive_node\bin'
[4.282s] [34mcolcon.colcon_core.environment[0m [1;30mLevel 1[0m checking 'C:\Users\coenc\Documents\GitHub\Infrastructuur\install\receive_node\bin'
[4.282s] [34mcolcon.colcon_core.environment[0m [1;30mLevel 1[0m checking 'C:\Users\coenc\Documents\GitHub\Infrastructuur\install\receive_node\Scripts'
[4.282s] [34mcolcon.colcon_core.environment[0m [1;30mLevel 1[0m checking 'C:\Users\coenc\Documents\GitHub\Infrastructuur\install\receive_node\lib\pkgconfig\receive_node.pc'
[4.283s] [34mcolcon.colcon_core.environment[0m [1;30mLevel 1[0m checking 'C:\Users\coenc\Documents\GitHub\Infrastructuur\install\receive_node\Lib\site-packages'
[4.286s] [34mcolcon.colcon_core.shell[0m [1;30mINFO[0m Creating package script 'C:\Users\coenc\Documents\GitHub\Infrastructuur\install\receive_node\share\receive_node\package.ps1'
[4.287s] [34mcolcon.colcon_core.shell[0m [1;30mINFO[0m Creating package script 'C:\Users\coenc\Documents\GitHub\Infrastructuur\install\receive_node\share\receive_node\package.bat'
[4.287s] [34mcolcon.colcon_core.shell[0m [1;30mINFO[0m Creating package descriptor 'C:\Users\coenc\Documents\GitHub\Infrastructuur\install\receive_node\share\receive_node\package.dsv'
[4.288s] [34mcolcon.colcon_core.environment[0m [1;30mLevel 1[0m create_file_with_runtime_dependencies(C:\Users\coenc\Documents\GitHub\Infrastructuur\install\receive_node\share\colcon-core\packages\receive_node)
[4.292s] [34mcolcon.colcon_core.environment[0m [1;30mLevel 1[0m create_environment_scripts_only(receive_node)
[4.297s] [34mcolcon.colcon_core.environment[0m [1;30mLevel 1[0m checking 'C:\Users\coenc\Documents\GitHub\Infrastructuur\install\receive_node' for CMake module files
[4.298s] [34mcolcon.colcon_core.environment[0m [1;30mLevel 1[0m checking 'C:\Users\coenc\Documents\GitHub\Infrastructuur\install\receive_node' for CMake config files
[4.299s] [34mcolcon.colcon_core.shell[0m [1;30mLevel 1[0m create_environment_hook('receive_node', 'cmake_prefix_path')
[4.302s] [34mcolcon.colcon_core.shell[0m [1;30mINFO[0m Creating environment hook 'C:\Users\coenc\Documents\GitHub\Infrastructuur\install\receive_node\share\receive_node\hook\cmake_prefix_path.ps1'
[4.303s] [34mcolcon.colcon_core.shell[0m [1;30mINFO[0m Creating environment hook 'C:\Users\coenc\Documents\GitHub\Infrastructuur\install\receive_node\share\receive_node\hook\cmake_prefix_path.bat'
[4.304s] [34mcolcon.colcon_core.shell[0m [1;30mINFO[0m Creating environment descriptor 'C:\Users\coenc\Documents\GitHub\Infrastructuur\install\receive_node\share\receive_node\hook\cmake_prefix_path.dsv'
[4.304s] [34mcolcon.colcon_core.environment[0m [1;30mLevel 1[0m checking 'C:\Users\coenc\Documents\GitHub\Infrastructuur\install\receive_node\bin'
[4.304s] [34mcolcon.colcon_core.environment[0m [1;30mLevel 1[0m checking 'C:\Users\coenc\Documents\GitHub\Infrastructuur\install\receive_node\bin'
[4.305s] [34mcolcon.colcon_core.environment[0m [1;30mLevel 1[0m checking 'C:\Users\coenc\Documents\GitHub\Infrastructuur\install\receive_node\Scripts'
[4.305s] [34mcolcon.colcon_core.environment[0m [1;30mLevel 1[0m checking 'C:\Users\coenc\Documents\GitHub\Infrastructuur\install\receive_node\lib\pkgconfig\receive_node.pc'
[4.305s] [34mcolcon.colcon_core.environment[0m [1;30mLevel 1[0m checking 'C:\Users\coenc\Documents\GitHub\Infrastructuur\install\receive_node\Lib\site-packages'
[4.309s] [34mcolcon.colcon_core.shell[0m [1;30mINFO[0m Creating package script 'C:\Users\coenc\Documents\GitHub\Infrastructuur\install\receive_node\share\receive_node\package.ps1'
[4.310s] [34mcolcon.colcon_core.shell[0m [1;30mINFO[0m Creating package script 'C:\Users\coenc\Documents\GitHub\Infrastructuur\install\receive_node\share\receive_node\package.bat'
[4.310s] [34mcolcon.colcon_core.shell[0m [1;30mINFO[0m Creating package descriptor 'C:\Users\coenc\Documents\GitHub\Infrastructuur\install\receive_node\share\receive_node\package.dsv'
[4.311s] [34mcolcon.colcon_core.environment[0m [1;30mLevel 1[0m create_file_with_runtime_dependencies(C:\Users\coenc\Documents\GitHub\Infrastructuur\install\receive_node\share\colcon-core\packages\receive_node)
[4.313s] [34mcolcon.colcon_parallel_executor.executor.parallel[0m [1;30mDEBUG[0m [32mrun_until_complete finished with '0'[0m
[4.313s] [34mcolcon.colcon_core.event_reactor[0m [1;30mDEBUG[0m [32mjoining thread[0m
[4.331s] [34mcolcon.colcon_core.plugin_system[0m [1;30mINFO[0m Skipping extension 'colcon_notification.desktop_notification.notify2': 'notify2' not found
[4.331s] [34mcolcon.colcon_core.plugin_system[0m [1;30mINFO[0m Skipping extension 'colcon_notification.desktop_notification.notify_send': Not used on non-Linux systems
[4.331s] [34mcolcon.colcon_core.plugin_system[0m [1;30mINFO[0m Skipping extension 'colcon_notification.desktop_notification.terminal_notifier': Not used on non-Darwin systems
[4.331s] [34mcolcon.colcon_notification.desktop_notification[0m [1;30mINFO[0m Sending desktop notification using 'win32'
[9.398s] [34mcolcon.colcon_core.event_reactor[0m [1;30mDEBUG[0m [32mjoined thread[0m
[9.404s] [34mcolcon.colcon_core.shell[0m [1;30mINFO[0m Creating prefix script 'C:\Users\coenc\Documents\GitHub\Infrastructuur\install\local_setup.ps1'
[9.407s] [34mcolcon.colcon_core.shell[0m [1;30mINFO[0m Creating prefix util module 'C:\Users\coenc\Documents\GitHub\Infrastructuur\install\_local_setup_util_ps1.py'
[9.409s] [34mcolcon.colcon_core.shell[0m [1;30mINFO[0m Creating prefix chain script 'C:\Users\coenc\Documents\GitHub\Infrastructuur\install\setup.ps1'
[9.416s] [34mcolcon.colcon_core.shell[0m [1;30mINFO[0m Creating prefix script 'C:\Users\coenc\Documents\GitHub\Infrastructuur\install\local_setup.bat'
[9.417s] [34mcolcon.colcon_core.shell[0m [1;30mINFO[0m Creating prefix util module 'C:\Users\coenc\Documents\GitHub\Infrastructuur\install\_local_setup_util_bat.py'
[9.418s] [34mcolcon.colcon_core.shell[0m [1;30mINFO[0m Creating prefix chain script 'C:\Users\coenc\Documents\GitHub\Infrastructuur\install\setup.bat'
