[0.062s] Invoking command in 'C:\Users\coenc\Documents\GitHub\Infrastructuur\build\send_node': c:\opt\ros\foxy\x64\Scripts\cmake.EXE C:\Users\coenc\Documents\GitHub\Infrastructuur\src\send_node -DCMAKE_INSTALL_PREFIX=C:\Users\coenc\Documents\GitHub\Infrastructuur\install\send_node
[0.172s] -- Selecting Windows SDK version 10.0.19041.0 to target Windows 10.0.22000.
[0.187s] -- Found ament_cmake: 0.9.9 (C:/opt/ros/foxy/x64/share/ament_cmake/cmake)
[0.234s] -- Using PYTHON_EXECUTABLE: C:/opt/ros/foxy/x64/python.exe
[0.609s] -- Found rclcpp: 2.4.0 (C:/opt/ros/foxy/x64/share/rclcpp/cmake)
[0.672s] -- Using all available rosidl_typesupport_c: rosidl_typesupport_fastrtps_c;rosidl_typesupport_introspection_c
[0.687s] -- Found rosidl_adapter: 1.2.1 (C:/opt/ros/foxy/x64/share/rosidl_adapter/cmake)
[1.312s] -- Using all available rosidl_typesupport_cpp: rosidl_typesupport_fastrtps_cpp;rosidl_typesupport_introspection_cpp
[1.422s] -- Found rmw_implementation_cmake: 1.0.3 (C:/opt/ros/foxy/x64/share/rmw_implementation_cmake/cmake)
[1.437s] -- Using RMW implementation 'rmw_fastrtps_cpp' as default
[1.687s] -- Found std_msgs: 2.0.4 (C:/opt/ros/foxy/x64/share/std_msgs/cmake)
[1.765s] -- Configuring done
[2.015s] -- Generating done
[2.031s] -- Build files have been written to: C:/Users/coenc/Documents/GitHub/Infrastructuur/build/send_node
[2.047s] Invoked command in 'C:\Users\coenc\Documents\GitHub\Infrastructuur\build\send_node' returned '0': c:\opt\ros\foxy\x64\Scripts\cmake.EXE C:\Users\coenc\Documents\GitHub\Infrastructuur\src\send_node -DCMAKE_INSTALL_PREFIX=C:\Users\coenc\Documents\GitHub\Infrastructuur\install\send_node
[2.047s] Invoking command in 'C:\Users\coenc\Documents\GitHub\Infrastructuur\build\send_node': CL=/MP c:\opt\ros\foxy\x64\Scripts\cmake.EXE --build C:\Users\coenc\Documents\GitHub\Infrastructuur\build\send_node --config Release
[2.218s] Microsoft (R) Build Engine version 16.11.2+f32259642 for .NET Framework
[2.218s] Copyright (C) Microsoft Corporation. All rights reserved.
[2.218s] 
[2.750s]   main.cpp
[3.484s] C:\Users\coenc\Documents\GitHub\Infrastructuur\src\send_node\src\main.cpp(23,1): error C3867: 'send_nodes::timer_callback': non-standard syntax; use '&' to create a pointer to member [C:\Users\coenc\Documents\GitHub\Infrastructuur\build\send_node\send_node.vcxproj]
[3.687s] Invoked command in 'C:\Users\coenc\Documents\GitHub\Infrastructuur\build\send_node' returned '1': CL=/MP c:\opt\ros\foxy\x64\Scripts\cmake.EXE --build C:\Users\coenc\Documents\GitHub\Infrastructuur\build\send_node --config Release
