[0.219s] Invoking command in 'C:\Users\coenc\Documents\GitHub\Infrastructuur\build\receive_node': c:\opt\ros\foxy\x64\Scripts\cmake.EXE C:\Users\coenc\Documents\GitHub\Infrastructuur\src\receive_node -DCMAKE_INSTALL_PREFIX=C:\Users\coenc\Documents\GitHub\Infrastructuur\install\receive_node
[0.344s] -- Selecting Windows SDK version 10.0.19041.0 to target Windows 10.0.22000.
[0.375s] -- Found ament_cmake: 0.9.9 (C:/opt/ros/foxy/x64/share/ament_cmake/cmake)
[0.437s] -- Using PYTHON_EXECUTABLE: C:/opt/ros/foxy/x64/python.exe
[0.937s] -- Found ament_lint_auto: 0.9.6 (C:/opt/ros/foxy/x64/share/ament_lint_auto/cmake)
[1.125s] -- Added test 'copyright' to check source files copyright and LICENSE
[1.125s] -- Added test 'cppcheck' to perform static code analysis on C / C++ code
[1.125s] -- Configured cppcheck include dirs: 
[1.125s] -- Configured cppcheck exclude dirs and/or files: 
[1.141s] -- Added test 'cpplint' to check C / C++ code against the Google style
[1.141s] -- Configured cpplint exclude dirs and/or files: 
[1.141s] -- Added test 'lint_cmake' to check CMake code style
[1.141s] -- Added test 'uncrustify' to check C / C++ code style
[1.141s] -- Configured uncrustify additional arguments: 
[1.141s] -- Added test 'xmllint' to check XML markup files
[1.219s] -- Configuring done
[1.516s] -- Generating done
[1.547s] -- Build files have been written to: C:/Users/coenc/Documents/GitHub/Infrastructuur/build/receive_node
[1.562s] Invoked command in 'C:\Users\coenc\Documents\GitHub\Infrastructuur\build\receive_node' returned '0': c:\opt\ros\foxy\x64\Scripts\cmake.EXE C:\Users\coenc\Documents\GitHub\Infrastructuur\src\receive_node -DCMAKE_INSTALL_PREFIX=C:\Users\coenc\Documents\GitHub\Infrastructuur\install\receive_node
[1.562s] Invoking command in 'C:\Users\coenc\Documents\GitHub\Infrastructuur\build\receive_node': CL=/MP c:\opt\ros\foxy\x64\Scripts\cmake.EXE --build C:\Users\coenc\Documents\GitHub\Infrastructuur\build\receive_node --config Release
[1.828s] Microsoft (R) Build Engine version 16.11.2+f32259642 for .NET Framework
[1.828s] Copyright (C) Microsoft Corporation. All rights reserved.
[1.828s] 
[2.469s] Invoked command in 'C:\Users\coenc\Documents\GitHub\Infrastructuur\build\receive_node' returned '0': CL=/MP c:\opt\ros\foxy\x64\Scripts\cmake.EXE --build C:\Users\coenc\Documents\GitHub\Infrastructuur\build\receive_node --config Release
[2.469s] Invoking command in 'C:\Users\coenc\Documents\GitHub\Infrastructuur\build\receive_node': c:\opt\ros\foxy\x64\Scripts\cmake.EXE --install C:\Users\coenc\Documents\GitHub\Infrastructuur\build\receive_node --config Release
[2.578s] -- Up-to-date: C:/Users/coenc/Documents/GitHub/Infrastructuur/install/receive_node/share/ament_index/resource_index/package_run_dependencies/receive_node
[2.578s] -- Installing: C:/Users/coenc/Documents/GitHub/Infrastructuur/install/receive_node/share/ament_index/resource_index/parent_prefix_path/receive_node
[2.578s] -- Up-to-date: C:/Users/coenc/Documents/GitHub/Infrastructuur/install/receive_node/share/receive_node/environment/ament_prefix_path.bat
[2.578s] -- Installing: C:/Users/coenc/Documents/GitHub/Infrastructuur/install/receive_node/share/receive_node/environment/ament_prefix_path.dsv
[2.594s] -- Up-to-date: C:/Users/coenc/Documents/GitHub/Infrastructuur/install/receive_node/share/receive_node/environment/path.bat
[2.594s] -- Installing: C:/Users/coenc/Documents/GitHub/Infrastructuur/install/receive_node/share/receive_node/environment/path.dsv
[2.594s] -- Up-to-date: C:/Users/coenc/Documents/GitHub/Infrastructuur/install/receive_node/share/receive_node/local_setup.bat
[2.594s] -- Installing: C:/Users/coenc/Documents/GitHub/Infrastructuur/install/receive_node/share/receive_node/local_setup.dsv
[2.594s] -- Installing: C:/Users/coenc/Documents/GitHub/Infrastructuur/install/receive_node/share/receive_node/package.dsv
[2.594s] -- Up-to-date: C:/Users/coenc/Documents/GitHub/Infrastructuur/install/receive_node/share/ament_index/resource_index/packages/receive_node
[2.594s] -- Up-to-date: C:/Users/coenc/Documents/GitHub/Infrastructuur/install/receive_node/share/receive_node/cmake/receive_nodeConfig.cmake
[2.594s] -- Up-to-date: C:/Users/coenc/Documents/GitHub/Infrastructuur/install/receive_node/share/receive_node/cmake/receive_nodeConfig-version.cmake
[2.594s] -- Up-to-date: C:/Users/coenc/Documents/GitHub/Infrastructuur/install/receive_node/share/receive_node/package.xml
[2.687s] Invoked command in 'C:\Users\coenc\Documents\GitHub\Infrastructuur\build\receive_node' returned '0': c:\opt\ros\foxy\x64\Scripts\cmake.EXE --install C:\Users\coenc\Documents\GitHub\Infrastructuur\build\receive_node --config Release
