[0.110s] Invoking command in 'C:\Users\coenc\Documents\GitHub\Infrastructuur\build\send_node': c:\opt\ros\foxy\x64\Scripts\cmake.EXE C:\Users\coenc\Documents\GitHub\Infrastructuur\src\send_node -DCMAKE_INSTALL_PREFIX=C:\Users\coenc\Documents\GitHub\Infrastructuur\install\send_node
[0.219s] -- Selecting Windows SDK version 10.0.19041.0 to target Windows 10.0.22000.
[0.313s] -- Found ament_cmake: 0.9.9 (C:/opt/ros/foxy/x64/share/ament_cmake/cmake)
[0.438s] -- Using PYTHON_EXECUTABLE: C:/opt/ros/foxy/x64/python.exe
[1.094s] -- Found rclcpp: 2.4.0 (C:/opt/ros/foxy/x64/share/rclcpp/cmake)
[1.391s] -- Using all available rosidl_typesupport_c: rosidl_typesupport_fastrtps_c;rosidl_typesupport_introspection_c
[1.422s] -- Found rosidl_adapter: 1.2.1 (C:/opt/ros/foxy/x64/share/rosidl_adapter/cmake)
[2.406s] -- Using all available rosidl_typesupport_cpp: rosidl_typesupport_fastrtps_cpp;rosidl_typesupport_introspection_cpp
[2.719s] -- Found rmw_implementation_cmake: 1.0.3 (C:/opt/ros/foxy/x64/share/rmw_implementation_cmake/cmake)
[2.750s] -- Using RMW implementation 'rmw_fastrtps_cpp' as default
[3.094s] -- Found std_msgs: 2.0.4 (C:/opt/ros/foxy/x64/share/std_msgs/cmake)
[3.328s] -- Configuring done
[3.547s] -- Generating done
[3.563s] -- Build files have been written to: C:/Users/coenc/Documents/GitHub/Infrastructuur/build/send_node
[3.578s] Invoked command in 'C:\Users\coenc\Documents\GitHub\Infrastructuur\build\send_node' returned '0': c:\opt\ros\foxy\x64\Scripts\cmake.EXE C:\Users\coenc\Documents\GitHub\Infrastructuur\src\send_node -DCMAKE_INSTALL_PREFIX=C:\Users\coenc\Documents\GitHub\Infrastructuur\install\send_node
[3.578s] Invoking command in 'C:\Users\coenc\Documents\GitHub\Infrastructuur\build\send_node': CL=/MP c:\opt\ros\foxy\x64\Scripts\cmake.EXE --build C:\Users\coenc\Documents\GitHub\Infrastructuur\build\send_node --config Release
[3.766s] Microsoft (R) Build Engine version 16.11.2+f32259642 for .NET Framework
[3.766s] Copyright (C) Microsoft Corporation. All rights reserved.
[3.766s] 
[4.141s]   Checking Build System
[4.328s]   Building Custom Rule C:/Users/coenc/Documents/GitHub/Infrastructuur/src/send_node/CMakeLists.txt
[4.641s]   main.cpp
[5.313s] C:\Users\coenc\Documents\GitHub\Infrastructuur\src\send_node\src\main.cpp(30,22): error C2065: 'argc': undeclared identifier [C:\Users\coenc\Documents\GitHub\Infrastructuur\build\send_node\send_node.vcxproj]
[5.500s] Invoked command in 'C:\Users\coenc\Documents\GitHub\Infrastructuur\build\send_node' returned '1': CL=/MP c:\opt\ros\foxy\x64\Scripts\cmake.EXE --build C:\Users\coenc\Documents\GitHub\Infrastructuur\build\send_node --config Release
