[0.109s] Invoking command in 'C:\Users\coenc\Documents\GitHub\Infrastructuur\build\send_node': c:\opt\ros\foxy\x64\Scripts\cmake.EXE C:\Users\coenc\Documents\GitHub\Infrastructuur\src\send_node -DCMAKE_INSTALL_PREFIX=C:\Users\coenc\Documents\GitHub\Infrastructuur\install\send_node
[0.250s] -- Selecting Windows SDK version 10.0.19041.0 to target Windows 10.0.22000.
[0.281s] -- Found ament_cmake: 0.9.9 (C:/opt/ros/foxy/x64/share/ament_cmake/cmake)
[0.359s] -- Using PYTHON_EXECUTABLE: C:/opt/ros/foxy/x64/python.exe
[0.843s] -- Found ament_lint_auto: 0.9.6 (C:/opt/ros/foxy/x64/share/ament_lint_auto/cmake)
[0.984s] -- Added test 'copyright' to check source files copyright and LICENSE
[1.000s] -- Added test 'cppcheck' to perform static code analysis on C / C++ code
[1.000s] -- Configured cppcheck include dirs: 
[1.000s] -- Configured cppcheck exclude dirs and/or files: 
[1.000s] -- Added test 'cpplint' to check C / C++ code against the Google style
[1.000s] -- Configured cpplint exclude dirs and/or files: 
[1.000s] -- Added test 'lint_cmake' to check CMake code style
[1.000s] -- Added test 'uncrustify' to check C / C++ code style
[1.000s] -- Configured uncrustify additional arguments: 
[1.000s] -- Added test 'xmllint' to check XML markup files
[1.078s] -- Configuring done
[1.328s] -- Generating done
[1.343s] -- Build files have been written to: C:/Users/coenc/Documents/GitHub/Infrastructuur/build/send_node
[1.359s] Invoked command in 'C:\Users\coenc\Documents\GitHub\Infrastructuur\build\send_node' returned '0': c:\opt\ros\foxy\x64\Scripts\cmake.EXE C:\Users\coenc\Documents\GitHub\Infrastructuur\src\send_node -DCMAKE_INSTALL_PREFIX=C:\Users\coenc\Documents\GitHub\Infrastructuur\install\send_node
[1.375s] Invoking command in 'C:\Users\coenc\Documents\GitHub\Infrastructuur\build\send_node': CL=/MP c:\opt\ros\foxy\x64\Scripts\cmake.EXE --build C:\Users\coenc\Documents\GitHub\Infrastructuur\build\send_node --config Release
[1.578s] Microsoft (R) Build Engine version 16.11.2+f32259642 for .NET Framework
[1.578s] Copyright (C) Microsoft Corporation. All rights reserved.
[1.578s] 
[2.062s] Invoked command in 'C:\Users\coenc\Documents\GitHub\Infrastructuur\build\send_node' returned '0': CL=/MP c:\opt\ros\foxy\x64\Scripts\cmake.EXE --build C:\Users\coenc\Documents\GitHub\Infrastructuur\build\send_node --config Release
[2.187s] Invoking command in 'C:\Users\coenc\Documents\GitHub\Infrastructuur\build\send_node': c:\opt\ros\foxy\x64\Scripts\cmake.EXE --install C:\Users\coenc\Documents\GitHub\Infrastructuur\build\send_node --config Release
[2.296s] -- Up-to-date: C:/Users/coenc/Documents/GitHub/Infrastructuur/install/send_node/share/ament_index/resource_index/package_run_dependencies/send_node
[2.296s] -- Installing: C:/Users/coenc/Documents/GitHub/Infrastructuur/install/send_node/share/ament_index/resource_index/parent_prefix_path/send_node
[2.296s] -- Up-to-date: C:/Users/coenc/Documents/GitHub/Infrastructuur/install/send_node/share/send_node/environment/ament_prefix_path.bat
[2.312s] -- Installing: C:/Users/coenc/Documents/GitHub/Infrastructuur/install/send_node/share/send_node/environment/ament_prefix_path.dsv
[2.312s] -- Up-to-date: C:/Users/coenc/Documents/GitHub/Infrastructuur/install/send_node/share/send_node/environment/path.bat
[2.312s] -- Installing: C:/Users/coenc/Documents/GitHub/Infrastructuur/install/send_node/share/send_node/environment/path.dsv
[2.312s] -- Up-to-date: C:/Users/coenc/Documents/GitHub/Infrastructuur/install/send_node/share/send_node/local_setup.bat
[2.312s] -- Installing: C:/Users/coenc/Documents/GitHub/Infrastructuur/install/send_node/share/send_node/local_setup.dsv
[2.312s] -- Installing: C:/Users/coenc/Documents/GitHub/Infrastructuur/install/send_node/share/send_node/package.dsv
[2.312s] -- Up-to-date: C:/Users/coenc/Documents/GitHub/Infrastructuur/install/send_node/share/ament_index/resource_index/packages/send_node
[2.312s] -- Up-to-date: C:/Users/coenc/Documents/GitHub/Infrastructuur/install/send_node/share/send_node/cmake/send_nodeConfig.cmake
[2.312s] -- Up-to-date: C:/Users/coenc/Documents/GitHub/Infrastructuur/install/send_node/share/send_node/cmake/send_nodeConfig-version.cmake
[2.312s] -- Up-to-date: C:/Users/coenc/Documents/GitHub/Infrastructuur/install/send_node/share/send_node/package.xml
[2.328s] Invoked command in 'C:\Users\coenc\Documents\GitHub\Infrastructuur\build\send_node' returned '0': c:\opt\ros\foxy\x64\Scripts\cmake.EXE --install C:\Users\coenc\Documents\GitHub\Infrastructuur\build\send_node --config Release
