[0.391s] Invoking command in 'C:\Users\coenc\Documents\GitHub\Infrastructuur\build\receive_node': c:\opt\ros\foxy\x64\Scripts\cmake.EXE C:\Users\coenc\Documents\GitHub\Infrastructuur\src\receive_node -DCMAKE_INSTALL_PREFIX=C:\Users\coenc\Documents\GitHub\Infrastructuur\install\receive_node
[0.453s] -- Selecting Windows SDK version 10.0.19041.0 to target Windows 10.0.22000.
[0.484s] -- Found ament_cmake: 0.9.9 (C:/opt/ros/foxy/x64/share/ament_cmake/cmake)
[0.578s] -- Using PYTHON_EXECUTABLE: C:/opt/ros/foxy/x64/python.exe
[1.250s] -- Found rclcpp: 2.4.0 (C:/opt/ros/foxy/x64/share/rclcpp/cmake)
[1.359s] -- Using all available rosidl_typesupport_c: rosidl_typesupport_fastrtps_c;rosidl_typesupport_introspection_c
[1.375s] -- Found rosidl_adapter: 1.2.1 (C:/opt/ros/foxy/x64/share/rosidl_adapter/cmake)
[2.375s] -- Using all available rosidl_typesupport_cpp: rosidl_typesupport_fastrtps_cpp;rosidl_typesupport_introspection_cpp
[2.547s] -- Found rmw_implementation_cmake: 1.0.3 (C:/opt/ros/foxy/x64/share/rmw_implementation_cmake/cmake)
[2.562s] -- Using RMW implementation 'rmw_fastrtps_cpp' as default
[2.812s] CMake Error at C:/opt/ros/foxy/x64/share/ament_cmake_target_dependencies/cmake/ament_target_dependencies.cmake:42 (message):
[2.812s]   ament_target_dependencies() the first argument must be a valid target name
[2.812s] Call Stack (most recent call first):
[2.812s]   CMakeLists.txt:38 (ament_target_dependencies)
[2.812s] 
[2.812s] 
[2.812s] -- Configuring incomplete, errors occurred!
[2.812s] See also "C:/Users/coenc/Documents/GitHub/Infrastructuur/build/receive_node/CMakeFiles/CMakeOutput.log".
[2.812s] See also "C:/Users/coenc/Documents/GitHub/Infrastructuur/build/receive_node/CMakeFiles/CMakeError.log".
[2.891s] Invoked command in 'C:\Users\coenc\Documents\GitHub\Infrastructuur\build\receive_node' returned '1': c:\opt\ros\foxy\x64\Scripts\cmake.EXE C:\Users\coenc\Documents\GitHub\Infrastructuur\src\receive_node -DCMAKE_INSTALL_PREFIX=C:\Users\coenc\Documents\GitHub\Infrastructuur\install\receive_node
