-- Selecting Windows SDK version 10.0.19041.0 to target Windows 10.0.22000.
-- The C compiler identification is MSVC 19.29.30141.0
-- The CXX compiler identification is MSVC 19.29.30141.0
-- Detecting C compiler ABI info
-- Detecting C compiler ABI info - done
-- Check for working C compiler: C:/Program Files (x86)/Microsoft Visual Studio/2019/Professional/VC/Tools/MSVC/14.29.30133/bin/Hostx64/x64/cl.exe - skipped
-- Detecting C compile features
-- Detecting C compile features - done
-- Detecting CXX compiler ABI info
-- Detecting CXX compiler ABI info - done
-- Check for working CXX compiler: C:/Program Files (x86)/Microsoft Visual Studio/2019/Professional/VC/Tools/MSVC/14.29.30133/bin/Hostx64/x64/cl.exe - skipped
-- Detecting CXX compile features
-- Detecting CXX compile features - done
-- Looking for pthread.h
-- Looking for pthread.h - not found
-- Found Threads: TRUE  
-- Found ament_cmake_ros: 0.9.2 (C:/opt/ros/foxy/x64/share/ament_cmake_ros/cmake)
-- Found PythonInterp: C:/opt/ros/foxy/x64/python.exe (found suitable version "3.8.3", minimum required is "3") 
-- Using PYTHON_EXECUTABLE: C:/opt/ros/foxy/x64/python.exe
-- Found ament_index_cpp: 1.1.0 (C:/opt/ros/foxy/x64/share/ament_index_cpp/cmake)
-- Found builtin_interfaces: 1.0.0 (C:/opt/ros/foxy/x64/share/builtin_interfaces/cmake)
-- Using all available rosidl_typesupport_c: rosidl_typesupport_fastrtps_c;rosidl_typesupport_introspection_c
-- Found rosidl_adapter: 1.2.1 (C:/opt/ros/foxy/x64/share/rosidl_adapter/cmake)
-- Found OpenSSL: C:/opt/ros/foxy/x64/Lib/libcrypto.lib (found version "1.1.1g")  
-- Found FastRTPS: C:/opt/ros/foxy/x64/include  
-- Using all available rosidl_typesupport_cpp: rosidl_typesupport_fastrtps_cpp;rosidl_typesupport_introspection_cpp
-- Found libstatistics_collector: 1.0.1 (C:/opt/ros/foxy/x64/share/libstatistics_collector/cmake)
-- Found rmw_implementation_cmake: 1.0.3 (C:/opt/ros/foxy/x64/share/rmw_implementation_cmake/cmake)
-- Using RMW implementation 'rmw_fastrtps_cpp' as default
-- Found rosgraph_msgs: 1.0.0 (C:/opt/ros/foxy/x64/share/rosgraph_msgs/cmake)
-- Found Python3: C:/opt/ros/foxy/x64/python.exe (found version "3.8.3") found components: Interpreter 
-- Found ament_lint_auto: 0.9.6 (C:/opt/ros/foxy/x64/share/ament_lint_auto/cmake)
-- Performance tests are disabled by default, so Google Benchmark tests will be skipped. To enable these tests, set the CMake variable 'AMENT_RUN_PERFORMANCE_TESTS'.
-- Found PythonInterp: C:/opt/ros/foxy/x64/python.exe (found version "3.8.3") 
-- Using all available rosidl_typesupport_c: rosidl_typesupport_fastrtps_c;rosidl_typesupport_introspection_c
-- Using all available rosidl_typesupport_cpp: rosidl_typesupport_fastrtps_cpp;rosidl_typesupport_introspection_cpp
-- Found PythonInterp: C:/opt/ros/foxy/x64/python.exe (found suitable version "3.8.3", minimum required is "3.5") 
-- Found python_cmake_module: 0.8.1 (C:/opt/ros/foxy/x64/share/python_cmake_module/cmake)
-- Found PythonLibs: C:/opt/ros/foxy/x64/Lib/python38.lib (found suitable version "3.8.3", minimum required is "3.5") 
-- Using PYTHON_EXECUTABLE: C:/opt/ros/foxy/x64/python.exe
-- Using PYTHON_INCLUDE_DIRS: C:/opt/ros/foxy/x64/include/python3.8
-- Using PYTHON_LIBRARIES: C:/opt/ros/foxy/x64/Lib/python38.lib
-- Found PythonExtra: .pyd  
-- Using numpy include directory: C:\opt\ros\foxy\x64\lib\site-packages\numpy\core\include
-- Configuring incomplete, errors occurred!
See also "C:/Users/coenc/Documents/GitHub/Infrastructuur/build/rclcpp/CMakeFiles/CMakeOutput.log".
See also "C:/Users/coenc/Documents/GitHub/Infrastructuur/build/rclcpp/CMakeFiles/CMakeError.log".
