[0.000000] (-) TimerEvent: {}
[0.000000] (rclcpp) JobQueued: {'identifier': 'rclcpp', 'dependencies': OrderedDict()}
[0.000000] (rclcpp_action) JobQueued: {'identifier': 'rclcpp_action', 'dependencies': OrderedDict([('rclcpp', 'C:\\Users\\coenc\\Documents\\GitHub\\Infrastructuur\\install\\rclcpp')])}
[0.000000] (rclcpp_components) JobQueued: {'identifier': 'rclcpp_components', 'dependencies': OrderedDict([('rclcpp', 'C:\\Users\\coenc\\Documents\\GitHub\\Infrastructuur\\install\\rclcpp')])}
[0.000000] (rclcpp_lifecycle) JobQueued: {'identifier': 'rclcpp_lifecycle', 'dependencies': OrderedDict([('rclcpp', 'C:\\Users\\coenc\\Documents\\GitHub\\Infrastructuur\\install\\rclcpp')])}
[0.000000] (receive_node) JobQueued: {'identifier': 'receive_node', 'dependencies': OrderedDict([('rclcpp', 'C:\\Users\\coenc\\Documents\\GitHub\\Infrastructuur\\install\\rclcpp')])}
[0.016000] (send_node) JobQueued: {'identifier': 'send_node', 'dependencies': OrderedDict([('rclcpp', 'C:\\Users\\coenc\\Documents\\GitHub\\Infrastructuur\\install\\rclcpp')])}
[0.016000] (server_node) JobQueued: {'identifier': 'server_node', 'dependencies': OrderedDict([('rclcpp', 'C:\\Users\\coenc\\Documents\\GitHub\\Infrastructuur\\install\\rclcpp')])}
[0.016000] (rclcpp) JobStarted: {'identifier': 'rclcpp'}
[0.063000] (rclcpp) JobProgress: {'identifier': 'rclcpp', 'progress': 'cmake'}
[0.078000] (rclcpp) Command: {'cmd': ['c:\\opt\\ros\\foxy\\x64\\Scripts\\cmake.EXE', 'C:\\Users\\coenc\\Documents\\GitHub\\Infrastructuur\\rclcpp-master\\rclcpp', '-DCMAKE_INSTALL_PREFIX=C:\\Users\\coenc\\Documents\\GitHub\\Infrastructuur\\install\\rclcpp'], 'cwd': 'C:\\Users\\coenc\\Documents\\GitHub\\Infrastructuur\\build\\rclcpp', 'env': OrderedDict([('ALLUSERSPROFILE', 'C:\\ProgramData'), ('AMENT_PREFIX_PATH', 'C:\\Users\\coenc\\Documents\\GitHub\\Infrastructuur\\install\\server_node;C:\\Users\\coenc\\Documents\\GitHub\\Infrastructuur\\install\\send_node;C:\\Users\\coenc\\Documents\\GitHub\\Infrastructuur\\install\\receive_node;c:\\opt\\ros\\foxy\\x64'), ('APPDATA', 'C:\\Users\\coenc\\AppData\\Roaming'), ('ChocolateyInstall', 'C:\\ProgramData\\chocolatey'), ('ChocolateyLastPathUpdate', '132932057870105431'), ('CMAKE_PREFIX_PATH', 'C:\\Users\\coenc\\Documents\\GitHub\\Infrastructuur\\install\\server_node;C:\\Users\\coenc\\Documents\\GitHub\\Infrastructuur\\install\\send_node;C:\\Users\\coenc\\Documents\\GitHub\\Infrastructuur\\install\\receive_node;C:\\opt\\ros\\foxy\\x64\\tools\\vcpkg\\installed\\x64-windows;c:\\opt\\ros\\foxy\\x64'), ('COLCON', '1'), ('COLCON_PREFIX_PATH', 'C:\\Users\\coenc\\Documents\\GitHub\\Infrastructuur\\install\\;c:\\opt\\ros\\foxy\\x64\\'), ('CommandPromptType', 'Native'), ('CommonProgramFiles', 'C:\\Program Files\\Common Files'), ('CommonProgramFiles(x86)', 'C:\\Program Files (x86)\\Common Files'), ('CommonProgramW6432', 'C:\\Program Files\\Common Files'), ('COMPUTERNAME', 'DESKTOP-2S573OP'), ('ComSpec', 'C:\\WINDOWS\\system32\\cmd.exe'), ('DevEnvDir', 'C:\\Program Files (x86)\\Microsoft Visual Studio\\2019\\Professional\\Common7\\IDE\\'), ('DriverData', 'C:\\Windows\\System32\\Drivers\\DriverData'), ('ExtensionSdkDir', 'C:\\Program Files (x86)\\Microsoft SDKs\\Windows Kits\\10\\ExtensionSDKs'), ('Framework40Version', 'v4.0'), ('FrameworkDir', 'C:\\Windows\\Microsoft.NET\\Framework64\\'), ('FrameworkDir64', 'C:\\Windows\\Microsoft.NET\\Framework64\\'), ('FrameworkVersion', 'v4.0.30319'), ('FrameworkVersion64', 'v4.0.30319'), ('FSHARPINSTALLDIR', 'C:\\Program Files (x86)\\Microsoft Visual Studio\\2019\\Professional\\Common7\\IDE\\CommonExtensions\\Microsoft\\FSharp\\Tools'), ('HCT', 'C:\\TI_SOFTWARE\\HCT'), ('HOMEDRIVE', 'C:'), ('HOMEPATH', '\\Users\\coenc'), ('INCLUDE', 'C:\\Program Files (x86)\\Microsoft Visual Studio\\2019\\Professional\\VC\\Tools\\MSVC\\14.29.30133\\ATLMFC\\include;C:\\Program Files (x86)\\Microsoft Visual Studio\\2019\\Professional\\VC\\Tools\\MSVC\\14.29.30133\\include;C:\\Program Files (x86)\\Windows Kits\\NETFXSDK\\4.8\\include\\um;C:\\Program Files (x86)\\Windows Kits\\10\\include\\10.0.19041.0\\ucrt;C:\\Program Files (x86)\\Windows Kits\\10\\include\\10.0.19041.0\\shared;C:\\Program Files (x86)\\Windows Kits\\10\\include\\10.0.19041.0\\um;C:\\Program Files (x86)\\Windows Kits\\10\\include\\10.0.19041.0\\winrt;C:\\Program Files (x86)\\Windows Kits\\10\\include\\10.0.19041.0\\cppwinrt'), ('LIB', 'C:\\Program Files (x86)\\Microsoft Visual Studio\\2019\\Professional\\VC\\Tools\\MSVC\\14.29.30133\\ATLMFC\\lib\\x64;C:\\Program Files (x86)\\Microsoft Visual Studio\\2019\\Professional\\VC\\Tools\\MSVC\\14.29.30133\\lib\\x64;C:\\Program Files (x86)\\Windows Kits\\NETFXSDK\\4.8\\lib\\um\\x64;C:\\Program Files (x86)\\Windows Kits\\10\\lib\\10.0.19041.0\\ucrt\\x64;C:\\Program Files (x86)\\Windows Kits\\10\\lib\\10.0.19041.0\\um\\x64'), ('LIBPATH', 'C:\\Program Files (x86)\\Microsoft Visual Studio\\2019\\Professional\\VC\\Tools\\MSVC\\14.29.30133\\ATLMFC\\lib\\x64;C:\\Program Files (x86)\\Microsoft Visual Studio\\2019\\Professional\\VC\\Tools\\MSVC\\14.29.30133\\lib\\x64;C:\\Program Files (x86)\\Microsoft Visual Studio\\2019\\Professional\\VC\\Tools\\MSVC\\14.29.30133\\lib\\x86\\store\\references;C:\\Program Files (x86)\\Windows Kits\\10\\UnionMetadata\\10.0.19041.0;C:\\Program Files (x86)\\Windows Kits\\10\\References\\10.0.19041.0;C:\\Windows\\Microsoft.NET\\Framework64\\v4.0.30319'), ('LOCALAPPDATA', 'C:\\Users\\coenc\\AppData\\Local'), ('LOGONSERVER', '\\\\DESKTOP-2S573OP'), ('NETFXSDKDir', 'C:\\Program Files (x86)\\Windows Kits\\NETFXSDK\\4.8\\'), ('NUMBER_OF_PROCESSORS', '8'), ('OneDrive', 'C:\\Users\\coenc\\OneDrive'), ('OS', 'Windows_NT'), ('Path', 'c:\\opt\\ros\\foxy\\x64\\;c:\\opt\\ros\\foxy\\x64\\opt\\rviz_ogre_vendor\\bin;C:\\opt\\ros\\foxy\\x64\\tools\\vcpkg\\installed\\x64-windows\\bin;C:\\opt\\ros\\foxy\\x64\\tools\\vcpkg;c:\\opt\\ros\\foxy\\x64\\Scripts;c:\\opt\\ros\\foxy\\x64\\bin;C:\\Program Files (x86)\\Microsoft Visual Studio\\2019\\Professional\\Common7\\IDE\\\\Extensions\\Microsoft\\IntelliCode\\CLI;C:\\Program Files (x86)\\Microsoft Visual Studio\\2019\\Professional\\VC\\Tools\\MSVC\\14.29.30133\\bin\\HostX64\\x64;C:\\Program Files (x86)\\Microsoft Visual Studio\\2019\\Professional\\Common7\\IDE\\VC\\VCPackages;C:\\Program Files (x86)\\Microsoft Visual Studio\\2019\\Professional\\Common7\\IDE\\CommonExtensions\\Microsoft\\TestWindow;C:\\Program Files (x86)\\Microsoft Visual Studio\\2019\\Professional\\Common7\\IDE\\CommonExtensions\\Microsoft\\TeamFoundation\\Team Explorer;C:\\Program Files (x86)\\Microsoft Visual Studio\\2019\\Professional\\MSBuild\\Current\\bin\\Roslyn;C:\\Program Files (x86)\\Microsoft Visual Studio\\2019\\Professional\\Team Tools\\Performance Tools\\x64;C:\\Program Files (x86)\\Microsoft Visual Studio\\2019\\Professional\\Team Tools\\Performance Tools;C:\\Program Files (x86)\\Microsoft Visual Studio\\Shared\\Common\\VSPerfCollectionTools\\vs2019\\\\x64;C:\\Program Files (x86)\\Microsoft Visual Studio\\Shared\\Common\\VSPerfCollectionTools\\vs2019\\;C:\\Program Files (x86)\\Microsoft SDKs\\Windows\\v10.0A\\bin\\NETFX 4.8 Tools\\x64\\;C:\\Program Files (x86)\\Microsoft Visual Studio\\2019\\Professional\\Common7\\IDE\\CommonExtensions\\Microsoft\\FSharp\\Tools;C:\\Program Files (x86)\\Microsoft Visual Studio\\2019\\Professional\\Common7\\Tools\\devinit;C:\\Program Files (x86)\\Windows Kits\\10\\bin\\10.0.19041.0\\x64;C:\\Program Files (x86)\\Windows Kits\\10\\bin\\x64;C:\\Program Files (x86)\\Microsoft Visual Studio\\2019\\Professional\\\\MSBuild\\Current\\Bin;C:\\Windows\\Microsoft.NET\\Framework64\\v4.0.30319;C:\\Program Files (x86)\\Microsoft Visual Studio\\2019\\Professional\\Common7\\IDE\\;C:\\Program Files (x86)\\Microsoft Visual Studio\\2019\\Professional\\Common7\\Tools\\;C:\\Program Files\\Eclipse Foundation\\jdk-8.0.302.8-hotspot\\bin;C:\\TI_SOFTWARE\\bmptk\\tools;C:\\WINDOWS\\system32;C:\\WINDOWS;C:\\WINDOWS\\System32\\Wbem;C:\\WINDOWS\\System32\\WindowsPowerShell\\v1.0\\;C:\\WINDOWS\\System32\\OpenSSH\\;C:\\Program Files\\dotnet\\;C:\\ProgramData\\chocolatey\\bin;C:\\Program Files\\Git\\cmd;C:\\Users\\coenc\\AppData\\Local\\Programs\\Python\\Python310\\Scripts\\;C:\\Users\\coenc\\AppData\\Local\\Programs\\Python\\Python310\\;C:\\Users\\coenc\\AppData\\Local\\Microsoft\\WindowsApps;C:\\Users\\coenc\\AppData\\Local\\GitHubDesktop\\bin;C:\\Users\\coenc\\AppData\\Local\\Programs\\Microsoft VS Code\\bin;C:\\Users\\coenc\\.dotnet\\tools;C:\\Program Files (x86)\\Microsoft Visual Studio\\2019\\Professional\\Common7\\IDE\\CommonExtensions\\Microsoft\\CMake\\CMake\\bin;C:\\Program Files (x86)\\Microsoft Visual Studio\\2019\\Professional\\Common7\\IDE\\CommonExtensions\\Microsoft\\CMake\\Ninja;C:\\Program Files (x86)\\Microsoft Visual Studio\\2019\\Professional\\Common7\\IDE\\VC\\Linux\\bin\\ConnectionManagerExe'), ('PATHEXT', '.COM;.EXE;.BAT;.CMD;.VBS;.VBE;.JS;.JSE;.WSF;.WSH;.MSC'), ('PKG_CONFIG_PATH', 'c:\\opt\\ros\\foxy\\x64\\lib\\pkgconfig'), ('Platform', 'x64'), ('PROCESSOR_ARCHITECTURE', 'AMD64'), ('PROCESSOR_IDENTIFIER', 'Intel64 Family 6 Model 140 Stepping 1, GenuineIntel'), ('PROCESSOR_LEVEL', '6'), ('PROCESSOR_REVISION', '8c01'), ('ProgramData', 'C:\\ProgramData'), ('ProgramFiles', 'C:\\Program Files'), ('ProgramFiles(x86)', 'C:\\Program Files (x86)'), ('ProgramW6432', 'C:\\Program Files'), ('PROMPT', '$P$G'), ('PSModulePath', 'C:\\Program Files\\WindowsPowerShell\\Modules;C:\\WINDOWS\\system32\\WindowsPowerShell\\v1.0\\Modules'), ('PUBLIC', 'C:\\Users\\Public'), ('PYTHONPATH', 'c:\\opt\\ros\\foxy\\x64\\Lib\\site-packages'), ('ROS_DISTRO', 'foxy'), ('ROS_ETC_DIR', 'C:\\opt\\ros\\foxy\\x64\\etc\\ros'), ('ROS_LOCALHOST_ONLY', '0'), ('ROS_PYTHON_VERSION', '3'), ('ROS_VERSION', '2'), ('SDF_PATH', 'C:\\opt\\ros\\foxy\\x64\\share\\sdformat\\1.6'), ('SystemDrive', 'C:'), ('SystemRoot', 'C:\\WINDOWS'), ('TEMP', 'C:\\Users\\coenc\\AppData\\Local\\Temp'), ('TMP', 'C:\\Users\\coenc\\AppData\\Local\\Temp'), ('UCRTVersion', '10.0.19041.0'), ('UniversalCRTSdkDir', 'C:\\Program Files (x86)\\Windows Kits\\10\\'), ('USERDOMAIN', 'DESKTOP-2S573OP'), ('USERDOMAIN_ROAMINGPROFILE', 'DESKTOP-2S573OP'), ('USERNAME', 'coenc'), ('USERPROFILE', 'C:\\Users\\coenc'), ('VCIDEInstallDir', 'C:\\Program Files (x86)\\Microsoft Visual Studio\\2019\\Professional\\Common7\\IDE\\VC\\'), ('VCINSTALLDIR', 'C:\\Program Files (x86)\\Microsoft Visual Studio\\2019\\Professional\\VC\\'), ('VCPKG_DEFAULT_TRIPLET', 'x64-windows'), ('VCPKG_ROOT', 'C:\\opt\\ros\\foxy\\x64\\tools\\vcpkg'), ('VCToolsInstallDir', 'C:\\Program Files (x86)\\Microsoft Visual Studio\\2019\\Professional\\VC\\Tools\\MSVC\\14.29.30133\\'), ('VCToolsRedistDir', 'C:\\Program Files (x86)\\Microsoft Visual Studio\\2019\\Professional\\VC\\Redist\\MSVC\\14.29.30133\\'), ('VCToolsVersion', '14.29.30133'), ('VisualStudioVersion', '16.0'), ('VS160COMNTOOLS', 'C:\\Program Files (x86)\\Microsoft Visual Studio\\2019\\Professional\\Common7\\Tools\\'), ('VSCMD_ARG_app_plat', 'Desktop'), ('VSCMD_ARG_HOST_ARCH', 'x64'), ('VSCMD_ARG_TGT_ARCH', 'x64'), ('VSCMD_VER', '16.11.11'), ('VSINSTALLDIR', 'C:\\Program Files (x86)\\Microsoft Visual Studio\\2019\\Professional\\'), ('windir', 'C:\\WINDOWS'), ('WindowsLibPath', 'C:\\Program Files (x86)\\Windows Kits\\10\\UnionMetadata\\10.0.19041.0;C:\\Program Files (x86)\\Windows Kits\\10\\References\\10.0.19041.0'), ('WindowsSdkBinPath', 'C:\\Program Files (x86)\\Windows Kits\\10\\bin\\'), ('WindowsSdkDir', 'C:\\Program Files (x86)\\Windows Kits\\10\\'), ('WindowsSDKLibVersion', '10.0.19041.0\\'), ('WindowsSdkVerBinPath', 'C:\\Program Files (x86)\\Windows Kits\\10\\bin\\10.0.19041.0\\'), ('WindowsSDKVersion', '10.0.19041.0\\'), ('WindowsSDK_ExecutablePath_x64', 'C:\\Program Files (x86)\\Microsoft SDKs\\Windows\\v10.0A\\bin\\NETFX 4.8 Tools\\x64\\'), ('WindowsSDK_ExecutablePath_x86', 'C:\\Program Files (x86)\\Microsoft SDKs\\Windows\\v10.0A\\bin\\NETFX 4.8 Tools\\'), ('ZES_ENABLE_SYSMAN', '1'), ('__devinit_path', 'C:\\Program Files (x86)\\Microsoft Visual Studio\\2019\\Professional\\Common7\\Tools\\devinit\\devinit.exe'), ('__DOTNET_ADD_64BIT', '1'), ('__DOTNET_PREFERRED_BITNESS', '64'), ('__VSCMD_PREINIT_PATH', 'C:\\Program Files\\Eclipse Foundation\\jdk-8.0.302.8-hotspot\\bin;C:\\TI_SOFTWARE\\bmptk\\tools;C:\\WINDOWS\\system32;C:\\WINDOWS;C:\\WINDOWS\\System32\\Wbem;C:\\WINDOWS\\System32\\WindowsPowerShell\\v1.0\\;C:\\WINDOWS\\System32\\OpenSSH\\;C:\\Program Files\\dotnet\\;C:\\ProgramData\\chocolatey\\bin;C:\\Program Files\\Git\\cmd;C:\\Users\\coenc\\AppData\\Local\\Programs\\Python\\Python310\\Scripts\\;C:\\Users\\coenc\\AppData\\Local\\Programs\\Python\\Python310\\;C:\\Users\\coenc\\AppData\\Local\\Microsoft\\WindowsApps;C:\\Users\\coenc\\AppData\\Local\\GitHubDesktop\\bin;C:\\Users\\coenc\\AppData\\Local\\Programs\\Microsoft VS Code\\bin;C:\\Users\\coenc\\.dotnet\\tools'), ('__VSCMD_script_err_count', '0')]), 'shell': False}
[0.109000] (-) TimerEvent: {}
[0.156000] (rclcpp) StdoutLine: {'line': b'-- Selecting Windows SDK version 10.0.19041.0 to target Windows 10.0.22000.\n'}
[0.172000] (rclcpp) StdoutLine: {'line': b'-- Found ament_cmake_ros: 0.9.2 (C:/opt/ros/foxy/x64/share/ament_cmake_ros/cmake)\n'}
[0.219000] (-) TimerEvent: {}
[0.234000] (rclcpp) StdoutLine: {'line': b'-- Found PythonInterp: C:/opt/ros/foxy/x64/python.exe (found suitable version "3.8.3", minimum required is "3") \n'}
[0.234000] (rclcpp) StdoutLine: {'line': b'-- Using PYTHON_EXECUTABLE: C:/opt/ros/foxy/x64/python.exe\n'}
[0.328000] (-) TimerEvent: {}
[0.438000] (-) TimerEvent: {}
[0.547000] (-) TimerEvent: {}
[0.563000] (rclcpp) StdoutLine: {'line': b'-- Found ament_index_cpp: 1.1.0 (C:/opt/ros/foxy/x64/share/ament_index_cpp/cmake)\n'}
[0.563000] (rclcpp) StdoutLine: {'line': b'-- Found builtin_interfaces: 1.0.0 (C:/opt/ros/foxy/x64/share/builtin_interfaces/cmake)\n'}
[0.594000] (rclcpp) StdoutLine: {'line': b'-- Using all available rosidl_typesupport_c: rosidl_typesupport_fastrtps_c;rosidl_typesupport_introspection_c\n'}
[0.609000] (rclcpp) StdoutLine: {'line': b'-- Found rosidl_adapter: 1.2.1 (C:/opt/ros/foxy/x64/share/rosidl_adapter/cmake)\n'}
[0.656000] (-) TimerEvent: {}
[0.766000] (-) TimerEvent: {}
[0.875000] (-) TimerEvent: {}
[0.984000] (-) TimerEvent: {}
[1.063000] (rclcpp) StdoutLine: {'line': b'-- Using all available rosidl_typesupport_cpp: rosidl_typesupport_fastrtps_cpp;rosidl_typesupport_introspection_cpp\n'}
[1.094000] (-) TimerEvent: {}
[1.109000] (rclcpp) StdoutLine: {'line': b'-- Found libstatistics_collector: 1.0.1 (C:/opt/ros/foxy/x64/share/libstatistics_collector/cmake)\n'}
[1.156000] (rclcpp) StdoutLine: {'line': b'-- Found rmw_implementation_cmake: 1.0.3 (C:/opt/ros/foxy/x64/share/rmw_implementation_cmake/cmake)\n'}
[1.156000] (rclcpp) StdoutLine: {'line': b"-- Using RMW implementation 'rmw_fastrtps_cpp' as default\n"}
[1.203000] (-) TimerEvent: {}
[1.219000] (rclcpp) StdoutLine: {'line': b'-- Found rosgraph_msgs: 1.0.0 (C:/opt/ros/foxy/x64/share/rosgraph_msgs/cmake)\n'}
[1.313000] (-) TimerEvent: {}
[1.359000] (rclcpp) StdoutLine: {'line': b'-- Found ament_lint_auto: 0.9.6 (C:/opt/ros/foxy/x64/share/ament_lint_auto/cmake)\n'}
[1.422000] (-) TimerEvent: {}
[1.531000] (-) TimerEvent: {}
[1.641000] (-) TimerEvent: {}
[1.656000] (rclcpp) StdoutLine: {'line': b"-- Performance tests are disabled by default, so Google Benchmark tests will be skipped. To enable these tests, set the CMake variable 'AMENT_RUN_PERFORMANCE_TESTS'.\n"}
[1.719000] (rclcpp) StdoutLine: {'line': b'-- Found PythonInterp: C:/opt/ros/foxy/x64/python.exe (found version "3.8.3") \n'}
[1.750000] (-) TimerEvent: {}
[1.859000] (-) TimerEvent: {}
[1.969000] (-) TimerEvent: {}
[2.078000] (-) TimerEvent: {}
[2.188000] (-) TimerEvent: {}
[2.250000] (rclcpp) StdoutLine: {'line': b'-- Using all available rosidl_typesupport_c: rosidl_typesupport_fastrtps_c;rosidl_typesupport_introspection_c\n'}
[2.281000] (rclcpp) StdoutLine: {'line': b'-- Using all available rosidl_typesupport_cpp: rosidl_typesupport_fastrtps_cpp;rosidl_typesupport_introspection_cpp\n'}
[2.297000] (-) TimerEvent: {}
[2.328000] (rclcpp) StdoutLine: {'line': b'-- Found PythonInterp: C:/opt/ros/foxy/x64/python.exe (found suitable version "3.8.3", minimum required is "3.5") \n'}
[2.328000] (rclcpp) StdoutLine: {'line': b'-- Found python_cmake_module: 0.8.1 (C:/opt/ros/foxy/x64/share/python_cmake_module/cmake)\n'}
[2.375000] (rclcpp) StdoutLine: {'line': b'-- Using PYTHON_EXECUTABLE: C:/opt/ros/foxy/x64/python.exe\n'}
[2.375000] (rclcpp) StdoutLine: {'line': b'-- Using PYTHON_INCLUDE_DIRS: C:/opt/ros/foxy/x64/include/python3.8\n'}
[2.375000] (rclcpp) StdoutLine: {'line': b'-- Using PYTHON_LIBRARIES: C:/opt/ros/foxy/x64/Lib/python38.lib\n'}
[2.406000] (-) TimerEvent: {}
[2.516000] (-) TimerEvent: {}
[2.547000] (rclcpp) StdoutLine: {'line': b'-- Using numpy include directory: C:\\opt\\ros\\foxy\\x64\\lib\\site-packages\\numpy\\core\\include\n'}
[2.563000] (rclcpp) StderrLine: {'line': b'CMake Error at test/rclcpp/CMakeLists.txt:16 (rosidl_get_typesupport_target):\n'}
[2.563000] (rclcpp) StderrLine: {'line': b'  Unknown CMake command "rosidl_get_typesupport_target".\n'}
[2.563000] (rclcpp) StderrLine: {'line': b'\n'}
[2.563000] (rclcpp) StderrLine: {'line': b'\n'}
[2.563000] (rclcpp) StdoutLine: {'line': b'-- Configuring incomplete, errors occurred!\n'}
[2.563000] (rclcpp) StdoutLine: {'line': b'See also "C:/Users/coenc/Documents/GitHub/Infrastructuur/build/rclcpp/CMakeFiles/CMakeOutput.log".\n'}
[2.563000] (rclcpp) StdoutLine: {'line': b'See also "C:/Users/coenc/Documents/GitHub/Infrastructuur/build/rclcpp/CMakeFiles/CMakeError.log".\n'}
[2.594000] (rclcpp) CommandEnded: {'returncode': 1}
[2.609000] (rclcpp) JobEnded: {'identifier': 'rclcpp', 'rc': 1}
[2.625000] (-) TimerEvent: {}
[2.625000] (rclcpp_action) JobSkipped: {'identifier': 'rclcpp_action'}
[2.625000] (rclcpp_components) JobSkipped: {'identifier': 'rclcpp_components'}
[2.625000] (rclcpp_lifecycle) JobSkipped: {'identifier': 'rclcpp_lifecycle'}
[2.625000] (receive_node) JobSkipped: {'identifier': 'receive_node'}
[2.625000] (send_node) JobSkipped: {'identifier': 'send_node'}
[2.625000] (server_node) JobSkipped: {'identifier': 'server_node'}
[2.625000] (-) EventReactorShutdown: {}
