[0.234s] Invoking command in 'C:\Users\coenc\Documents\GitHub\Infrastructuur\build\receive_node': c:\opt\ros\foxy\x64\Scripts\cmake.EXE C:\Users\coenc\Documents\GitHub\Infrastructuur\src\receive_node -DCMAKE_INSTALL_PREFIX=C:\Users\coenc\Documents\GitHub\Infrastructuur\install\receive_node
[0.421s] -- Selecting Windows SDK version 10.0.19041.0 to target Windows 10.0.22000.
[0.453s] -- Found ament_cmake: 0.9.9 (C:/opt/ros/foxy/x64/share/ament_cmake/cmake)
[0.531s] -- Using PYTHON_EXECUTABLE: C:/opt/ros/foxy/x64/python.exe
[1.125s] -- Found rclcpp: 2.4.0 (C:/opt/ros/foxy/x64/share/rclcpp/cmake)
[1.218s] -- Using all available rosidl_typesupport_c: rosidl_typesupport_fastrtps_c;rosidl_typesupport_introspection_c
[1.234s] -- Found rosidl_adapter: 1.2.1 (C:/opt/ros/foxy/x64/share/rosidl_adapter/cmake)
[2.187s] -- Using all available rosidl_typesupport_cpp: rosidl_typesupport_fastrtps_cpp;rosidl_typesupport_introspection_cpp
[2.359s] -- Found rmw_implementation_cmake: 1.0.3 (C:/opt/ros/foxy/x64/share/rmw_implementation_cmake/cmake)
[2.375s] -- Using RMW implementation 'rmw_fastrtps_cpp' as default
[2.890s] -- Configuring done
[3.343s] -- Generating done
[3.375s] -- Build files have been written to: C:/Users/coenc/Documents/GitHub/Infrastructuur/build/receive_node
[3.390s] Invoked command in 'C:\Users\coenc\Documents\GitHub\Infrastructuur\build\receive_node' returned '0': c:\opt\ros\foxy\x64\Scripts\cmake.EXE C:\Users\coenc\Documents\GitHub\Infrastructuur\src\receive_node -DCMAKE_INSTALL_PREFIX=C:\Users\coenc\Documents\GitHub\Infrastructuur\install\receive_node
[3.406s] Invoking command in 'C:\Users\coenc\Documents\GitHub\Infrastructuur\build\receive_node': CL=/MP c:\opt\ros\foxy\x64\Scripts\cmake.EXE --build C:\Users\coenc\Documents\GitHub\Infrastructuur\build\receive_node --config Release
[3.687s] Microsoft (R) Build Engine version 16.11.2+f32259642 for .NET Framework
[3.687s] Copyright (C) Microsoft Corporation. All rights reserved.
[3.687s] 
[4.437s]   main.cpp
[4.437s]   receive_node.cpp
[4.468s] C:\Users\coenc\Documents\GitHub\Infrastructuur\src\receive_node\src\main.cpp(1,10): fatal error C1083: Cannot open include file: 'rclcpp/rclcpp.hpp': No such file or directory [C:\Users\coenc\Documents\GitHub\Infrastructuur\build\receive_node\receiver.vcxproj]
[4.468s] C:\Users\coenc\Documents\GitHub\Infrastructuur\src\receive_node\src\receive_node.cpp(1,17): error C4430: missing type specifier - int assumed. Note: C++ does not support default-int [C:\Users\coenc\Documents\GitHub\Infrastructuur\build\receive_node\receiver.vcxproj]
[4.468s] C:\Users\coenc\Documents\GitHub\Infrastructuur\src\receive_node\src\receive_node.cpp(1,17): error C2355: 'this': can only be referenced inside non-static member functions or non-static data member initializers [C:\Users\coenc\Documents\GitHub\Infrastructuur\build\receive_node\receiver.vcxproj]
[4.468s] C:\Users\coenc\Documents\GitHub\Infrastructuur\src\receive_node\src\receive_node.cpp(1,43): error C2653: 'std_msgs': is not a class or namespace name [C:\Users\coenc\Documents\GitHub\Infrastructuur\build\receive_node\receiver.vcxproj]
[4.468s] C:\Users\coenc\Documents\GitHub\Infrastructuur\src\receive_node\src\receive_node.cpp(1,58): error C2065: 'String': undeclared identifier [C:\Users\coenc\Documents\GitHub\Infrastructuur\build\receive_node\receiver.vcxproj]
[4.468s] C:\Users\coenc\Documents\GitHub\Infrastructuur\src\receive_node\src\receive_node.cpp(2,20): error C2039: 'bind': is not a member of 'std' [C:\Users\coenc\Documents\GitHub\Infrastructuur\build\receive_node\receiver.vcxproj]
[4.484s] predefined C++ types (compiler internal)(341): message : see declaration of 'std' [C:\Users\coenc\Documents\GitHub\Infrastructuur\build\receive_node\receiver.vcxproj]
[4.484s] C:\Users\coenc\Documents\GitHub\Infrastructuur\src\receive_node\src\receive_node.cpp(2,26): error C2653: 'Subscriber_node': is not a class or namespace name [C:\Users\coenc\Documents\GitHub\Infrastructuur\build\receive_node\receiver.vcxproj]
[4.484s] C:\Users\coenc\Documents\GitHub\Infrastructuur\src\receive_node\src\receive_node.cpp(2,43): error C2065: 'topic_callback': undeclared identifier [C:\Users\coenc\Documents\GitHub\Infrastructuur\build\receive_node\receiver.vcxproj]
[4.484s] C:\Users\coenc\Documents\GitHub\Infrastructuur\src\receive_node\src\receive_node.cpp(2,59): error C2355: 'this': can only be referenced inside non-static member functions or non-static data member initializers [C:\Users\coenc\Documents\GitHub\Infrastructuur\build\receive_node\receiver.vcxproj]
[4.484s] C:\Users\coenc\Documents\GitHub\Infrastructuur\src\receive_node\src\receive_node.cpp(2,65): error C2065: '_1': undeclared identifier [C:\Users\coenc\Documents\GitHub\Infrastructuur\build\receive_node\receiver.vcxproj]
[4.484s] C:\Users\coenc\Documents\GitHub\Infrastructuur\src\receive_node\src\receive_node.cpp(2,24): error C3861: 'bind': identifier not found [C:\Users\coenc\Documents\GitHub\Infrastructuur\build\receive_node\receiver.vcxproj]
[4.484s] C:\Users\coenc\Documents\GitHub\Infrastructuur\src\receive_node\src\receive_node.cpp(3,2): error C2059: syntax error: '}' [C:\Users\coenc\Documents\GitHub\Infrastructuur\build\receive_node\receiver.vcxproj]
[4.484s] C:\Users\coenc\Documents\GitHub\Infrastructuur\src\receive_node\src\receive_node.cpp(3,2): error C2143: syntax error: missing ';' before '}' [C:\Users\coenc\Documents\GitHub\Infrastructuur\build\receive_node\receiver.vcxproj]
[4.484s] C:\Users\coenc\Documents\GitHub\Infrastructuur\src\receive_node\src\receive_node.cpp(5,6): error C2653: 'Subscriber_node': is not a class or namespace name [C:\Users\coenc\Documents\GitHub\Infrastructuur\build\receive_node\receiver.vcxproj]
[4.484s] C:\Users\coenc\Documents\GitHub\Infrastructuur\src\receive_node\src\receive_node.cpp(5,44): error C2653: 'std_msgs': is not a class or namespace name [C:\Users\coenc\Documents\GitHub\Infrastructuur\build\receive_node\receiver.vcxproj]
[4.484s] C:\Users\coenc\Documents\GitHub\Infrastructuur\src\receive_node\src\receive_node.cpp(5,87): error C2143: syntax error: missing ';' before '{' [C:\Users\coenc\Documents\GitHub\Infrastructuur\build\receive_node\receiver.vcxproj]
[4.484s] C:\Users\coenc\Documents\GitHub\Infrastructuur\src\receive_node\src\receive_node.cpp(5,87): error C2447: '{': missing function header (old-style formal list?) [C:\Users\coenc\Documents\GitHub\Infrastructuur\build\receive_node\receiver.vcxproj]
[4.750s] Invoked command in 'C:\Users\coenc\Documents\GitHub\Infrastructuur\build\receive_node' returned '1': CL=/MP c:\opt\ros\foxy\x64\Scripts\cmake.EXE --build C:\Users\coenc\Documents\GitHub\Infrastructuur\build\receive_node --config Release
