[0.125s] Invoking command in 'C:\Users\coenc\Documents\GitHub\Infrastructuur\build\receive_node': c:\opt\ros\foxy\x64\Scripts\cmake.EXE C:\Users\coenc\Documents\GitHub\Infrastructuur\src\receive_node -DCMAKE_INSTALL_PREFIX=C:\Users\coenc\Documents\GitHub\Infrastructuur\install\receive_node -G Visual Studio 16 2019
[0.469s] -- Selecting Windows SDK version 10.0.19041.0 to target Windows 10.0.22000.
[3.579s] -- The C compiler identification is MSVC 19.29.30141.0
[4.954s] -- The CXX compiler identification is MSVC 19.29.30141.0
[5.172s] -- Detecting C compiler ABI info
[6.438s] -- Detecting C compiler ABI info - done
[6.438s] -- Check for working C compiler: C:/Program Files (x86)/Microsoft Visual Studio/2019/Professional/VC/Tools/MSVC/14.29.30133/bin/Hostx64/x64/cl.exe - skipped
[6.438s] -- Detecting C compile features
[6.454s] -- Detecting C compile features - done
[6.469s] -- Detecting CXX compiler ABI info
[7.719s] -- Detecting CXX compiler ABI info - done
[7.735s] -- Check for working CXX compiler: C:/Program Files (x86)/Microsoft Visual Studio/2019/Professional/VC/Tools/MSVC/14.29.30133/bin/Hostx64/x64/cl.exe - skipped
[7.735s] -- Detecting CXX compile features
[7.735s] -- Detecting CXX compile features - done
[7.891s] -- Found ament_cmake: 0.9.9 (C:/opt/ros/foxy/x64/share/ament_cmake/cmake)
[8.297s] -- Found PythonInterp: C:/opt/ros/foxy/x64/python.exe (found suitable version "3.8.3", minimum required is "3") 
[8.297s] -- Using PYTHON_EXECUTABLE: C:/opt/ros/foxy/x64/python.exe
[10.922s] -- Found ament_lint_auto: 0.9.6 (C:/opt/ros/foxy/x64/share/ament_lint_auto/cmake)
[11.016s] CMake Error at C:/opt/ros/foxy/x64/share/ament_cmake_core/cmake/core/ament_package_xml.cmake:53 (message):
[11.016s]   ament_package_xml() package name 'receive_node' in '/package.xml' does not
[11.016s]   match current PROJECT_NAME 'receiveNode'.  You must call project() with the
[11.032s]   same package name before.
[11.032s] Call Stack (most recent call first):
[11.032s]   C:/opt/ros/foxy/x64/share/ament_lint_auto/cmake/ament_lint_auto_find_test_dependencies.cmake:31 (ament_package_xml)
[11.032s]   CMakeLists.txt:32 (ament_lint_auto_find_test_dependencies)
[11.032s] 
[11.032s] 
[11.032s] -- Configuring incomplete, errors occurred!
[11.032s] See also "C:/Users/coenc/Documents/GitHub/Infrastructuur/build/receive_node/CMakeFiles/CMakeOutput.log".
