[0.078s] Invoking command in 'C:\Users\coenc\Documents\GitHub\Infrastructuur\build\server_node': c:\opt\ros\foxy\x64\Scripts\cmake.EXE C:\Users\coenc\Documents\GitHub\Infrastructuur\src\server_node -DCMAKE_INSTALL_PREFIX=C:\Users\coenc\Documents\GitHub\Infrastructuur\install\server_node
[0.219s] -- Selecting Windows SDK version 10.0.19041.0 to target Windows 10.0.22000.
[0.234s] -- Found ament_cmake: 0.9.9 (C:/opt/ros/foxy/x64/share/ament_cmake/cmake)
[0.297s] -- Using PYTHON_EXECUTABLE: C:/opt/ros/foxy/x64/python.exe
[0.766s] -- Found ament_lint_auto: 0.9.6 (C:/opt/ros/foxy/x64/share/ament_lint_auto/cmake)
[3.000s] -- Added test 'copyright' to check source files copyright and LICENSE
[3.078s] -- Added test 'lint_cmake' to check CMake code style
[3.187s] -- Added test 'xmllint' to check XML markup files
[3.297s] -- Configuring done
[3.406s] -- Generating done
[3.437s] -- Build files have been written to: C:/Users/coenc/Documents/GitHub/Infrastructuur/build/server_node
[3.469s] Invoked command in 'C:\Users\coenc\Documents\GitHub\Infrastructuur\build\server_node' returned '0': c:\opt\ros\foxy\x64\Scripts\cmake.EXE C:\Users\coenc\Documents\GitHub\Infrastructuur\src\server_node -DCMAKE_INSTALL_PREFIX=C:\Users\coenc\Documents\GitHub\Infrastructuur\install\server_node
[3.469s] Invoking command in 'C:\Users\coenc\Documents\GitHub\Infrastructuur\build\server_node': CL=/MP c:\opt\ros\foxy\x64\Scripts\cmake.EXE --build C:\Users\coenc\Documents\GitHub\Infrastructuur\build\server_node --config Release
[3.828s] Microsoft (R) Build Engine version 16.11.2+f32259642 for .NET Framework
[3.844s] Copyright (C) Microsoft Corporation. All rights reserved.
[3.844s] 
[4.531s]   Checking Build System
[4.734s]   Building Custom Rule C:/Users/coenc/Documents/GitHub/Infrastructuur/src/server_node/CMakeLists.txt
[5.000s] Invoked command in 'C:\Users\coenc\Documents\GitHub\Infrastructuur\build\server_node' returned '0': CL=/MP c:\opt\ros\foxy\x64\Scripts\cmake.EXE --build C:\Users\coenc\Documents\GitHub\Infrastructuur\build\server_node --config Release
[5.000s] Invoking command in 'C:\Users\coenc\Documents\GitHub\Infrastructuur\build\server_node': c:\opt\ros\foxy\x64\Scripts\cmake.EXE --install C:\Users\coenc\Documents\GitHub\Infrastructuur\build\server_node --config Release
[5.125s] -- Installing: C:/Users/coenc/Documents/GitHub/Infrastructuur/install/server_node/share/ament_index/resource_index/package_run_dependencies/server_node
[5.141s] -- Installing: C:/Users/coenc/Documents/GitHub/Infrastructuur/install/server_node/share/ament_index/resource_index/parent_prefix_path/server_node
[5.141s] -- Installing: C:/Users/coenc/Documents/GitHub/Infrastructuur/install/server_node/share/server_node/environment/ament_prefix_path.bat
[5.172s] -- Installing: C:/Users/coenc/Documents/GitHub/Infrastructuur/install/server_node/share/server_node/environment/ament_prefix_path.dsv
[5.172s] -- Installing: C:/Users/coenc/Documents/GitHub/Infrastructuur/install/server_node/share/server_node/environment/path.bat
[5.187s] -- Installing: C:/Users/coenc/Documents/GitHub/Infrastructuur/install/server_node/share/server_node/environment/path.dsv
[5.187s] -- Installing: C:/Users/coenc/Documents/GitHub/Infrastructuur/install/server_node/share/server_node/local_setup.bat
[5.219s] -- Installing: C:/Users/coenc/Documents/GitHub/Infrastructuur/install/server_node/share/server_node/local_setup.dsv
[5.234s] -- Installing: C:/Users/coenc/Documents/GitHub/Infrastructuur/install/server_node/share/server_node/package.dsv
[5.250s] -- Installing: C:/Users/coenc/Documents/GitHub/Infrastructuur/install/server_node/share/ament_index/resource_index/packages/server_node
[5.250s] -- Installing: C:/Users/coenc/Documents/GitHub/Infrastructuur/install/server_node/share/server_node/cmake/server_nodeConfig.cmake
[5.250s] -- Installing: C:/Users/coenc/Documents/GitHub/Infrastructuur/install/server_node/share/server_node/cmake/server_nodeConfig-version.cmake
[5.250s] -- Installing: C:/Users/coenc/Documents/GitHub/Infrastructuur/install/server_node/share/server_node/package.xml
[5.281s] Invoked command in 'C:\Users\coenc\Documents\GitHub\Infrastructuur\build\server_node' returned '0': c:\opt\ros\foxy\x64\Scripts\cmake.EXE --install C:\Users\coenc\Documents\GitHub\Infrastructuur\build\server_node --config Release
