[0.234s] Invoking command in 'C:\Users\coenc\Documents\GitHub\Infrastructuur\build\receive_node': c:\opt\ros\foxy\x64\Scripts\cmake.EXE C:\Users\coenc\Documents\GitHub\Infrastructuur\src\receive_node -DCMAKE_INSTALL_PREFIX=C:\Users\coenc\Documents\GitHub\Infrastructuur\install\receive_node
[0.406s] -- Selecting Windows SDK version 10.0.19041.0 to target Windows 10.0.22000.
[0.453s] -- Found ament_cmake: 0.9.9 (C:/opt/ros/foxy/x64/share/ament_cmake/cmake)
[0.547s] -- Using PYTHON_EXECUTABLE: C:/opt/ros/foxy/x64/python.exe
[1.218s] -- Found rclcpp: 2.4.0 (C:/opt/ros/foxy/x64/share/rclcpp/cmake)
[1.343s] -- Using all available rosidl_typesupport_c: rosidl_typesupport_fastrtps_c;rosidl_typesupport_introspection_c
[1.359s] -- Found rosidl_adapter: 1.2.1 (C:/opt/ros/foxy/x64/share/rosidl_adapter/cmake)
[2.468s] -- Using all available rosidl_typesupport_cpp: rosidl_typesupport_fastrtps_cpp;rosidl_typesupport_introspection_cpp
[2.640s] -- Found rmw_implementation_cmake: 1.0.3 (C:/opt/ros/foxy/x64/share/rmw_implementation_cmake/cmake)
[2.656s] -- Using RMW implementation 'rmw_fastrtps_cpp' as default
[3.172s] -- Configuring done
[3.672s] -- Generating done
[3.703s] -- Build files have been written to: C:/Users/coenc/Documents/GitHub/Infrastructuur/build/receive_node
[3.734s] Invoked command in 'C:\Users\coenc\Documents\GitHub\Infrastructuur\build\receive_node' returned '0': c:\opt\ros\foxy\x64\Scripts\cmake.EXE C:\Users\coenc\Documents\GitHub\Infrastructuur\src\receive_node -DCMAKE_INSTALL_PREFIX=C:\Users\coenc\Documents\GitHub\Infrastructuur\install\receive_node
[3.734s] Invoking command in 'C:\Users\coenc\Documents\GitHub\Infrastructuur\build\receive_node': CL=/MP c:\opt\ros\foxy\x64\Scripts\cmake.EXE --build C:\Users\coenc\Documents\GitHub\Infrastructuur\build\receive_node --config Release
[3.984s] Microsoft (R) Build Engine version 16.11.2+f32259642 for .NET Framework
[3.984s] Copyright (C) Microsoft Corporation. All rights reserved.
[3.984s] 
[4.718s]   main.cpp
[4.718s]   receive_node.cpp
[4.765s] C:\Users\coenc\Documents\GitHub\Infrastructuur\src\receive_node\src\receive_node.cpp(6,17): error C4430: missing type specifier - int assumed. Note: C++ does not support default-int [C:\Users\coenc\Documents\GitHub\Infrastructuur\build\receive_node\receive_node.vcxproj]
[4.765s] C:\Users\coenc\Documents\GitHub\Infrastructuur\src\receive_node\src\receive_node.cpp(6,17): error C2355: 'this': can only be referenced inside non-static member functions or non-static data member initializers [C:\Users\coenc\Documents\GitHub\Infrastructuur\build\receive_node\receive_node.vcxproj]
[4.765s] C:\Users\coenc\Documents\GitHub\Infrastructuur\src\receive_node\src\receive_node.cpp(6,43): error C2653: 'std_msgs': is not a class or namespace name [C:\Users\coenc\Documents\GitHub\Infrastructuur\build\receive_node\receive_node.vcxproj]
[4.781s] C:\Users\coenc\Documents\GitHub\Infrastructuur\src\receive_node\src\receive_node.cpp(6,58): error C2065: 'String': undeclared identifier [C:\Users\coenc\Documents\GitHub\Infrastructuur\build\receive_node\receive_node.vcxproj]
[4.781s] C:\Users\coenc\Documents\GitHub\Infrastructuur\src\receive_node\src\receive_node.cpp(7,19): error C2039: 'bind': is not a member of 'std' [C:\Users\coenc\Documents\GitHub\Infrastructuur\build\receive_node\receive_node.vcxproj]
[4.781s] predefined C++ types (compiler internal)(341): message : see declaration of 'std' [C:\Users\coenc\Documents\GitHub\Infrastructuur\build\receive_node\receive_node.vcxproj]
[4.781s] C:\Users\coenc\Documents\GitHub\Infrastructuur\src\receive_node\src\receive_node.cpp(7,25): error C2653: 'receive_node': is not a class or namespace name [C:\Users\coenc\Documents\GitHub\Infrastructuur\build\receive_node\receive_node.vcxproj]
[4.781s] C:\Users\coenc\Documents\GitHub\Infrastructuur\src\receive_node\src\receive_node.cpp(7,39): error C2065: 'topic_callback': undeclared identifier [C:\Users\coenc\Documents\GitHub\Infrastructuur\build\receive_node\receive_node.vcxproj]
[4.781s] C:\Users\coenc\Documents\GitHub\Infrastructuur\src\receive_node\src\receive_node.cpp(7,55): error C2355: 'this': can only be referenced inside non-static member functions or non-static data member initializers [C:\Users\coenc\Documents\GitHub\Infrastructuur\build\receive_node\receive_node.vcxproj]
[4.781s] C:\Users\coenc\Documents\GitHub\Infrastructuur\src\receive_node\src\receive_node.cpp(7,61): error C2065: '_1': undeclared identifier [C:\Users\coenc\Documents\GitHub\Infrastructuur\build\receive_node\receive_node.vcxproj]
[4.781s] C:\Users\coenc\Documents\GitHub\Infrastructuur\src\receive_node\src\receive_node.cpp(7,23): error C3861: 'bind': identifier not found [C:\Users\coenc\Documents\GitHub\Infrastructuur\build\receive_node\receive_node.vcxproj]
[4.781s] C:\Users\coenc\Documents\GitHub\Infrastructuur\src\receive_node\src\receive_node.cpp(8,1): error C2059: syntax error: '}' [C:\Users\coenc\Documents\GitHub\Infrastructuur\build\receive_node\receive_node.vcxproj]
[4.781s] C:\Users\coenc\Documents\GitHub\Infrastructuur\src\receive_node\src\receive_node.cpp(8,1): error C2143: syntax error: missing ';' before '}' [C:\Users\coenc\Documents\GitHub\Infrastructuur\build\receive_node\receive_node.vcxproj]
[4.781s] C:\Users\coenc\Documents\GitHub\Infrastructuur\src\receive_node\src\receive_node.cpp(11,6): error C2653: 'receive_node': is not a class or namespace name [C:\Users\coenc\Documents\GitHub\Infrastructuur\build\receive_node\receive_node.vcxproj]
[4.797s] C:\Users\coenc\Documents\GitHub\Infrastructuur\src\receive_node\src\receive_node.cpp(11,41): error C2653: 'std_msgs': is not a class or namespace name [C:\Users\coenc\Documents\GitHub\Infrastructuur\build\receive_node\receive_node.vcxproj]
[4.812s] C:\Users\coenc\Documents\GitHub\Infrastructuur\src\receive_node\src\receive_node.cpp(12,1): error C2143: syntax error: missing ';' before '{' [C:\Users\coenc\Documents\GitHub\Infrastructuur\build\receive_node\receive_node.vcxproj]
[4.812s] C:\Users\coenc\Documents\GitHub\Infrastructuur\src\receive_node\src\receive_node.cpp(12,1): error C2447: '{': missing function header (old-style formal list?) [C:\Users\coenc\Documents\GitHub\Infrastructuur\build\receive_node\receive_node.vcxproj]
[5.984s] C:\Users\coenc\Documents\GitHub\Infrastructuur\src\receive_node\src\main.cpp(5): fatal error C1075: '{': no matching token found [C:\Users\coenc\Documents\GitHub\Infrastructuur\build\receive_node\receive_node.vcxproj]
[6.093s] Invoked command in 'C:\Users\coenc\Documents\GitHub\Infrastructuur\build\receive_node' returned '1': CL=/MP c:\opt\ros\foxy\x64\Scripts\cmake.EXE --build C:\Users\coenc\Documents\GitHub\Infrastructuur\build\receive_node --config Release
